#
# There is insufficient memory for the Java Runtime Environment to continue.
# Native memory allocation (malloc) failed to allocate 32744 bytes for ChunkPool::allocate
# Possible reasons:
#   The system is out of physical RAM or swap space
#   The process is running with CompressedOops enabled, and the Java Heap may be blocking the growth of the native heap
# Possible solutions:
#   Reduce memory load on the system
#   Increase physical memory or swap space
#   Check if swap backing store is full
#   Decrease Java heap size (-Xmx/-Xms)
#   Decrease number of Java threads
#   Decrease Java thread stack sizes (-Xss)
#   Set larger code cache with -XX:ReservedCodeCacheSize=
#   JVM is running with Zero Based Compressed Oops mode in which the Java heap is
#     placed in the first 32GB address space. The Java Heap base address is the
#     maximum limit for the native heap growth. Please use -XX:HeapBaseMinAddress
#     to set the Java Heap base and to place the Java Heap above 32GB virtual address.
# This output file may be truncated or incomplete.
#
#  Out of Memory Error (./open/src/hotspot/share/memory/arena.cpp:81), pid=1384, tid=42164
#
# JRE version: Java(TM) SE Runtime Environment 18.9 (11.0.12+8) (build 11.0.12+8-LTS-237)
# Java VM: Java HotSpot(TM) 64-Bit Server VM 18.9 (11.0.12+8-LTS-237, mixed mode, tiered, compressed oops, g1 gc, windows-amd64)
# No core dump will be written. Minidumps are not enabled by default on client versions of Windows
#

---------------  S U M M A R Y ------------

Command Line: -Dfile.encoding=windows-1252 -Duser.country=US -Duser.language=en -Duser.variant com.micropay.webcash.WebcashApiApplication

Host: Intel(R) Core(TM) i7-10510U CPU @ 1.80GHz, 8 cores, 15G,  Windows 10 , 64 bit Build 19041 (10.0.19041.1466)
Time: Wed Jan 26 10:49:48 2022 E. Africa Standard Time elapsed time: 243.863506 seconds (0d 0h 4m 3s)

---------------  T H R E A D  ---------------

Current thread (0x0000021226b3c000):  JavaThread "C2 CompilerThread0" daemon [_thread_in_native, id=42164, stack(0x0000008895600000,0x0000008895700000)]


Current CompileTask:
C2: 243871 7991       4       org.springframework.core.annotation.AnnotationsScanner::process (43 bytes)

Stack: [0x0000008895600000,0x0000008895700000]
Native frames: (J=compiled Java code, j=interpreted, Vv=VM code, C=native code)
V  [jvm.dll+0x617d9a]
V  [jvm.dll+0x74eeef]
V  [jvm.dll+0x750599]
V  [jvm.dll+0x750c23]
V  [jvm.dll+0x2438d8]
V  [jvm.dll+0xba93b]
V  [jvm.dll+0xbac9c]
V  [jvm.dll+0x5f935d]
V  [jvm.dll+0x827db]
V  [jvm.dll+0x5f69fe]
V  [jvm.dll+0x630700]
V  [jvm.dll+0x634521]
V  [jvm.dll+0x62c2ff]
V  [jvm.dll+0x62b93b]
V  [jvm.dll+0x6297ee]
V  [jvm.dll+0x181a2c]
V  [jvm.dll+0x2b3596]
V  [jvm.dll+0x634548]
V  [jvm.dll+0x62c2ff]
V  [jvm.dll+0x62b93b]
V  [jvm.dll+0x6297ee]
V  [jvm.dll+0x181a2c]
V  [jvm.dll+0x2b3596]
V  [jvm.dll+0x634548]
V  [jvm.dll+0x62c2ff]
V  [jvm.dll+0x62b93b]
V  [jvm.dll+0x6297ee]
V  [jvm.dll+0x181a2c]
V  [jvm.dll+0x2b3596]
V  [jvm.dll+0x634548]
V  [jvm.dll+0x62c2ff]
V  [jvm.dll+0x62b93b]
V  [jvm.dll+0x6297ee]
V  [jvm.dll+0x181a2c]
V  [jvm.dll+0x1825b9]
V  [jvm.dll+0x1824fe]
V  [jvm.dll+0x2b3596]
V  [jvm.dll+0x634548]
V  [jvm.dll+0x62c2ff]
V  [jvm.dll+0x62b93b]
V  [jvm.dll+0x6297ee]
V  [jvm.dll+0x181a2c]
V  [jvm.dll+0x2b3596]
V  [jvm.dll+0x634548]
V  [jvm.dll+0x62c2ff]
V  [jvm.dll+0x62b93b]
V  [jvm.dll+0x6297ee]
V  [jvm.dll+0x181a2c]
V  [jvm.dll+0x2b3596]
V  [jvm.dll+0x634548]
V  [jvm.dll+0x62c2ff]
V  [jvm.dll+0x62b93b]
V  [jvm.dll+0x6297ee]
V  [jvm.dll+0x181a2c]
V  [jvm.dll+0x2b3596]
V  [jvm.dll+0x634548]
V  [jvm.dll+0x62c2ff]
V  [jvm.dll+0x62b93b]
V  [jvm.dll+0x6297ee]
V  [jvm.dll+0x181a2c]
V  [jvm.dll+0x2b3596]
V  [jvm.dll+0x634548]
V  [jvm.dll+0x62c2ff]
V  [jvm.dll+0x62b93b]
V  [jvm.dll+0x6297ee]
V  [jvm.dll+0x181a2c]
V  [jvm.dll+0x1fbf73]
V  [jvm.dll+0x17f18c]
V  [jvm.dll+0x20b87c]
V  [jvm.dll+0x20997b]
V  [jvm.dll+0x716359]
V  [jvm.dll+0x70f064]
V  [jvm.dll+0x616f66]
C  [ucrtbase.dll+0x21bb2]
C  [KERNEL32.DLL+0x17034]
C  [ntdll.dll+0x52651]


---------------  P R O C E S S  ---------------

Threads class SMR info:
_java_thread_list=0x000002122b555db0, length=22, elements={
0x0000021226227000, 0x0000021226230800, 0x0000021226b34800, 0x0000021226b36800,
0x0000021226b38800, 0x0000021226b3c000, 0x0000021226b3d000, 0x0000021226b3e800,
0x0000021226cf9800, 0x0000021228d11800, 0x0000021228d16000, 0x0000021228d13000,
0x0000021228d17000, 0x0000021228d14800, 0x0000021228d18000, 0x0000021228d12000,
0x000002122b244000, 0x000002122b23f000, 0x000002122b243000, 0x000002122b241800,
0x000002122b242800, 0x000002122b240800
}

Java Threads: ( => current thread )
  0x0000021226227000 JavaThread "Reference Handler" daemon [_thread_blocked, id=18376, stack(0x0000008895100000,0x0000008895200000)]
  0x0000021226230800 JavaThread "Finalizer" daemon [_thread_blocked, id=15880, stack(0x0000008895200000,0x0000008895300000)]
  0x0000021226b34800 JavaThread "Signal Dispatcher" daemon [_thread_blocked, id=22692, stack(0x0000008895300000,0x0000008895400000)]
  0x0000021226b36800 JavaThread "Attach Listener" daemon [_thread_blocked, id=36800, stack(0x0000008895400000,0x0000008895500000)]
  0x0000021226b38800 JavaThread "Service Thread" daemon [_thread_blocked, id=2796, stack(0x0000008895500000,0x0000008895600000)]
=>0x0000021226b3c000 JavaThread "C2 CompilerThread0" daemon [_thread_in_native, id=42164, stack(0x0000008895600000,0x0000008895700000)]
  0x0000021226b3d000 JavaThread "C1 CompilerThread0" daemon [_thread_blocked, id=48692, stack(0x0000008895700000,0x0000008895800000)]
  0x0000021226b3e800 JavaThread "Sweeper thread" daemon [_thread_blocked, id=10348, stack(0x0000008895800000,0x0000008895900000)]
  0x0000021226cf9800 JavaThread "Common-Cleaner" daemon [_thread_blocked, id=17240, stack(0x0000008895a00000,0x0000008895b00000)]
  0x0000021228d11800 JavaThread "Catalina-utility-1" [_thread_blocked, id=36232, stack(0x0000008896400000,0x0000008896500000)]
  0x0000021228d16000 JavaThread "Catalina-utility-2" [_thread_blocked, id=47972, stack(0x0000008896800000,0x0000008896900000)]
  0x0000021228d13000 JavaThread "container-0" [_thread_blocked, id=34948, stack(0x0000008896900000,0x0000008896a00000)]
  0x0000021228d17000 JavaThread "Timer-0" daemon [_thread_blocked, id=34516, stack(0x0000008896a00000,0x0000008896b00000)]
  0x0000021228d14800 JavaThread "Live Reload Server" daemon [_thread_in_native, id=43044, stack(0x0000008896c00000,0x0000008896d00000)]
  0x0000021228d18000 JavaThread "PostgreSQL-JDBC-SharedTimer-1" daemon [_thread_blocked, id=11552, stack(0x0000008896b00000,0x0000008896c00000)]
  0x0000021228d12000 JavaThread "HikariPool-1 housekeeper" daemon [_thread_blocked, id=32312, stack(0x0000008896d00000,0x0000008896e00000)]
  0x000002122b244000 JavaThread "File Watcher" daemon [_thread_blocked, id=47392, stack(0x0000008896f00000,0x0000008897000000)]
  0x000002122b23f000 JavaThread "http-nio-9000-Poller" daemon [_thread_in_native, id=47420, stack(0x0000008897000000,0x0000008897100000)]
  0x000002122b243000 JavaThread "http-nio-9000-Acceptor" daemon [_thread_in_native, id=10584, stack(0x0000008897100000,0x0000008897200000)]
  0x000002122b241800 JavaThread "DestroyJavaVM" [_thread_blocked, id=40368, stack(0x0000008894a00000,0x0000008894b00000)]
  0x000002122b242800 JavaThread "http-nio-9000-exec-1" daemon [_thread_blocked, id=28612, stack(0x0000008894700000,0x0000008894800000)]
  0x000002122b240800 JavaThread "http-nio-9000-exec-2" daemon [_thread_in_vm, id=21992, stack(0x0000008894800000,0x0000008894900000)]

Other Threads:
  0x0000021226225800 VMThread "VM Thread" [stack: 0x0000008895000000,0x0000008895100000] [id=20772]
  0x0000021226cff000 WatcherThread [stack: 0x0000008895900000,0x0000008895a00000] [id=46164]
  0x000002120285e000 GCTaskThread "GC Thread#0" [stack: 0x0000008894b00000,0x0000008894c00000] [id=4856]
  0x0000021227e4a000 GCTaskThread "GC Thread#1" [stack: 0x0000008895d00000,0x0000008895e00000] [id=44172]
  0x0000021227f05000 GCTaskThread "GC Thread#2" [stack: 0x0000008895e00000,0x0000008895f00000] [id=43848]
  0x0000021227f8e000 GCTaskThread "GC Thread#3" [stack: 0x0000008895f00000,0x0000008896000000] [id=39304]
  0x00000212286b3000 GCTaskThread "GC Thread#4" [stack: 0x0000008896000000,0x0000008896100000] [id=24420]
  0x0000021227e5c800 GCTaskThread "GC Thread#5" [stack: 0x0000008896100000,0x0000008896200000] [id=18772]
  0x0000021228062800 GCTaskThread "GC Thread#6" [stack: 0x0000008896500000,0x0000008896600000] [id=18216]
  0x0000021228063000 GCTaskThread "GC Thread#7" [stack: 0x0000008896600000,0x0000008896700000] [id=16736]
  0x00000212028bb000 ConcurrentGCThread "G1 Main Marker" [stack: 0x0000008894c00000,0x0000008894d00000] [id=47756]
  0x00000212028bd800 ConcurrentGCThread "G1 Conc#0" [stack: 0x0000008894d00000,0x0000008894e00000] [id=47116]
  0x00000212282a4000 ConcurrentGCThread "G1 Conc#1" [stack: 0x0000008896700000,0x0000008896800000] [id=30532]
  0x000002122610e800 ConcurrentGCThread "G1 Refine#0" [stack: 0x0000008894e00000,0x0000008894f00000] [id=34716]
  0x000002122610f800 ConcurrentGCThread "G1 Young RemSet Sampling" [stack: 0x0000008894f00000,0x0000008895000000] [id=44332]

Threads with active compile tasks:
C2 CompilerThread0 244243 7991       4       org.springframework.core.annotation.AnnotationsScanner::process (43 bytes)

VM state:not at safepoint (normal execution)

VM Mutex/Monitor currently owned by a thread: None

Heap address: 0x0000000702800000, size: 4056 MB, Compressed Oops mode: Zero based, Oop shift amount: 3
Narrow klass base: 0x0000000800000000, Narrow klass shift: 0
Compressed class space size: 1073741824 Address: 0x0000000800000000

Heap:
 garbage-first heap   total 312320K, used 76945K [0x0000000702800000, 0x0000000800000000)
  region size 1024K, 61 young (62464K), 18 survivors (18432K)
 Metaspace       used 74646K, capacity 77118K, committed 77184K, reserved 1116160K
  class space    used 9454K, capacity 10422K, committed 10444K, reserved 1048576K
Heap Regions: E=young(eden), S=young(survivor), O=old, HS=humongous(starts), HC=humongous(continues), CS=collection set, F=free, A=archive, TAMS=top-at-mark-start (previous, next)
|   0|0x0000000702800000, 0x0000000702900000, 0x0000000702900000|100%|HS|  |TAMS 0x0000000702900000, 0x0000000702800000| Complete 
|   1|0x0000000702900000, 0x0000000702a00000, 0x0000000702a00000|100%| O|  |TAMS 0x0000000702a00000, 0x0000000702900000| Untracked 
|   2|0x0000000702a00000, 0x0000000702b00000, 0x0000000702b00000|100%| O|  |TAMS 0x0000000702b00000, 0x0000000702a00000| Untracked 
|   3|0x0000000702b00000, 0x0000000702c00000, 0x0000000702c00000|100%| O|  |TAMS 0x0000000702c00000, 0x0000000702b00000| Untracked 
|   4|0x0000000702c00000, 0x0000000702d00000, 0x0000000702d00000|100%| O|  |TAMS 0x0000000702d00000, 0x0000000702c00000| Untracked 
|   5|0x0000000702d00000, 0x0000000702e00000, 0x0000000702e00000|100%| O|  |TAMS 0x0000000702e00000, 0x0000000702d00000| Untracked 
|   6|0x0000000702e00000, 0x0000000702f00000, 0x0000000702f00000|100%| O|  |TAMS 0x0000000702f00000, 0x0000000702e00000| Untracked 
|   7|0x0000000702f00000, 0x0000000703000000, 0x0000000703000000|100%| O|  |TAMS 0x0000000703000000, 0x0000000702f00000| Untracked 
|   8|0x0000000703000000, 0x0000000703100000, 0x0000000703100000|100%| O|  |TAMS 0x0000000703100000, 0x0000000703000000| Untracked 
|   9|0x0000000703100000, 0x0000000703200000, 0x0000000703200000|100%| O|  |TAMS 0x0000000703200000, 0x0000000703100000| Untracked 
|  10|0x0000000703200000, 0x0000000703300000, 0x0000000703300000|100%| O|  |TAMS 0x0000000703300000, 0x0000000703200000| Untracked 
|  11|0x0000000703300000, 0x0000000703400000, 0x0000000703400000|100%| O|  |TAMS 0x0000000703400000, 0x0000000703300000| Untracked 
|  12|0x0000000703400000, 0x0000000703500000, 0x0000000703500000|100%| O|  |TAMS 0x0000000703500000, 0x0000000703400000| Untracked 
|  13|0x0000000703500000, 0x0000000703600000, 0x0000000703600000|100%| O|  |TAMS 0x0000000703600000, 0x0000000703500000| Untracked 
|  14|0x0000000703600000, 0x0000000703700000, 0x0000000703700000|100%| O|  |TAMS 0x0000000703700000, 0x0000000703600000| Untracked 
|  15|0x0000000703700000, 0x00000007037ba400, 0x0000000703800000| 72%| O|  |TAMS 0x00000007037ba400, 0x0000000703700000| Untracked 
|  16|0x0000000703800000, 0x0000000703800000, 0x0000000703900000|  0%| F|  |TAMS 0x0000000703800000, 0x0000000703800000| Untracked 
|  17|0x0000000703900000, 0x0000000703900000, 0x0000000703a00000|  0%| F|  |TAMS 0x0000000703900000, 0x0000000703900000| Untracked 
|  18|0x0000000703a00000, 0x0000000703a00000, 0x0000000703b00000|  0%| F|  |TAMS 0x0000000703a00000, 0x0000000703a00000| Untracked 
|  19|0x0000000703b00000, 0x0000000703b00000, 0x0000000703c00000|  0%| F|  |TAMS 0x0000000703b00000, 0x0000000703b00000| Untracked 
|  20|0x0000000703c00000, 0x0000000703c00000, 0x0000000703d00000|  0%| F|  |TAMS 0x0000000703c00000, 0x0000000703c00000| Untracked 
|  21|0x0000000703d00000, 0x0000000703d00000, 0x0000000703e00000|  0%| F|  |TAMS 0x0000000703d00000, 0x0000000703d00000| Untracked 
|  22|0x0000000703e00000, 0x0000000703e00000, 0x0000000703f00000|  0%| F|  |TAMS 0x0000000703e00000, 0x0000000703e00000| Untracked 
|  23|0x0000000703f00000, 0x0000000703f00000, 0x0000000704000000|  0%| F|  |TAMS 0x0000000703f00000, 0x0000000703f00000| Untracked 
|  24|0x0000000704000000, 0x0000000704000000, 0x0000000704100000|  0%| F|  |TAMS 0x0000000704000000, 0x0000000704000000| Untracked 
|  25|0x0000000704100000, 0x0000000704100000, 0x0000000704200000|  0%| F|  |TAMS 0x0000000704100000, 0x0000000704100000| Untracked 
|  26|0x0000000704200000, 0x0000000704200000, 0x0000000704300000|  0%| F|  |TAMS 0x0000000704200000, 0x0000000704200000| Untracked 
|  27|0x0000000704300000, 0x0000000704300000, 0x0000000704400000|  0%| F|  |TAMS 0x0000000704300000, 0x0000000704300000| Untracked 
|  28|0x0000000704400000, 0x0000000704400000, 0x0000000704500000|  0%| F|  |TAMS 0x0000000704400000, 0x0000000704400000| Untracked 
|  29|0x0000000704500000, 0x0000000704500000, 0x0000000704600000|  0%| F|  |TAMS 0x0000000704500000, 0x0000000704500000| Untracked 
|  30|0x0000000704600000, 0x0000000704600000, 0x0000000704700000|  0%| F|  |TAMS 0x0000000704600000, 0x0000000704600000| Untracked 
|  31|0x0000000704700000, 0x0000000704700000, 0x0000000704800000|  0%| F|  |TAMS 0x0000000704700000, 0x0000000704700000| Untracked 
|  32|0x0000000704800000, 0x0000000704800000, 0x0000000704900000|  0%| F|  |TAMS 0x0000000704800000, 0x0000000704800000| Untracked 
|  33|0x0000000704900000, 0x0000000704900000, 0x0000000704a00000|  0%| F|  |TAMS 0x0000000704900000, 0x0000000704900000| Untracked 
|  34|0x0000000704a00000, 0x0000000704a00000, 0x0000000704b00000|  0%| F|  |TAMS 0x0000000704a00000, 0x0000000704a00000| Untracked 
|  35|0x0000000704b00000, 0x0000000704b00000, 0x0000000704c00000|  0%| F|  |TAMS 0x0000000704b00000, 0x0000000704b00000| Untracked 
|  36|0x0000000704c00000, 0x0000000704c00000, 0x0000000704d00000|  0%| F|  |TAMS 0x0000000704c00000, 0x0000000704c00000| Untracked 
|  37|0x0000000704d00000, 0x0000000704d00000, 0x0000000704e00000|  0%| F|  |TAMS 0x0000000704d00000, 0x0000000704d00000| Untracked 
|  38|0x0000000704e00000, 0x0000000704e00000, 0x0000000704f00000|  0%| F|  |TAMS 0x0000000704e00000, 0x0000000704e00000| Untracked 
|  39|0x0000000704f00000, 0x0000000704f00000, 0x0000000705000000|  0%| F|  |TAMS 0x0000000704f00000, 0x0000000704f00000| Untracked 
|  40|0x0000000705000000, 0x0000000705000000, 0x0000000705100000|  0%| F|  |TAMS 0x0000000705000000, 0x0000000705000000| Untracked 
|  41|0x0000000705100000, 0x0000000705100000, 0x0000000705200000|  0%| F|  |TAMS 0x0000000705100000, 0x0000000705100000| Untracked 
|  42|0x0000000705200000, 0x0000000705200000, 0x0000000705300000|  0%| F|  |TAMS 0x0000000705200000, 0x0000000705200000| Untracked 
|  43|0x0000000705300000, 0x0000000705300000, 0x0000000705400000|  0%| F|  |TAMS 0x0000000705300000, 0x0000000705300000| Untracked 
|  44|0x0000000705400000, 0x0000000705400000, 0x0000000705500000|  0%| F|  |TAMS 0x0000000705400000, 0x0000000705400000| Untracked 
|  45|0x0000000705500000, 0x0000000705500000, 0x0000000705600000|  0%| F|  |TAMS 0x0000000705500000, 0x0000000705500000| Untracked 
|  46|0x0000000705600000, 0x0000000705600000, 0x0000000705700000|  0%| F|  |TAMS 0x0000000705600000, 0x0000000705600000| Untracked 
|  47|0x0000000705700000, 0x0000000705700000, 0x0000000705800000|  0%| F|  |TAMS 0x0000000705700000, 0x0000000705700000| Untracked 
|  48|0x0000000705800000, 0x0000000705800000, 0x0000000705900000|  0%| F|  |TAMS 0x0000000705800000, 0x0000000705800000| Untracked 
|  49|0x0000000705900000, 0x0000000705900000, 0x0000000705a00000|  0%| F|  |TAMS 0x0000000705900000, 0x0000000705900000| Untracked 
|  50|0x0000000705a00000, 0x0000000705a00000, 0x0000000705b00000|  0%| F|  |TAMS 0x0000000705a00000, 0x0000000705a00000| Untracked 
|  51|0x0000000705b00000, 0x0000000705b00000, 0x0000000705c00000|  0%| F|  |TAMS 0x0000000705b00000, 0x0000000705b00000| Untracked 
|  52|0x0000000705c00000, 0x0000000705c00000, 0x0000000705d00000|  0%| F|  |TAMS 0x0000000705c00000, 0x0000000705c00000| Untracked 
|  53|0x0000000705d00000, 0x0000000705d00000, 0x0000000705e00000|  0%| F|  |TAMS 0x0000000705d00000, 0x0000000705d00000| Untracked 
|  54|0x0000000705e00000, 0x0000000705e00000, 0x0000000705f00000|  0%| F|  |TAMS 0x0000000705e00000, 0x0000000705e00000| Untracked 
|  55|0x0000000705f00000, 0x0000000705f00000, 0x0000000706000000|  0%| F|  |TAMS 0x0000000705f00000, 0x0000000705f00000| Untracked 
|  56|0x0000000706000000, 0x0000000706000000, 0x0000000706100000|  0%| F|  |TAMS 0x0000000706000000, 0x0000000706000000| Untracked 
|  57|0x0000000706100000, 0x0000000706100000, 0x0000000706200000|  0%| F|  |TAMS 0x0000000706100000, 0x0000000706100000| Untracked 
|  58|0x0000000706200000, 0x0000000706200000, 0x0000000706300000|  0%| F|  |TAMS 0x0000000706200000, 0x0000000706200000| Untracked 
|  59|0x0000000706300000, 0x0000000706300000, 0x0000000706400000|  0%| F|  |TAMS 0x0000000706300000, 0x0000000706300000| Untracked 
|  60|0x0000000706400000, 0x0000000706400000, 0x0000000706500000|  0%| F|  |TAMS 0x0000000706400000, 0x0000000706400000| Untracked 
|  61|0x0000000706500000, 0x0000000706500000, 0x0000000706600000|  0%| F|  |TAMS 0x0000000706500000, 0x0000000706500000| Untracked 
|  62|0x0000000706600000, 0x0000000706600000, 0x0000000706700000|  0%| F|  |TAMS 0x0000000706600000, 0x0000000706600000| Untracked 
|  63|0x0000000706700000, 0x0000000706700000, 0x0000000706800000|  0%| F|  |TAMS 0x0000000706700000, 0x0000000706700000| Untracked 
|  64|0x0000000706800000, 0x0000000706800000, 0x0000000706900000|  0%| F|  |TAMS 0x0000000706800000, 0x0000000706800000| Untracked 
|  65|0x0000000706900000, 0x0000000706900000, 0x0000000706a00000|  0%| F|  |TAMS 0x0000000706900000, 0x0000000706900000| Untracked 
|  66|0x0000000706a00000, 0x0000000706a00000, 0x0000000706b00000|  0%| F|  |TAMS 0x0000000706a00000, 0x0000000706a00000| Untracked 
|  67|0x0000000706b00000, 0x0000000706b00000, 0x0000000706c00000|  0%| F|  |TAMS 0x0000000706b00000, 0x0000000706b00000| Untracked 
|  68|0x0000000706c00000, 0x0000000706c00000, 0x0000000706d00000|  0%| F|  |TAMS 0x0000000706c00000, 0x0000000706c00000| Untracked 
|  69|0x0000000706d00000, 0x0000000706d00000, 0x0000000706e00000|  0%| F|  |TAMS 0x0000000706d00000, 0x0000000706d00000| Untracked 
|  70|0x0000000706e00000, 0x0000000706e00000, 0x0000000706f00000|  0%| F|  |TAMS 0x0000000706e00000, 0x0000000706e00000| Untracked 
|  71|0x0000000706f00000, 0x0000000706f00000, 0x0000000707000000|  0%| F|  |TAMS 0x0000000706f00000, 0x0000000706f00000| Untracked 
|  72|0x0000000707000000, 0x0000000707000000, 0x0000000707100000|  0%| F|  |TAMS 0x0000000707000000, 0x0000000707000000| Untracked 
|  73|0x0000000707100000, 0x0000000707100000, 0x0000000707200000|  0%| F|  |TAMS 0x0000000707100000, 0x0000000707100000| Untracked 
|  74|0x0000000707200000, 0x0000000707200000, 0x0000000707300000|  0%| F|  |TAMS 0x0000000707200000, 0x0000000707200000| Untracked 
|  75|0x0000000707300000, 0x0000000707300000, 0x0000000707400000|  0%| F|  |TAMS 0x0000000707300000, 0x0000000707300000| Untracked 
|  76|0x0000000707400000, 0x0000000707400000, 0x0000000707500000|  0%| F|  |TAMS 0x0000000707400000, 0x0000000707400000| Untracked 
|  77|0x0000000707500000, 0x0000000707500000, 0x0000000707600000|  0%| F|  |TAMS 0x0000000707500000, 0x0000000707500000| Untracked 
|  78|0x0000000707600000, 0x0000000707600000, 0x0000000707700000|  0%| F|  |TAMS 0x0000000707600000, 0x0000000707600000| Untracked 
|  79|0x0000000707700000, 0x0000000707700000, 0x0000000707800000|  0%| F|  |TAMS 0x0000000707700000, 0x0000000707700000| Untracked 
|  80|0x0000000707800000, 0x0000000707800000, 0x0000000707900000|  0%| F|  |TAMS 0x0000000707800000, 0x0000000707800000| Untracked 
|  81|0x0000000707900000, 0x0000000707900000, 0x0000000707a00000|  0%| F|  |TAMS 0x0000000707900000, 0x0000000707900000| Untracked 
|  82|0x0000000707a00000, 0x0000000707a00000, 0x0000000707b00000|  0%| F|  |TAMS 0x0000000707a00000, 0x0000000707a00000| Untracked 
|  83|0x0000000707b00000, 0x0000000707b00000, 0x0000000707c00000|  0%| F|  |TAMS 0x0000000707b00000, 0x0000000707b00000| Untracked 
|  84|0x0000000707c00000, 0x0000000707c6a040, 0x0000000707d00000| 41%| S|CS|TAMS 0x0000000707c00000, 0x0000000707c00000| Complete 
|  85|0x0000000707d00000, 0x0000000707e00000, 0x0000000707e00000|100%| S|CS|TAMS 0x0000000707d00000, 0x0000000707d00000| Complete 
|  86|0x0000000707e00000, 0x0000000707f00000, 0x0000000707f00000|100%| S|CS|TAMS 0x0000000707e00000, 0x0000000707e00000| Complete 
|  87|0x0000000707f00000, 0x0000000708000000, 0x0000000708000000|100%| S|CS|TAMS 0x0000000707f00000, 0x0000000707f00000| Complete 
|  88|0x0000000708000000, 0x0000000708100000, 0x0000000708100000|100%| S|CS|TAMS 0x0000000708000000, 0x0000000708000000| Complete 
|  89|0x0000000708100000, 0x0000000708200000, 0x0000000708200000|100%| S|CS|TAMS 0x0000000708100000, 0x0000000708100000| Complete 
|  90|0x0000000708200000, 0x0000000708300000, 0x0000000708300000|100%| S|CS|TAMS 0x0000000708200000, 0x0000000708200000| Complete 
|  91|0x0000000708300000, 0x0000000708400000, 0x0000000708400000|100%| S|CS|TAMS 0x0000000708300000, 0x0000000708300000| Complete 
|  92|0x0000000708400000, 0x0000000708500000, 0x0000000708500000|100%| S|CS|TAMS 0x0000000708400000, 0x0000000708400000| Complete 
|  93|0x0000000708500000, 0x0000000708600000, 0x0000000708600000|100%| S|CS|TAMS 0x0000000708500000, 0x0000000708500000| Complete 
|  94|0x0000000708600000, 0x0000000708700000, 0x0000000708700000|100%| S|CS|TAMS 0x0000000708600000, 0x0000000708600000| Complete 
|  95|0x0000000708700000, 0x0000000708800000, 0x0000000708800000|100%| S|CS|TAMS 0x0000000708700000, 0x0000000708700000| Complete 
|  96|0x0000000708800000, 0x0000000708900000, 0x0000000708900000|100%| S|CS|TAMS 0x0000000708800000, 0x0000000708800000| Complete 
|  97|0x0000000708900000, 0x0000000708a00000, 0x0000000708a00000|100%| S|CS|TAMS 0x0000000708900000, 0x0000000708900000| Complete 
|  98|0x0000000708a00000, 0x0000000708b00000, 0x0000000708b00000|100%| S|CS|TAMS 0x0000000708a00000, 0x0000000708a00000| Complete 
|  99|0x0000000708b00000, 0x0000000708c00000, 0x0000000708c00000|100%| S|CS|TAMS 0x0000000708b00000, 0x0000000708b00000| Complete 
| 100|0x0000000708c00000, 0x0000000708d00000, 0x0000000708d00000|100%| S|CS|TAMS 0x0000000708c00000, 0x0000000708c00000| Complete 
| 101|0x0000000708d00000, 0x0000000708e00000, 0x0000000708e00000|100%| S|CS|TAMS 0x0000000708d00000, 0x0000000708d00000| Complete 
| 102|0x0000000708e00000, 0x0000000708e00000, 0x0000000708f00000|  0%| F|  |TAMS 0x0000000708e00000, 0x0000000708e00000| Untracked 
| 103|0x0000000708f00000, 0x0000000708f00000, 0x0000000709000000|  0%| F|  |TAMS 0x0000000708f00000, 0x0000000708f00000| Untracked 
| 104|0x0000000709000000, 0x0000000709000000, 0x0000000709100000|  0%| F|  |TAMS 0x0000000709000000, 0x0000000709000000| Untracked 
| 105|0x0000000709100000, 0x0000000709100000, 0x0000000709200000|  0%| F|  |TAMS 0x0000000709100000, 0x0000000709100000| Untracked 
| 106|0x0000000709200000, 0x0000000709200000, 0x0000000709300000|  0%| F|  |TAMS 0x0000000709200000, 0x0000000709200000| Untracked 
| 107|0x0000000709300000, 0x0000000709300000, 0x0000000709400000|  0%| F|  |TAMS 0x0000000709300000, 0x0000000709300000| Untracked 
| 108|0x0000000709400000, 0x0000000709400000, 0x0000000709500000|  0%| F|  |TAMS 0x0000000709400000, 0x0000000709400000| Untracked 
| 109|0x0000000709500000, 0x0000000709500000, 0x0000000709600000|  0%| F|  |TAMS 0x0000000709500000, 0x0000000709500000| Untracked 
| 110|0x0000000709600000, 0x0000000709600000, 0x0000000709700000|  0%| F|  |TAMS 0x0000000709600000, 0x0000000709600000| Untracked 
| 111|0x0000000709700000, 0x0000000709700000, 0x0000000709800000|  0%| F|  |TAMS 0x0000000709700000, 0x0000000709700000| Untracked 
| 112|0x0000000709800000, 0x0000000709800000, 0x0000000709900000|  0%| F|  |TAMS 0x0000000709800000, 0x0000000709800000| Untracked 
| 113|0x0000000709900000, 0x0000000709900000, 0x0000000709a00000|  0%| F|  |TAMS 0x0000000709900000, 0x0000000709900000| Untracked 
| 114|0x0000000709a00000, 0x0000000709a00000, 0x0000000709b00000|  0%| F|  |TAMS 0x0000000709a00000, 0x0000000709a00000| Untracked 
| 115|0x0000000709b00000, 0x0000000709b00000, 0x0000000709c00000|  0%| F|  |TAMS 0x0000000709b00000, 0x0000000709b00000| Untracked 
| 116|0x0000000709c00000, 0x0000000709c00000, 0x0000000709d00000|  0%| F|  |TAMS 0x0000000709c00000, 0x0000000709c00000| Untracked 
| 117|0x0000000709d00000, 0x0000000709d00000, 0x0000000709e00000|  0%| F|  |TAMS 0x0000000709d00000, 0x0000000709d00000| Untracked 
| 118|0x0000000709e00000, 0x0000000709e00000, 0x0000000709f00000|  0%| F|  |TAMS 0x0000000709e00000, 0x0000000709e00000| Untracked 
| 119|0x0000000709f00000, 0x0000000709f00000, 0x000000070a000000|  0%| F|  |TAMS 0x0000000709f00000, 0x0000000709f00000| Untracked 
| 120|0x000000070a000000, 0x000000070a000000, 0x000000070a100000|  0%| F|  |TAMS 0x000000070a000000, 0x000000070a000000| Untracked 
| 121|0x000000070a100000, 0x000000070a100000, 0x000000070a200000|  0%| F|  |TAMS 0x000000070a100000, 0x000000070a100000| Untracked 
| 122|0x000000070a200000, 0x000000070a200000, 0x000000070a300000|  0%| F|  |TAMS 0x000000070a200000, 0x000000070a200000| Untracked 
| 123|0x000000070a300000, 0x000000070a300000, 0x000000070a400000|  0%| F|  |TAMS 0x000000070a300000, 0x000000070a300000| Untracked 
| 124|0x000000070a400000, 0x000000070a400000, 0x000000070a500000|  0%| F|  |TAMS 0x000000070a400000, 0x000000070a400000| Untracked 
| 125|0x000000070a500000, 0x000000070a500000, 0x000000070a600000|  0%| F|  |TAMS 0x000000070a500000, 0x000000070a500000| Untracked 
| 126|0x000000070a600000, 0x000000070a600000, 0x000000070a700000|  0%| F|  |TAMS 0x000000070a600000, 0x000000070a600000| Untracked 
| 127|0x000000070a700000, 0x000000070a700000, 0x000000070a800000|  0%| F|  |TAMS 0x000000070a700000, 0x000000070a700000| Untracked 
| 128|0x000000070a800000, 0x000000070a800000, 0x000000070a900000|  0%| F|  |TAMS 0x000000070a800000, 0x000000070a800000| Untracked 
| 129|0x000000070a900000, 0x000000070a900000, 0x000000070aa00000|  0%| F|  |TAMS 0x000000070a900000, 0x000000070a900000| Untracked 
| 130|0x000000070aa00000, 0x000000070aa00000, 0x000000070ab00000|  0%| F|  |TAMS 0x000000070aa00000, 0x000000070aa00000| Untracked 
| 131|0x000000070ab00000, 0x000000070ab00000, 0x000000070ac00000|  0%| F|  |TAMS 0x000000070ab00000, 0x000000070ab00000| Untracked 
| 132|0x000000070ac00000, 0x000000070ac00000, 0x000000070ad00000|  0%| F|  |TAMS 0x000000070ac00000, 0x000000070ac00000| Untracked 
| 133|0x000000070ad00000, 0x000000070ad00000, 0x000000070ae00000|  0%| F|  |TAMS 0x000000070ad00000, 0x000000070ad00000| Untracked 
| 134|0x000000070ae00000, 0x000000070ae00000, 0x000000070af00000|  0%| F|  |TAMS 0x000000070ae00000, 0x000000070ae00000| Untracked 
| 135|0x000000070af00000, 0x000000070af00000, 0x000000070b000000|  0%| F|  |TAMS 0x000000070af00000, 0x000000070af00000| Untracked 
| 136|0x000000070b000000, 0x000000070b000000, 0x000000070b100000|  0%| F|  |TAMS 0x000000070b000000, 0x000000070b000000| Untracked 
| 137|0x000000070b100000, 0x000000070b100000, 0x000000070b200000|  0%| F|  |TAMS 0x000000070b100000, 0x000000070b100000| Untracked 
| 138|0x000000070b200000, 0x000000070b200000, 0x000000070b300000|  0%| F|  |TAMS 0x000000070b200000, 0x000000070b200000| Untracked 
| 139|0x000000070b300000, 0x000000070b300000, 0x000000070b400000|  0%| F|  |TAMS 0x000000070b300000, 0x000000070b300000| Untracked 
| 140|0x000000070b400000, 0x000000070b400000, 0x000000070b500000|  0%| F|  |TAMS 0x000000070b400000, 0x000000070b400000| Untracked 
| 141|0x000000070b500000, 0x000000070b500000, 0x000000070b600000|  0%| F|  |TAMS 0x000000070b500000, 0x000000070b500000| Untracked 
| 142|0x000000070b600000, 0x000000070b600000, 0x000000070b700000|  0%| F|  |TAMS 0x000000070b600000, 0x000000070b600000| Untracked 
| 143|0x000000070b700000, 0x000000070b700000, 0x000000070b800000|  0%| F|  |TAMS 0x000000070b700000, 0x000000070b700000| Untracked 
| 144|0x000000070b800000, 0x000000070b800000, 0x000000070b900000|  0%| F|  |TAMS 0x000000070b800000, 0x000000070b800000| Untracked 
| 145|0x000000070b900000, 0x000000070b900000, 0x000000070ba00000|  0%| F|  |TAMS 0x000000070b900000, 0x000000070b900000| Untracked 
| 146|0x000000070ba00000, 0x000000070ba00000, 0x000000070bb00000|  0%| F|  |TAMS 0x000000070ba00000, 0x000000070ba00000| Untracked 
| 147|0x000000070bb00000, 0x000000070bb00000, 0x000000070bc00000|  0%| F|  |TAMS 0x000000070bb00000, 0x000000070bb00000| Untracked 
| 148|0x000000070bc00000, 0x000000070bc00000, 0x000000070bd00000|  0%| F|  |TAMS 0x000000070bc00000, 0x000000070bc00000| Untracked 
| 149|0x000000070bd00000, 0x000000070bd00000, 0x000000070be00000|  0%| F|  |TAMS 0x000000070bd00000, 0x000000070bd00000| Untracked 
| 150|0x000000070be00000, 0x000000070be00000, 0x000000070bf00000|  0%| F|  |TAMS 0x000000070be00000, 0x000000070be00000| Untracked 
| 151|0x000000070bf00000, 0x000000070bf00000, 0x000000070c000000|  0%| F|  |TAMS 0x000000070bf00000, 0x000000070bf00000| Untracked 
| 152|0x000000070c000000, 0x000000070c000000, 0x000000070c100000|  0%| F|  |TAMS 0x000000070c000000, 0x000000070c000000| Untracked 
| 153|0x000000070c100000, 0x000000070c100000, 0x000000070c200000|  0%| F|  |TAMS 0x000000070c100000, 0x000000070c100000| Untracked 
| 154|0x000000070c200000, 0x000000070c200000, 0x000000070c300000|  0%| F|  |TAMS 0x000000070c200000, 0x000000070c200000| Untracked 
| 155|0x000000070c300000, 0x000000070c300000, 0x000000070c400000|  0%| F|  |TAMS 0x000000070c300000, 0x000000070c300000| Untracked 
| 156|0x000000070c400000, 0x000000070c400000, 0x000000070c500000|  0%| F|  |TAMS 0x000000070c400000, 0x000000070c400000| Untracked 
| 157|0x000000070c500000, 0x000000070c500000, 0x000000070c600000|  0%| F|  |TAMS 0x000000070c500000, 0x000000070c500000| Untracked 
| 158|0x000000070c600000, 0x000000070c600000, 0x000000070c700000|  0%| F|  |TAMS 0x000000070c600000, 0x000000070c600000| Untracked 
| 159|0x000000070c700000, 0x000000070c700000, 0x000000070c800000|  0%| F|  |TAMS 0x000000070c700000, 0x000000070c700000| Untracked 
| 160|0x000000070c800000, 0x000000070c800000, 0x000000070c900000|  0%| F|  |TAMS 0x000000070c800000, 0x000000070c800000| Untracked 
| 161|0x000000070c900000, 0x000000070c900000, 0x000000070ca00000|  0%| F|  |TAMS 0x000000070c900000, 0x000000070c900000| Untracked 
| 162|0x000000070ca00000, 0x000000070ca00000, 0x000000070cb00000|  0%| F|  |TAMS 0x000000070ca00000, 0x000000070ca00000| Untracked 
| 163|0x000000070cb00000, 0x000000070cb00000, 0x000000070cc00000|  0%| F|  |TAMS 0x000000070cb00000, 0x000000070cb00000| Untracked 
| 164|0x000000070cc00000, 0x000000070cc00000, 0x000000070cd00000|  0%| F|  |TAMS 0x000000070cc00000, 0x000000070cc00000| Untracked 
| 165|0x000000070cd00000, 0x000000070cd00000, 0x000000070ce00000|  0%| F|  |TAMS 0x000000070cd00000, 0x000000070cd00000| Untracked 
| 166|0x000000070ce00000, 0x000000070ce00000, 0x000000070cf00000|  0%| F|  |TAMS 0x000000070ce00000, 0x000000070ce00000| Untracked 
| 167|0x000000070cf00000, 0x000000070cf00000, 0x000000070d000000|  0%| F|  |TAMS 0x000000070cf00000, 0x000000070cf00000| Untracked 
| 168|0x000000070d000000, 0x000000070d000000, 0x000000070d100000|  0%| F|  |TAMS 0x000000070d000000, 0x000000070d000000| Untracked 
| 169|0x000000070d100000, 0x000000070d100000, 0x000000070d200000|  0%| F|  |TAMS 0x000000070d100000, 0x000000070d100000| Untracked 
| 170|0x000000070d200000, 0x000000070d200000, 0x000000070d300000|  0%| F|  |TAMS 0x000000070d200000, 0x000000070d200000| Untracked 
| 171|0x000000070d300000, 0x000000070d300000, 0x000000070d400000|  0%| F|  |TAMS 0x000000070d300000, 0x000000070d300000| Untracked 
| 172|0x000000070d400000, 0x000000070d400000, 0x000000070d500000|  0%| F|  |TAMS 0x000000070d400000, 0x000000070d400000| Untracked 
| 173|0x000000070d500000, 0x000000070d500000, 0x000000070d600000|  0%| F|  |TAMS 0x000000070d500000, 0x000000070d500000| Untracked 
| 174|0x000000070d600000, 0x000000070d600000, 0x000000070d700000|  0%| F|  |TAMS 0x000000070d600000, 0x000000070d600000| Untracked 
| 175|0x000000070d700000, 0x000000070d700000, 0x000000070d800000|  0%| F|  |TAMS 0x000000070d700000, 0x000000070d700000| Untracked 
| 176|0x000000070d800000, 0x000000070d800000, 0x000000070d900000|  0%| F|  |TAMS 0x000000070d800000, 0x000000070d800000| Untracked 
| 177|0x000000070d900000, 0x000000070d900000, 0x000000070da00000|  0%| F|  |TAMS 0x000000070d900000, 0x000000070d900000| Untracked 
| 178|0x000000070da00000, 0x000000070da00000, 0x000000070db00000|  0%| F|  |TAMS 0x000000070da00000, 0x000000070da00000| Untracked 
| 179|0x000000070db00000, 0x000000070db00000, 0x000000070dc00000|  0%| F|  |TAMS 0x000000070db00000, 0x000000070db00000| Untracked 
| 180|0x000000070dc00000, 0x000000070dc00000, 0x000000070dd00000|  0%| F|  |TAMS 0x000000070dc00000, 0x000000070dc00000| Untracked 
| 181|0x000000070dd00000, 0x000000070dd00000, 0x000000070de00000|  0%| F|  |TAMS 0x000000070dd00000, 0x000000070dd00000| Untracked 
| 182|0x000000070de00000, 0x000000070de00000, 0x000000070df00000|  0%| F|  |TAMS 0x000000070de00000, 0x000000070de00000| Untracked 
| 183|0x000000070df00000, 0x000000070df00000, 0x000000070e000000|  0%| F|  |TAMS 0x000000070df00000, 0x000000070df00000| Untracked 
| 184|0x000000070e000000, 0x000000070e000000, 0x000000070e100000|  0%| F|  |TAMS 0x000000070e000000, 0x000000070e000000| Untracked 
| 185|0x000000070e100000, 0x000000070e100000, 0x000000070e200000|  0%| F|  |TAMS 0x000000070e100000, 0x000000070e100000| Untracked 
| 186|0x000000070e200000, 0x000000070e200000, 0x000000070e300000|  0%| F|  |TAMS 0x000000070e200000, 0x000000070e200000| Untracked 
| 187|0x000000070e300000, 0x000000070e300000, 0x000000070e400000|  0%| F|  |TAMS 0x000000070e300000, 0x000000070e300000| Untracked 
| 188|0x000000070e400000, 0x000000070e400000, 0x000000070e500000|  0%| F|  |TAMS 0x000000070e400000, 0x000000070e400000| Untracked 
| 189|0x000000070e500000, 0x000000070e500000, 0x000000070e600000|  0%| F|  |TAMS 0x000000070e500000, 0x000000070e500000| Untracked 
| 190|0x000000070e600000, 0x000000070e600000, 0x000000070e700000|  0%| F|  |TAMS 0x000000070e600000, 0x000000070e600000| Untracked 
| 191|0x000000070e700000, 0x000000070e700000, 0x000000070e800000|  0%| F|  |TAMS 0x000000070e700000, 0x000000070e700000| Untracked 
| 192|0x000000070e800000, 0x000000070e800000, 0x000000070e900000|  0%| F|  |TAMS 0x000000070e800000, 0x000000070e800000| Untracked 
| 193|0x000000070e900000, 0x000000070e900000, 0x000000070ea00000|  0%| F|  |TAMS 0x000000070e900000, 0x000000070e900000| Untracked 
| 194|0x000000070ea00000, 0x000000070ea00000, 0x000000070eb00000|  0%| F|  |TAMS 0x000000070ea00000, 0x000000070ea00000| Untracked 
| 195|0x000000070eb00000, 0x000000070eb00000, 0x000000070ec00000|  0%| F|  |TAMS 0x000000070eb00000, 0x000000070eb00000| Untracked 
| 196|0x000000070ec00000, 0x000000070ec00000, 0x000000070ed00000|  0%| F|  |TAMS 0x000000070ec00000, 0x000000070ec00000| Untracked 
| 197|0x000000070ed00000, 0x000000070ed00000, 0x000000070ee00000|  0%| F|  |TAMS 0x000000070ed00000, 0x000000070ed00000| Untracked 
| 198|0x000000070ee00000, 0x000000070ee00000, 0x000000070ef00000|  0%| F|  |TAMS 0x000000070ee00000, 0x000000070ee00000| Untracked 
| 199|0x000000070ef00000, 0x000000070ef00000, 0x000000070f000000|  0%| F|  |TAMS 0x000000070ef00000, 0x000000070ef00000| Untracked 
| 200|0x000000070f000000, 0x000000070f000000, 0x000000070f100000|  0%| F|  |TAMS 0x000000070f000000, 0x000000070f000000| Untracked 
| 201|0x000000070f100000, 0x000000070f100000, 0x000000070f200000|  0%| F|  |TAMS 0x000000070f100000, 0x000000070f100000| Untracked 
| 202|0x000000070f200000, 0x000000070f200000, 0x000000070f300000|  0%| F|  |TAMS 0x000000070f200000, 0x000000070f200000| Untracked 
| 203|0x000000070f300000, 0x000000070f300000, 0x000000070f400000|  0%| F|  |TAMS 0x000000070f300000, 0x000000070f300000| Untracked 
| 204|0x000000070f400000, 0x000000070f400000, 0x000000070f500000|  0%| F|  |TAMS 0x000000070f400000, 0x000000070f400000| Untracked 
| 205|0x000000070f500000, 0x000000070f500000, 0x000000070f600000|  0%| F|  |TAMS 0x000000070f500000, 0x000000070f500000| Untracked 
| 206|0x000000070f600000, 0x000000070f600000, 0x000000070f700000|  0%| F|  |TAMS 0x000000070f600000, 0x000000070f600000| Untracked 
| 207|0x000000070f700000, 0x000000070f700000, 0x000000070f800000|  0%| F|  |TAMS 0x000000070f700000, 0x000000070f700000| Untracked 
| 208|0x000000070f800000, 0x000000070f800000, 0x000000070f900000|  0%| F|  |TAMS 0x000000070f800000, 0x000000070f800000| Untracked 
| 209|0x000000070f900000, 0x000000070f900000, 0x000000070fa00000|  0%| F|  |TAMS 0x000000070f900000, 0x000000070f900000| Untracked 
| 210|0x000000070fa00000, 0x000000070fa00000, 0x000000070fb00000|  0%| F|  |TAMS 0x000000070fa00000, 0x000000070fa00000| Untracked 
| 211|0x000000070fb00000, 0x000000070fb00000, 0x000000070fc00000|  0%| F|  |TAMS 0x000000070fb00000, 0x000000070fb00000| Untracked 
| 212|0x000000070fc00000, 0x000000070fc00000, 0x000000070fd00000|  0%| F|  |TAMS 0x000000070fc00000, 0x000000070fc00000| Untracked 
| 213|0x000000070fd00000, 0x000000070fd00000, 0x000000070fe00000|  0%| F|  |TAMS 0x000000070fd00000, 0x000000070fd00000| Untracked 
| 214|0x000000070fe00000, 0x000000070fe00000, 0x000000070ff00000|  0%| F|  |TAMS 0x000000070fe00000, 0x000000070fe00000| Untracked 
| 215|0x000000070ff00000, 0x000000070ff00000, 0x0000000710000000|  0%| F|  |TAMS 0x000000070ff00000, 0x000000070ff00000| Untracked 
| 216|0x0000000710000000, 0x0000000710000000, 0x0000000710100000|  0%| F|  |TAMS 0x0000000710000000, 0x0000000710000000| Untracked 
| 217|0x0000000710100000, 0x0000000710100000, 0x0000000710200000|  0%| F|  |TAMS 0x0000000710100000, 0x0000000710100000| Untracked 
| 218|0x0000000710200000, 0x0000000710200000, 0x0000000710300000|  0%| F|  |TAMS 0x0000000710200000, 0x0000000710200000| Untracked 
| 219|0x0000000710300000, 0x0000000710300000, 0x0000000710400000|  0%| F|  |TAMS 0x0000000710300000, 0x0000000710300000| Untracked 
| 220|0x0000000710400000, 0x0000000710400000, 0x0000000710500000|  0%| F|  |TAMS 0x0000000710400000, 0x0000000710400000| Untracked 
| 221|0x0000000710500000, 0x0000000710500000, 0x0000000710600000|  0%| F|  |TAMS 0x0000000710500000, 0x0000000710500000| Untracked 
| 222|0x0000000710600000, 0x0000000710600000, 0x0000000710700000|  0%| F|  |TAMS 0x0000000710600000, 0x0000000710600000| Untracked 
| 223|0x0000000710700000, 0x0000000710700000, 0x0000000710800000|  0%| F|  |TAMS 0x0000000710700000, 0x0000000710700000| Untracked 
| 224|0x0000000710800000, 0x0000000710800000, 0x0000000710900000|  0%| F|  |TAMS 0x0000000710800000, 0x0000000710800000| Untracked 
| 225|0x0000000710900000, 0x0000000710900000, 0x0000000710a00000|  0%| F|  |TAMS 0x0000000710900000, 0x0000000710900000| Untracked 
| 226|0x0000000710a00000, 0x0000000710a00000, 0x0000000710b00000|  0%| F|  |TAMS 0x0000000710a00000, 0x0000000710a00000| Untracked 
| 227|0x0000000710b00000, 0x0000000710b00000, 0x0000000710c00000|  0%| F|  |TAMS 0x0000000710b00000, 0x0000000710b00000| Untracked 
| 228|0x0000000710c00000, 0x0000000710c00000, 0x0000000710d00000|  0%| F|  |TAMS 0x0000000710c00000, 0x0000000710c00000| Untracked 
| 229|0x0000000710d00000, 0x0000000710d00000, 0x0000000710e00000|  0%| F|  |TAMS 0x0000000710d00000, 0x0000000710d00000| Untracked 
| 230|0x0000000710e00000, 0x0000000710e00000, 0x0000000710f00000|  0%| F|  |TAMS 0x0000000710e00000, 0x0000000710e00000| Untracked 
| 231|0x0000000710f00000, 0x0000000710f00000, 0x0000000711000000|  0%| F|  |TAMS 0x0000000710f00000, 0x0000000710f00000| Untracked 
| 232|0x0000000711000000, 0x0000000711000000, 0x0000000711100000|  0%| F|  |TAMS 0x0000000711000000, 0x0000000711000000| Untracked 
| 233|0x0000000711100000, 0x0000000711100000, 0x0000000711200000|  0%| F|  |TAMS 0x0000000711100000, 0x0000000711100000| Untracked 
| 234|0x0000000711200000, 0x0000000711200000, 0x0000000711300000|  0%| F|  |TAMS 0x0000000711200000, 0x0000000711200000| Untracked 
| 235|0x0000000711300000, 0x0000000711300000, 0x0000000711400000|  0%| F|  |TAMS 0x0000000711300000, 0x0000000711300000| Untracked 
| 236|0x0000000711400000, 0x0000000711400000, 0x0000000711500000|  0%| F|  |TAMS 0x0000000711400000, 0x0000000711400000| Untracked 
| 237|0x0000000711500000, 0x0000000711500000, 0x0000000711600000|  0%| F|  |TAMS 0x0000000711500000, 0x0000000711500000| Untracked 
| 238|0x0000000711600000, 0x0000000711600000, 0x0000000711700000|  0%| F|  |TAMS 0x0000000711600000, 0x0000000711600000| Untracked 
| 239|0x0000000711700000, 0x0000000711700000, 0x0000000711800000|  0%| F|  |TAMS 0x0000000711700000, 0x0000000711700000| Untracked 
| 240|0x0000000711800000, 0x0000000711800000, 0x0000000711900000|  0%| F|  |TAMS 0x0000000711800000, 0x0000000711800000| Untracked 
| 241|0x0000000711900000, 0x0000000711900000, 0x0000000711a00000|  0%| F|  |TAMS 0x0000000711900000, 0x0000000711900000| Untracked 
| 242|0x0000000711a00000, 0x0000000711a00000, 0x0000000711b00000|  0%| F|  |TAMS 0x0000000711a00000, 0x0000000711a00000| Untracked 
| 243|0x0000000711b00000, 0x0000000711b00000, 0x0000000711c00000|  0%| F|  |TAMS 0x0000000711b00000, 0x0000000711b00000| Untracked 
| 244|0x0000000711c00000, 0x0000000711c00000, 0x0000000711d00000|  0%| F|  |TAMS 0x0000000711c00000, 0x0000000711c00000| Untracked 
| 245|0x0000000711d00000, 0x0000000711d00000, 0x0000000711e00000|  0%| F|  |TAMS 0x0000000711d00000, 0x0000000711d00000| Untracked 
| 246|0x0000000711e00000, 0x0000000711e00000, 0x0000000711f00000|  0%| F|  |TAMS 0x0000000711e00000, 0x0000000711e00000| Untracked 
| 247|0x0000000711f00000, 0x0000000711f00000, 0x0000000712000000|  0%| F|  |TAMS 0x0000000711f00000, 0x0000000711f00000| Untracked 
| 248|0x0000000712000000, 0x0000000712000000, 0x0000000712100000|  0%| F|  |TAMS 0x0000000712000000, 0x0000000712000000| Untracked 
| 249|0x0000000712100000, 0x0000000712100000, 0x0000000712200000|  0%| F|  |TAMS 0x0000000712100000, 0x0000000712100000| Untracked 
| 250|0x0000000712200000, 0x0000000712200000, 0x0000000712300000|  0%| F|  |TAMS 0x0000000712200000, 0x0000000712200000| Untracked 
| 251|0x0000000712300000, 0x0000000712300000, 0x0000000712400000|  0%| F|  |TAMS 0x0000000712300000, 0x0000000712300000| Untracked 
| 252|0x0000000712400000, 0x0000000712400000, 0x0000000712500000|  0%| F|  |TAMS 0x0000000712400000, 0x0000000712400000| Untracked 
| 253|0x0000000712500000, 0x0000000712500000, 0x0000000712600000|  0%| F|  |TAMS 0x0000000712500000, 0x0000000712500000| Untracked 
| 254|0x0000000712600000, 0x0000000712600000, 0x0000000712700000|  0%| F|  |TAMS 0x0000000712600000, 0x0000000712600000| Untracked 
| 255|0x0000000712700000, 0x0000000712700000, 0x0000000712800000|  0%| F|  |TAMS 0x0000000712700000, 0x0000000712700000| Untracked 
| 256|0x0000000712800000, 0x0000000712800000, 0x0000000712900000|  0%| F|  |TAMS 0x0000000712800000, 0x0000000712800000| Untracked 
| 257|0x0000000712900000, 0x0000000712900000, 0x0000000712a00000|  0%| F|  |TAMS 0x0000000712900000, 0x0000000712900000| Untracked 
| 258|0x0000000712a00000, 0x0000000712a00000, 0x0000000712b00000|  0%| F|  |TAMS 0x0000000712a00000, 0x0000000712a00000| Untracked 
| 259|0x0000000712b00000, 0x0000000712b00000, 0x0000000712c00000|  0%| F|  |TAMS 0x0000000712b00000, 0x0000000712b00000| Untracked 
| 260|0x0000000712c00000, 0x0000000712c00000, 0x0000000712d00000|  0%| F|  |TAMS 0x0000000712c00000, 0x0000000712c00000| Untracked 
| 261|0x0000000712d00000, 0x0000000712d00000, 0x0000000712e00000|  0%| F|  |TAMS 0x0000000712d00000, 0x0000000712d00000| Untracked 
| 262|0x0000000712e00000, 0x0000000712e80800, 0x0000000712f00000| 50%| E|  |TAMS 0x0000000712e00000, 0x0000000712e00000| Complete 
| 263|0x0000000712f00000, 0x0000000713000000, 0x0000000713000000|100%| E|CS|TAMS 0x0000000712f00000, 0x0000000712f00000| Complete 
| 264|0x0000000713000000, 0x0000000713100000, 0x0000000713100000|100%| E|CS|TAMS 0x0000000713000000, 0x0000000713000000| Complete 
| 265|0x0000000713100000, 0x0000000713200000, 0x0000000713200000|100%| E|CS|TAMS 0x0000000713100000, 0x0000000713100000| Complete 
| 266|0x0000000713200000, 0x0000000713300000, 0x0000000713300000|100%| E|CS|TAMS 0x0000000713200000, 0x0000000713200000| Complete 
| 267|0x0000000713300000, 0x0000000713400000, 0x0000000713400000|100%| E|CS|TAMS 0x0000000713300000, 0x0000000713300000| Complete 
| 268|0x0000000713400000, 0x0000000713500000, 0x0000000713500000|100%| E|CS|TAMS 0x0000000713400000, 0x0000000713400000| Complete 
| 269|0x0000000713500000, 0x0000000713600000, 0x0000000713600000|100%| E|CS|TAMS 0x0000000713500000, 0x0000000713500000| Complete 
| 270|0x0000000713600000, 0x0000000713700000, 0x0000000713700000|100%| E|CS|TAMS 0x0000000713600000, 0x0000000713600000| Complete 
| 271|0x0000000713700000, 0x0000000713800000, 0x0000000713800000|100%| E|CS|TAMS 0x0000000713700000, 0x0000000713700000| Complete 
| 272|0x0000000713800000, 0x0000000713900000, 0x0000000713900000|100%| E|CS|TAMS 0x0000000713800000, 0x0000000713800000| Complete 
| 273|0x0000000713900000, 0x0000000713a00000, 0x0000000713a00000|100%| E|CS|TAMS 0x0000000713900000, 0x0000000713900000| Complete 
| 274|0x0000000713a00000, 0x0000000713b00000, 0x0000000713b00000|100%| E|CS|TAMS 0x0000000713a00000, 0x0000000713a00000| Complete 
| 275|0x0000000713b00000, 0x0000000713c00000, 0x0000000713c00000|100%| E|CS|TAMS 0x0000000713b00000, 0x0000000713b00000| Complete 
| 276|0x0000000713c00000, 0x0000000713d00000, 0x0000000713d00000|100%| E|CS|TAMS 0x0000000713c00000, 0x0000000713c00000| Complete 
| 277|0x0000000713d00000, 0x0000000713e00000, 0x0000000713e00000|100%| E|CS|TAMS 0x0000000713d00000, 0x0000000713d00000| Complete 
| 278|0x0000000713e00000, 0x0000000713f00000, 0x0000000713f00000|100%| E|CS|TAMS 0x0000000713e00000, 0x0000000713e00000| Complete 
| 279|0x0000000713f00000, 0x0000000714000000, 0x0000000714000000|100%| E|CS|TAMS 0x0000000713f00000, 0x0000000713f00000| Complete 
| 280|0x0000000714000000, 0x0000000714100000, 0x0000000714100000|100%| E|CS|TAMS 0x0000000714000000, 0x0000000714000000| Complete 
| 281|0x0000000714100000, 0x0000000714200000, 0x0000000714200000|100%| E|CS|TAMS 0x0000000714100000, 0x0000000714100000| Complete 
| 282|0x0000000714200000, 0x0000000714300000, 0x0000000714300000|100%| E|CS|TAMS 0x0000000714200000, 0x0000000714200000| Complete 
| 283|0x0000000714300000, 0x0000000714400000, 0x0000000714400000|100%| E|CS|TAMS 0x0000000714300000, 0x0000000714300000| Complete 
| 284|0x0000000714400000, 0x0000000714500000, 0x0000000714500000|100%| E|CS|TAMS 0x0000000714400000, 0x0000000714400000| Complete 
| 285|0x0000000714500000, 0x0000000714600000, 0x0000000714600000|100%| E|CS|TAMS 0x0000000714500000, 0x0000000714500000| Complete 
| 286|0x0000000714600000, 0x0000000714700000, 0x0000000714700000|100%| E|CS|TAMS 0x0000000714600000, 0x0000000714600000| Complete 
| 287|0x0000000714700000, 0x0000000714800000, 0x0000000714800000|100%| E|CS|TAMS 0x0000000714700000, 0x0000000714700000| Complete 
| 288|0x0000000714800000, 0x0000000714900000, 0x0000000714900000|100%| E|CS|TAMS 0x0000000714800000, 0x0000000714800000| Complete 
| 289|0x0000000714900000, 0x0000000714a00000, 0x0000000714a00000|100%| E|CS|TAMS 0x0000000714900000, 0x0000000714900000| Complete 
| 290|0x0000000714a00000, 0x0000000714b00000, 0x0000000714b00000|100%| E|CS|TAMS 0x0000000714a00000, 0x0000000714a00000| Complete 
| 291|0x0000000714b00000, 0x0000000714c00000, 0x0000000714c00000|100%| E|CS|TAMS 0x0000000714b00000, 0x0000000714b00000| Complete 
| 292|0x0000000714c00000, 0x0000000714d00000, 0x0000000714d00000|100%| E|CS|TAMS 0x0000000714c00000, 0x0000000714c00000| Complete 
| 293|0x0000000714d00000, 0x0000000714e00000, 0x0000000714e00000|100%| E|CS|TAMS 0x0000000714d00000, 0x0000000714d00000| Complete 
| 294|0x0000000714e00000, 0x0000000714f00000, 0x0000000714f00000|100%| E|CS|TAMS 0x0000000714e00000, 0x0000000714e00000| Complete 
| 295|0x0000000714f00000, 0x0000000715000000, 0x0000000715000000|100%| E|CS|TAMS 0x0000000714f00000, 0x0000000714f00000| Complete 
| 296|0x0000000715000000, 0x0000000715100000, 0x0000000715100000|100%| E|CS|TAMS 0x0000000715000000, 0x0000000715000000| Complete 
| 297|0x0000000715100000, 0x0000000715200000, 0x0000000715200000|100%| E|CS|TAMS 0x0000000715100000, 0x0000000715100000| Complete 
| 298|0x0000000715200000, 0x0000000715300000, 0x0000000715300000|100%| E|CS|TAMS 0x0000000715200000, 0x0000000715200000| Complete 
| 299|0x0000000715300000, 0x0000000715400000, 0x0000000715400000|100%| E|CS|TAMS 0x0000000715300000, 0x0000000715300000| Complete 
| 300|0x0000000715400000, 0x0000000715500000, 0x0000000715500000|100%| E|CS|TAMS 0x0000000715400000, 0x0000000715400000| Complete 
| 301|0x0000000715500000, 0x0000000715600000, 0x0000000715600000|100%| E|CS|TAMS 0x0000000715500000, 0x0000000715500000| Complete 
| 302|0x0000000715600000, 0x0000000715700000, 0x0000000715700000|100%| E|CS|TAMS 0x0000000715600000, 0x0000000715600000| Complete 
| 303|0x0000000715700000, 0x0000000715800000, 0x0000000715800000|100%| E|CS|TAMS 0x0000000715700000, 0x0000000715700000| Complete 
| 304|0x0000000715800000, 0x0000000715900000, 0x0000000715900000|100%| E|CS|TAMS 0x0000000715800000, 0x0000000715800000| Complete 

Card table byte_map: [0x000002121a810000,0x000002121b000000] _byte_map_base: 0x0000021216ffc000

Marking Bits (Prev, Next): (CMBitMap*) 0x00000212028aa2f0, (CMBitMap*) 0x00000212028aa2b8
 Prev Bits: [0x000002121f750000, 0x00000212236b0000)
 Next Bits: [0x000002121b7f0000, 0x000002121f750000)

Polling page: 0x0000021200820000

Metaspace:

Usage:
  Non-class:     65.13 MB capacity,    63.66 MB ( 98%) used,     1.18 MB (  2%) free+waste,   300.56 KB ( <1%) overhead. 
      Class:     10.18 MB capacity,     9.23 MB ( 91%) used,   825.38 KB (  8%) free+waste,   142.00 KB (  1%) overhead. 
       Both:     75.31 MB capacity,    72.90 MB ( 97%) used,     1.98 MB (  3%) free+waste,   442.56 KB ( <1%) overhead. 

Virtual space:
  Non-class space:       66.00 MB reserved,      65.18 MB ( 99%) committed 
      Class space:        1.00 GB reserved,      10.20 MB ( <1%) committed 
             Both:        1.06 GB reserved,      75.38 MB (  7%) committed 

Chunk freelists:
   Non-Class:  5.50 KB
       Class:  1.25 KB
        Both:  6.75 KB

CodeHeap 'non-profiled nmethods': size=120000Kb used=6112Kb max_used=6112Kb free=113887Kb
 bounds [0x00000212127c0000, 0x0000021212dc0000, 0x0000021219cf0000]
CodeHeap 'profiled nmethods': size=120000Kb used=18500Kb max_used=18500Kb free=101499Kb
 bounds [0x000002120b290000, 0x000002120c4b0000, 0x00000212127c0000]
CodeHeap 'non-nmethods': size=5760Kb used=1223Kb max_used=1264Kb free=4536Kb
 bounds [0x000002120acf0000, 0x000002120af60000, 0x000002120b290000]
 total_blobs=8418 nmethods=7843 adapters=485
 compilation: enabled
              stopped_count=0, restarted_count=0
 full_count=0

Compilation events (10 events):
Event: 243.813 Thread 0x0000021226b3d000 7992       3       org.springframework.core.annotation.AnnotationTypeMappings::addMetaAnnotationsToQueue (134 bytes)
Event: 243.814 Thread 0x0000021226b3d000 nmethod 7992 0x000002120c49f490 code [0x000002120c49f6e0, 0x000002120c49ff58]
Event: 243.814 Thread 0x0000021226b3d000 7994       3       org.springframework.core.annotation.AnnotationTypeMapping::afterAllMappingsSet (45 bytes)
Event: 243.815 Thread 0x0000021226b3d000 nmethod 7994 0x000002120c4a0390 code [0x000002120c4a0580, 0x000002120c4a0988]
Event: 243.815 Thread 0x0000021226b3d000 7993       3       org.springframework.core.annotation.AnnotationTypeMappings$$Lambda$31/0x00000008000dc840::accept (8 bytes)
Event: 243.815 Thread 0x0000021226b3d000 nmethod 7993 0x000002120c4a0b90 code [0x000002120c4a0d40, 0x000002120c4a0f68]
Event: 243.825 Thread 0x0000021226b3d000 7995       1       org.apache.tomcat.util.http.MimeHeaderField::getValue (5 bytes)
Event: 243.825 Thread 0x0000021226b3d000 nmethod 7995 0x0000021212db7e90 code [0x0000021212db8020, 0x0000021212db80d8]
Event: 243.825 Thread 0x0000021226b3d000 7996       3       javax.servlet.http.HttpServletRequestWrapper::_getHttpServletRequest (8 bytes)
Event: 243.825 Thread 0x0000021226b3d000 nmethod 7996 0x000002120c4a1090 code [0x000002120c4a1240, 0x000002120c4a1478]

GC Heap History (10 events):
Event: 8.476 GC heap before
{Heap before GC invocations=6 (full 0):
 garbage-first heap   total 260096K, used 113285K [0x0000000702800000, 0x0000000800000000)
  region size 1024K, 105 young (107520K), 6 survivors (6144K)
 Metaspace       used 34795K, capacity 35758K, committed 35840K, reserved 1081344K
  class space    used 4059K, capacity 4457K, committed 4480K, reserved 1048576K
}
Event: 8.490 GC heap after
{Heap after GC invocations=7 (full 0):
 garbage-first heap   total 260096K, used 16421K [0x0000000702800000, 0x0000000800000000)
  region size 1024K, 9 young (9216K), 9 survivors (9216K)
 Metaspace       used 34795K, capacity 35758K, committed 35840K, reserved 1081344K
  class space    used 4059K, capacity 4457K, committed 4480K, reserved 1048576K
}
Event: 11.923 GC heap before
{Heap before GC invocations=8 (full 0):
 garbage-first heap   total 260096K, used 159781K [0x0000000702800000, 0x0000000800000000)
  region size 1024K, 150 young (153600K), 9 survivors (9216K)
 Metaspace       used 41308K, capacity 42502K, committed 42828K, reserved 1087488K
  class space    used 4880K, capacity 5360K, committed 5452K, reserved 1048576K
}
Event: 11.942 GC heap after
{Heap after GC invocations=9 (full 0):
 garbage-first heap   total 260096K, used 20517K [0x0000000702800000, 0x0000000800000000)
  region size 1024K, 13 young (13312K), 13 survivors (13312K)
 Metaspace       used 41308K, capacity 42502K, committed 42828K, reserved 1087488K
  class space    used 4880K, capacity 5360K, committed 5452K, reserved 1048576K
}
Event: 17.047 GC heap before
{Heap before GC invocations=9 (full 0):
 garbage-first heap   total 260096K, used 162853K [0x0000000702800000, 0x0000000800000000)
  region size 1024K, 152 young (155648K), 13 survivors (13312K)
 Metaspace       used 58298K, capacity 59954K, committed 60108K, reserved 1101824K
  class space    used 7365K, capacity 8030K, committed 8140K, reserved 1048576K
}
Event: 17.081 GC heap after
{Heap after GC invocations=10 (full 0):
 garbage-first heap   total 260096K, used 24731K [0x0000000702800000, 0x0000000800000000)
  region size 1024K, 13 young (13312K), 13 survivors (13312K)
 Metaspace       used 58298K, capacity 59954K, committed 60108K, reserved 1101824K
  class space    used 7365K, capacity 8030K, committed 8140K, reserved 1048576K
}
Event: 17.159 GC heap before
{Heap before GC invocations=10 (full 0):
 garbage-first heap   total 260096K, used 25755K [0x0000000702800000, 0x0000000800000000)
  region size 1024K, 15 young (15360K), 13 survivors (13312K)
 Metaspace       used 58524K, capacity 60131K, committed 60288K, reserved 1101824K
  class space    used 7397K, capacity 8046K, committed 8140K, reserved 1048576K
}
Event: 17.180 GC heap after
{Heap after GC invocations=11 (full 0):
 garbage-first heap   total 260096K, used 25058K [0x0000000702800000, 0x0000000800000000)
  region size 1024K, 9 young (9216K), 9 survivors (9216K)
 Metaspace       used 58524K, capacity 60131K, committed 60288K, reserved 1101824K
  class space    used 7397K, capacity 8046K, committed 8140K, reserved 1048576K
}
Event: 24.342 GC heap before
{Heap before GC invocations=12 (full 0):
 garbage-first heap   total 260096K, used 171490K [0x0000000702800000, 0x0000000800000000)
  region size 1024K, 152 young (155648K), 9 survivors (9216K)
 Metaspace       used 72575K, capacity 74951K, committed 75136K, reserved 1114112K
  class space    used 9232K, capacity 10156K, committed 10188K, reserved 1048576K
}
Event: 24.365 GC heap after
{Heap after GC invocations=13 (full 0):
 garbage-first heap   total 312320K, used 33937K [0x0000000702800000, 0x0000000800000000)
  region size 1024K, 18 young (18432K), 18 survivors (18432K)
 Metaspace       used 72575K, capacity 74951K, committed 75136K, reserved 1114112K
  class space    used 9232K, capacity 10156K, committed 10188K, reserved 1048576K
}

Deoptimization events (10 events):
Event: 24.115 Thread 0x0000021227c20000 Uncommon trap: reason=class_check action=maybe_recompile pc=0x0000021212c00188 method=org.springframework.core.annotation.AnnotationUtils.findAnnotation(Ljava/lang/reflect/Method;Ljava/lang/Class;)Ljava/lang/annotation/Annotation; @ 66 c2
Event: 24.152 Thread 0x0000021227c20000 Uncommon trap: reason=unstable_if action=reinterpret pc=0x00000212129d5d30 method=java.util.Arrays.hashCode([Ljava/lang/Object;)I @ 34 c2
Event: 24.152 Thread 0x0000021227c20000 Uncommon trap: reason=bimorphic_or_optimized_type_check action=maybe_recompile pc=0x0000021212b76940 method=java.util.HashMap.computeIfAbsent(Ljava/lang/Object;Ljava/util/function/Function;)Ljava/lang/Object; @ 142 c2
Event: 24.168 Thread 0x0000021227c20000 Uncommon trap: reason=unstable_if action=reinterpret pc=0x0000021212be38b8 method=org.springframework.core.annotation.AnnotationUtils.findAnnotation(Ljava/lang/Class;Ljava/lang/Class;)Ljava/lang/annotation/Annotation; @ 15 c2
Event: 24.805 Thread 0x0000021227c20000 Uncommon trap: reason=class_check action=maybe_recompile pc=0x0000021212c69548 method=org.springframework.util.ConcurrentReferenceHashMap$ReferenceManager.pollForPurge()Lorg/springframework/util/ConcurrentReferenceHashMap$Reference; @ 7 c2
Event: 24.805 Thread 0x0000021227c20000 Uncommon trap: reason=class_check action=maybe_recompile pc=0x0000021212c69548 method=org.springframework.util.ConcurrentReferenceHashMap$ReferenceManager.pollForPurge()Lorg/springframework/util/ConcurrentReferenceHashMap$Reference; @ 7 c2
Event: 24.805 Thread 0x0000021227c20000 Uncommon trap: reason=class_check action=maybe_recompile pc=0x0000021212c69548 method=org.springframework.util.ConcurrentReferenceHashMap$ReferenceManager.pollForPurge()Lorg/springframework/util/ConcurrentReferenceHashMap$Reference; @ 7 c2
Event: 24.805 Thread 0x0000021227c20000 Uncommon trap: reason=class_check action=maybe_recompile pc=0x0000021212c69548 method=org.springframework.util.ConcurrentReferenceHashMap$ReferenceManager.pollForPurge()Lorg/springframework/util/ConcurrentReferenceHashMap$Reference; @ 7 c2
Event: 243.747 Thread 0x000002122b242800 Uncommon trap: reason=unstable_if action=reinterpret pc=0x00000212128c34f8 method=java.util.Objects.equals(Ljava/lang/Object;Ljava/lang/Object;)Z @ 6 c2
Event: 243.797 Thread 0x000002122b240800 Uncommon trap: reason=unstable_if action=reinterpret pc=0x0000021212d50d80 method=java.util.regex.Pattern.sequence(Ljava/util/regex/Pattern$Node;)Ljava/util/regex/Pattern$Node; @ 234 c2

Classes redefined (0 events):
No events

Internal exceptions (10 events):
Event: 23.810 Thread 0x0000021227c20000 Exception <a 'java/lang/NoSuchMethodError'{0x0000000709c47a30}: java.lang.invoke.DirectMethodHandle$Holder.invokeSpecial(Ljava/lang/Object;Ljava/lang/Object;ILjava/lang/Object;ILjava/lang/Object;)Ljava/lang/Object;> (0x0000000709c47a30) thrown at [./open/
Event: 23.811 Thread 0x0000021227c20000 Exception <a 'java/lang/NoSuchMethodError'{0x0000000709c4f1b8}: java.lang.invoke.DirectMethodHandle$Holder.invokeStatic(Ljava/lang/Object;Ljava/lang/Object;ILjava/lang/Object;I)Ljava/lang/Object;> (0x0000000709c4f1b8) thrown at [./open/src/hotspot/share/i
Event: 23.811 Thread 0x0000021227c20000 Exception <a 'java/lang/NoSuchMethodError'{0x0000000709c52990}: java.lang.invoke.DirectMethodHandle$Holder.invokeSpecial(Ljava/lang/Object;Ljava/lang/Object;Ljava/lang/Object;ILjava/lang/Object;I)Ljava/lang/Object;> (0x0000000709c52990) thrown at [./open/
Event: 23.815 Thread 0x0000021227c20000 Exception <a 'java/lang/NoSuchMethodError'{0x0000000709c5fa78}: java.lang.invoke.DirectMethodHandle$Holder.invokeVirtual(Ljava/lang/Object;Ljava/lang/Object;)V> (0x0000000709c5fa78) thrown at [./open/src/hotspot/share/interpreter/linkResolver.cpp, line 77
Event: 24.070 Thread 0x0000021227c20000 Exception <a 'java/lang/NoSuchMethodError'{0x00000007095e0540}: java.lang.invoke.Invokers$Holder.linkToTargetMethod(Ljava/lang/Object;Ljava/lang/Object;Ljava/lang/Object;Ljava/lang/Object;Ljava/lang/Object;Ljava/lang/Object;Ljava/lang/Object;)Ljava/lang/O
Event: 24.152 Thread 0x0000021227c20000 Implicit null exception at 0x00000212129d5c6c to 0x00000212129d5d14
Event: 24.202 Thread 0x0000021227c20000 Exception <a 'java/lang/NoSuchMethodError'{0x000000070912a0b0}: java.lang.invoke.DirectMethodHandle$Holder.invokeStatic(Ljava/lang/Object;Ljava/lang/Object;Ljava/lang/Object;I)Ljava/lang/Object;> (0x000000070912a0b0) thrown at [./open/src/hotspot/share/in
Event: 24.202 Thread 0x0000021227c20000 Exception <a 'java/lang/NoSuchMethodError'{0x000000070912da78}: java.lang.invoke.DirectMethodHandle$Holder.invokeSpecial(Ljava/lang/Object;Ljava/lang/Object;Ljava/lang/Object;Ljava/lang/Object;I)Ljava/lang/Object;> (0x000000070912da78) thrown at [./open/s
Event: 24.202 Thread 0x0000021227c20000 Exception <a 'java/lang/NoSuchMethodError'{0x0000000709130ad8}: java.lang.invoke.Invokers$Holder.linkToTargetMethod(Ljava/lang/Object;Ljava/lang/Object;ILjava/lang/Object;)Ljava/lang/Object;> (0x0000000709130ad8) thrown at [./open/src/hotspot/share/interp
Event: 24.203 Thread 0x0000021227c20000 Exception <a 'java/lang/NoSuchMethodError'{0x0000000709136ce8}: java.lang.invoke.Invokers$Holder.linkToTargetMethod(Ljava/lang/Object;ILjava/lang/Object;)Ljava/lang/Object;> (0x0000000709136ce8) thrown at [./open/src/hotspot/share/interpreter/linkResolver

Events (10 events):
Event: 243.822 loading class org/springframework/web/multipart/support/MultipartResolutionDelegate
Event: 243.822 loading class org/springframework/web/multipart/support/MultipartResolutionDelegate done
Event: 243.824 loading class org/springframework/web/bind/annotation/MatrixVariable
Event: 243.824 loading class org/springframework/web/bind/annotation/MatrixVariable done
Event: 243.825 loading class org/springframework/web/servlet/mvc/method/annotation/AbstractMessageConverterMethodArgumentResolver$EmptyBodyCheckingHttpInputMessage
Event: 243.825 loading class org/springframework/web/servlet/mvc/method/annotation/AbstractMessageConverterMethodArgumentResolver$EmptyBodyCheckingHttpInputMessage done
Event: 243.827 loading class com/fasterxml/jackson/databind/util/ArrayIterator
Event: 243.827 loading class com/fasterxml/jackson/databind/util/ArrayIterator done
Event: 243.828 loading class com/fasterxml/jackson/databind/ext/OptionalHandlerFactory
Event: 243.828 loading class com/fasterxml/jackson/databind/ext/OptionalHandlerFactory done


Dynamic libraries:
0x00007ff684460000 - 0x00007ff68446f000 	C:\Program Files\Java\jdk-11.0.12\bin\java.exe
0x00007ffa45390000 - 0x00007ffa45585000 	C:\WINDOWS\SYSTEM32\ntdll.dll
0x00007ffa44ec0000 - 0x00007ffa44f7e000 	C:\WINDOWS\System32\KERNEL32.DLL
0x00007ffa42870000 - 0x00007ffa42b38000 	C:\WINDOWS\System32\KERNELBASE.dll
0x00007ffa43010000 - 0x00007ffa43110000 	C:\WINDOWS\System32\ucrtbase.dll
0x00007ffa3cb70000 - 0x00007ffa3cb85000 	C:\Program Files\Java\jdk-11.0.12\bin\VCRUNTIME140.dll
0x00007ffa3cb50000 - 0x00007ffa3cb68000 	C:\Program Files\Java\jdk-11.0.12\bin\jli.dll
0x00007ffa44370000 - 0x00007ffa4441e000 	C:\WINDOWS\System32\ADVAPI32.dll
0x00007ffa446d0000 - 0x00007ffa4476e000 	C:\WINDOWS\System32\msvcrt.dll
0x00007ffa45170000 - 0x00007ffa4520c000 	C:\WINDOWS\System32\sechost.dll
0x00007ffa44fe0000 - 0x00007ffa45105000 	C:\WINDOWS\System32\RPCRT4.dll
0x00007ffa43c00000 - 0x00007ffa43da1000 	C:\WINDOWS\System32\USER32.dll
0x00007ffa42ed0000 - 0x00007ffa42ef2000 	C:\WINDOWS\System32\win32u.dll
0x00007ffa44630000 - 0x00007ffa4465b000 	C:\WINDOWS\System32\GDI32.dll
0x00007ffa42f00000 - 0x00007ffa4300d000 	C:\WINDOWS\System32\gdi32full.dll
0x00007ffa19710000 - 0x00007ffa199aa000 	C:\WINDOWS\WinSxS\amd64_microsoft.windows.common-controls_6595b64144ccf1df_6.0.19041.1110_none_60b5254171f9507e\COMCTL32.dll
0x00007ffa42cf0000 - 0x00007ffa42d8d000 	C:\WINDOWS\System32\msvcp_win.dll
0x00007ffa3a160000 - 0x00007ffa3a16a000 	C:\WINDOWS\SYSTEM32\VERSION.dll
0x00007ffa437b0000 - 0x00007ffa437e0000 	C:\WINDOWS\System32\IMM32.DLL
0x00007ff9f64f0000 - 0x00007ff9f658b000 	C:\Program Files\Java\jdk-11.0.12\bin\msvcp140.dll
0x00007ff9c3490000 - 0x00007ff9c3f8f000 	C:\Program Files\Java\jdk-11.0.12\bin\server\jvm.dll
0x00007ffa43b40000 - 0x00007ffa43b48000 	C:\WINDOWS\System32\PSAPI.DLL
0x00007ffa1b730000 - 0x00007ffa1b757000 	C:\WINDOWS\SYSTEM32\WINMM.dll
0x00007ffa20110000 - 0x00007ffa20119000 	C:\WINDOWS\SYSTEM32\WSOCK32.dll
0x00007ffa44660000 - 0x00007ffa446cb000 	C:\WINDOWS\System32\WS2_32.dll
0x00007ffa410f0000 - 0x00007ffa41102000 	C:\WINDOWS\SYSTEM32\kernel.appcore.dll
0x00007ffa3cec0000 - 0x00007ffa3ced0000 	C:\Program Files\Java\jdk-11.0.12\bin\verify.dll
0x00007ffa40510000 - 0x00007ffa406f4000 	C:\WINDOWS\SYSTEM32\DBGHELP.DLL
0x00007ffa32d50000 - 0x00007ffa32d7c000 	C:\WINDOWS\SYSTEM32\dbgcore.DLL
0x00007ffa43110000 - 0x00007ffa43192000 	C:\WINDOWS\System32\bcryptPrimitives.dll
0x00007ffa29790000 - 0x00007ffa297b8000 	C:\Program Files\Java\jdk-11.0.12\bin\java.dll
0x00007ffa3b1b0000 - 0x00007ffa3b1ba000 	C:\Program Files\Java\jdk-11.0.12\bin\jimage.dll
0x00007ffa31d40000 - 0x00007ffa31d56000 	C:\Program Files\Java\jdk-11.0.12\bin\zip.dll
0x00007ffa44770000 - 0x00007ffa44eb4000 	C:\WINDOWS\System32\SHELL32.dll
0x00007ffa40940000 - 0x00007ffa410d5000 	C:\WINDOWS\SYSTEM32\windows.storage.dll
0x00007ffa43450000 - 0x00007ffa437a5000 	C:\WINDOWS\System32\combase.dll
0x00007ffa422c0000 - 0x00007ffa422ee000 	C:\WINDOWS\SYSTEM32\Wldp.dll
0x00007ffa45270000 - 0x00007ffa4531d000 	C:\WINDOWS\System32\SHCORE.dll
0x00007ffa44420000 - 0x00007ffa44475000 	C:\WINDOWS\System32\shlwapi.dll
0x00007ffa427b0000 - 0x00007ffa427cf000 	C:\WINDOWS\SYSTEM32\profapi.dll
0x00007ffa31cf0000 - 0x00007ffa31d09000 	C:\Program Files\Java\jdk-11.0.12\bin\net.dll
0x00007ffa29e60000 - 0x00007ffa29f6c000 	C:\WINDOWS\SYSTEM32\WINHTTP.dll
0x00007ffa42020000 - 0x00007ffa4208a000 	C:\WINDOWS\system32\mswsock.dll
0x00007ffa289e0000 - 0x00007ffa289f2000 	C:\Program Files\Java\jdk-11.0.12\bin\nio.dll
0x00007ffa289b0000 - 0x00007ffa289b9000 	C:\Program Files\Java\jdk-11.0.12\bin\management.dll
0x00007ffa289a0000 - 0x00007ffa289ab000 	C:\Program Files\Java\jdk-11.0.12\bin\management_ext.dll
0x00007ffa132f0000 - 0x00007ffa13307000 	C:\WINDOWS\system32\napinsp.dll
0x00007ffa132d0000 - 0x00007ffa132eb000 	C:\WINDOWS\system32\pnrpnsp.dll
0x00007ffa3d950000 - 0x00007ffa3d965000 	C:\WINDOWS\system32\wshbth.dll
0x00007ffa3aab0000 - 0x00007ffa3aacd000 	C:\WINDOWS\system32\NLAapi.dll
0x00007ffa41cc0000 - 0x00007ffa41cfb000 	C:\WINDOWS\SYSTEM32\IPHLPAPI.DLL
0x00007ffa41d10000 - 0x00007ffa41ddb000 	C:\WINDOWS\SYSTEM32\DNSAPI.dll
0x00007ffa43ee0000 - 0x00007ffa43ee8000 	C:\WINDOWS\System32\NSI.dll
0x00007ffa13280000 - 0x00007ffa13292000 	C:\WINDOWS\System32\winrnr.dll
0x0000000072660000 - 0x0000000072686000 	C:\Program Files\Bonjour\mdnsNSP.dll
0x00007ffa3a570000 - 0x00007ffa3a57a000 	C:\Windows\System32\rasadhlp.dll
0x00007ffa254d0000 - 0x00007ffa2554f000 	C:\WINDOWS\System32\fwpuclnt.dll
0x00007ffa42df0000 - 0x00007ffa42e17000 	C:\WINDOWS\System32\bcrypt.dll
0x00007ffa42210000 - 0x00007ffa42228000 	C:\WINDOWS\SYSTEM32\CRYPTSP.dll
0x00007ffa41930000 - 0x00007ffa41964000 	C:\WINDOWS\system32\rsaenh.dll
0x00007ffa42730000 - 0x00007ffa4275e000 	C:\WINDOWS\SYSTEM32\USERENV.dll
0x00007ffa42230000 - 0x00007ffa4223c000 	C:\WINDOWS\SYSTEM32\CRYPTBASE.dll
0x00007ffa39070000 - 0x00007ffa39087000 	C:\WINDOWS\SYSTEM32\dhcpcsvc6.DLL
0x00007ffa39dd0000 - 0x00007ffa39ded000 	C:\WINDOWS\SYSTEM32\dhcpcsvc.DLL
0x00007ffa27420000 - 0x00007ffa2742d000 	C:\Program Files\Java\jdk-11.0.12\bin\sunmscapi.dll
0x00007ffa42b90000 - 0x00007ffa42ce6000 	C:\WINDOWS\System32\CRYPT32.dll
0x00007ffa42330000 - 0x00007ffa42357000 	C:\WINDOWS\SYSTEM32\ncrypt.dll
0x00007ffa422f0000 - 0x00007ffa4232b000 	C:\WINDOWS\SYSTEM32\NTASN1.dll
0x00007ff9ff5c0000 - 0x00007ff9ff5e5000 	C:\Program Files\Java\jdk-11.0.12\bin\sunec.dll

dbghelp: loaded successfully - version: 4.0.5 - missing functions: none
symbol engine: initialized successfully - sym options: 0x614 - pdb path: .;C:\Program Files\Java\jdk-11.0.12\bin;C:\WINDOWS\SYSTEM32;C:\WINDOWS\WinSxS\amd64_microsoft.windows.common-controls_6595b64144ccf1df_6.0.19041.1110_none_60b5254171f9507e;C:\Program Files\Java\jdk-11.0.12\bin\server;C:\Program Files\Bonjour

VM Arguments:
jvm_args: -Dfile.encoding=windows-1252 -Duser.country=US -Duser.language=en -Duser.variant 
java_command: com.micropay.webcash.WebcashApiApplication
java_class_path (initial): D:\Paul\SITES\Micropay\#Ivan\webcash-project\webcash-api\build\classes\java\main;D:\Paul\SITES\Micropay\#Ivan\webcash-project\webcash-api\build\resources\main;D:\Paul\SITES\Micropay\#Ivan\webcash-project\webcash-api\libs\gson-2.8.2.jar;D:\Paul\SITES\Micropay\#Ivan\webcash-project\webcash-api\libs\json-20210307.jar;D:\Paul\SITES\Micropay\#Ivan\webcash-project\webcash-api\libs\loglite.jar;D:\Paul\SITES\Micropay\#Ivan\webcash-project\webcash-api\libs\ojdbc6.jar;D:\Paul\SITES\Micropay\#Ivan\webcash-project\webcash-api\libs\postgresql-42.2.12.jar;C:\Users\Gamwanga\.gradle\caches\modules-2\files-2.1\org.springframework.boot\spring-boot-devtools\2.6.2\2f766b028fcb09d6b3fec1f17bcc19b96ff4ebce\spring-boot-devtools-2.6.2.jar;C:\Users\Gamwanga\.gradle\caches\modules-2\files-2.1\org.springframework.boot\spring-boot-starter-data-jdbc\2.6.2\ef4666177b5aa8aa39c8738795aee580cf01646\spring-boot-starter-data-jdbc-2.6.2.jar;C:\Users\Gamwanga\.gradle\caches\modules-2\files-2.1\org.springframework.boot\spring-boot-starter-data-jpa\2.6.2\3eb637ccd03194f1d639b9efed1ff7d73c8592e3\spring-boot-starter-data-jpa-2.6.2.jar;C:\Users\Gamwanga\.gradle\caches\modules-2\files-2.1\org.springframework.boot\spring-boot-starter-jdbc\2.6.2\ff853babf286bf913d73197d0f0b521343d5e8aa\spring-boot-starter-jdbc-2.6.2.jar;C:\Users\Gamwanga\.gradle\caches\modules-2\files-2.1\org.springframework.boot\spring-boot-starter-oauth2-client\2.6.2\6135bd7d77af3dc36b86651eaa84e20ecf03e5b2\spring-boot-starter-oauth2-client-2.6.2.jar;C:\Users\Gamwanga\.gradle\caches\modules-2\files-2.1\org.springframework.boot\spring-boot-starter-security\2.6.2\43ee0478a25124223e4bc0300d94239f96086253\spring-boot-starter-security-2.6.2.jar;C:\Users\Gamwanga\.gradle\caches\modules-2\files-2.1\org.springframework.boot\spring-boot-starter-web-services\2.6.2\1208763f4228a2accf3f02fceb50532825c3c239\spring-boot-starter-web-services-2.6.2.jar;C:\Users\Gamwanga\.gradle\caches\modules-2\files-2.1\org.springframework.boot
Launcher Type: SUN_STANDARD

[Global flags]
     intx CICompilerCount                          = 4                                         {product} {ergonomic}
     uint ConcGCThreads                            = 2                                         {product} {ergonomic}
     uint G1ConcRefinementThreads                  = 8                                         {product} {ergonomic}
   size_t G1HeapRegionSize                         = 1048576                                   {product} {ergonomic}
    uintx GCDrainStackTargetSize                   = 64                                        {product} {ergonomic}
   size_t InitialHeapSize                          = 266338304                                 {product} {ergonomic}
   size_t MarkStackSize                            = 4194304                                   {product} {ergonomic}
   size_t MaxHeapSize                              = 4253024256                                {product} {ergonomic}
   size_t MaxNewSize                               = 2551185408                                {product} {ergonomic}
   size_t MinHeapDeltaBytes                        = 1048576                                   {product} {ergonomic}
    uintx NonNMethodCodeHeapSize                   = 5836300                                {pd product} {ergonomic}
    uintx NonProfiledCodeHeapSize                  = 122910970                              {pd product} {ergonomic}
    uintx ProfiledCodeHeapSize                     = 122910970                              {pd product} {ergonomic}
    uintx ReservedCodeCacheSize                    = 251658240                              {pd product} {ergonomic}
     bool SegmentedCodeCache                       = true                                      {product} {ergonomic}
     bool UseCompressedClassPointers               = true                                 {lp64_product} {ergonomic}
     bool UseCompressedOops                        = true                                 {lp64_product} {ergonomic}
     bool UseG1GC                                  = true                                      {product} {ergonomic}
     bool UseLargePagesIndividualAllocation        = false                                  {pd product} {ergonomic}

Logging:
Log output configuration:
 #0: stdout all=warning uptime,level,tags
 #1: stderr all=off uptime,level,tags

Environment Variables:
JAVA_HOME=C:\Program Files\Java\jdk1.8.0_05
PATH=D:\ftp-downloads\WINDOWS.X64_193000_db_home\bin;C:\Oracle19\client\product\19.0.0\client_1\bin;C:\Program Files\Common Files\Oracle\Java\javapath;C:\Sybase\OCS-12_5\lib3p;C:\Sybase\OCS-12_5\dll;C:\Sybase\OCS-12_5\bin;C:\Sybase\SQLRemote\dll;C:\Sybase\RPL-12_5\bin;C:\Sybase\JS-12_5\bin;C:\Sybase\ASE-12_5\dll;C:\Sybase\ASE-12_5\bin;C:\Users\Gamwanga\AppData\Roaming\npm;C:\Program Files\Microsoft MPI\Bin\;C:\Program Files (x86)\Common Files\Oracle\Java\javapath;C:\Windows\system32;C:\Windows;C:\Windows\System32\Wbem;C:\Windows\System32\WindowsPowerShell\v1.0\;C:\Windows\System32\OpenSSH\;C:\Program Files (x86)\NVIDIA Corporation\PhysX\Common;C:\Program Files\dotnet\;C:\Program Files\Microsoft SQL Server\130\Tools\Binn\;C:\Program Files\Microsoft SQL Server\Client SDK\ODBC\170\Tools\Binn\;C:\Program Files\Microsoft SQL Server\Client SDK\ODBC\130\Tools\Binn\;C:\Program Files (x86)\Microsoft SQL Server\130\Tools\Binn\;C:\Program Files\Microsoft SQL Server\130\DTS\Binn\;C:\Program Files (x86)\Microsoft SQL Server\150\DTS\Binn\;C:\Program Files\Azure Data Studio\bin;C:\Program Files\PuTTY\;C:\Program Files\Git\cmd;C:\Users\Gamwanga\AppData\Local\Microsoft\WindowsApps;C:\Users\Gamwanga\.dotnet\tools;C:\Users\Gamwanga\AppData\Local\Programs\Microsoft VS Code\bin;C:\Program Files\apache-tomcat-6.0.35\lib;C:\Program Files\Microsoft\Web Platform Installer\;D:\flutter-sdk\bin;C:\WINDOWS\system32;C:\WINDOWS;C:\WINDOWS\System32\Wbem;C:\WINDOWS\System32\WindowsPowerShell\v1.0\;C:\WINDOWS\System32\OpenSSH\;C:\Program Files\nodejs\;D:\Paul\SITES\Pride\OrbitR Biometric Package\GriauleDLLs\GriauleFingerPrintDll_64bit;C:\Users\Gamwanga\.windows-build-tools\python27\;C:\Program Files (x86)\Sophos\Sophos SSL VPN Client\bin;C:\Microsoft VS Code\bin;C:\Program Files (x86)\Embarcadero\DBA541;C:\Program Files (x86)\Embarcadero\June2001Shared;C:\Program Files\JetBrains\IntelliJ IDEA Community Edition 2021.2\bin;C:\Program Files\heroku\bin
USERNAME=Gamwanga
OS=Windows_NT
PROCESSOR_IDENTIFIER=Intel64 Family 6 Model 142 Stepping 12, GenuineIntel



---------------  S Y S T E M  ---------------

OS: Windows 10 , 64 bit Build 19041 (10.0.19041.1466)

CPU:total 8 (initial active 8) (4 cores per cpu, 2 threads per core) family 6 model 142 stepping 12 microcode 0xea, cmov, cx8, fxsr, mmx, sse, sse2, sse3, ssse3, sse4.1, sse4.2, popcnt, avx, avx2, aes, clmul, erms, 3dnowpref, lzcnt, ht, tsc, tscinvbit, bmi1, bmi2, adx, fma

Memory: 4k page, system-wide physical 16221M (770M free)
TotalPageFile size 46703M (AvailPageFile size 776M)
current process WorkingSet (physical memory assigned to process): 411M, peak: 440M
current process commit charge ("private bytes"): 532M, peak: 599M

vm_info: Java HotSpot(TM) 64-Bit Server VM (11.0.12+8-LTS-237) for windows-amd64 JRE (11.0.12+8-LTS-237), built on Jun  8 2021 11:25:59 by "mach5one" with MS VC++ 15.9 (VS2017)

END.
