#
# There is insufficient memory for the Java Runtime Environment to continue.
# Native memory allocation (malloc) failed to allocate 887376 bytes for Chunk::new
# Possible reasons:
#   The system is out of physical RAM or swap space
#   The process is running with CompressedOops enabled, and the Java Heap may be blocking the growth of the native heap
# Possible solutions:
#   Reduce memory load on the system
#   Increase physical memory or swap space
#   Check if swap backing store is full
#   Decrease Java heap size (-Xmx/-Xms)
#   Decrease number of Java threads
#   Decrease Java thread stack sizes (-Xss)
#   Set larger code cache with -XX:ReservedCodeCacheSize=
#   JVM is running with Zero Based Compressed Oops mode in which the Java heap is
#     placed in the first 32GB address space. The Java Heap base address is the
#     maximum limit for the native heap growth. Please use -XX:HeapBaseMinAddress
#     to set the Java Heap base and to place the Java Heap above 32GB virtual address.
# This output file may be truncated or incomplete.
#
#  Out of Memory Error (./open/src/hotspot/share/memory/arena.cpp:197), pid=28248, tid=19504
#
# JRE version: Java(TM) SE Runtime Environment 18.9 (11.0.12+8) (build 11.0.12+8-LTS-237)
# Java VM: Java HotSpot(TM) 64-Bit Server VM 18.9 (11.0.12+8-LTS-237, mixed mode, tiered, compressed oops, g1 gc, windows-amd64)
# No core dump will be written. Minidumps are not enabled by default on client versions of Windows
#

---------------  S U M M A R Y ------------

Command Line: -Dfile.encoding=windows-1252 -Duser.country=US -Duser.language=en -Duser.variant com.micropay.webcash.WebcashApiApplication

Host: Intel(R) Core(TM) i7-10510U CPU @ 1.80GHz, 8 cores, 15G,  Windows 10 , 64 bit Build 19041 (10.0.19041.1466)
Time: Wed Jan 26 10:38:59 2022 E. Africa Standard Time elapsed time: 25.334245 seconds (0d 0h 0m 25s)

---------------  T H R E A D  ---------------

Current thread (0x000001b37df5a000):  JavaThread "C2 CompilerThread0" daemon [_thread_in_native, id=19504, stack(0x0000003341800000,0x0000003341900000)]


Current CompileTask:
C2:  25335 6789 % !   4       org.springframework.beans.factory.support.DefaultListableBeanFactory::doGetBeanNamesForType @ 20 (511 bytes)

Stack: [0x0000003341800000,0x0000003341900000]
Native frames: (J=compiled Java code, j=interpreted, Vv=VM code, C=native code)
V  [jvm.dll+0x617d9a]
V  [jvm.dll+0x74eeef]
V  [jvm.dll+0x750599]
V  [jvm.dll+0x750c23]
V  [jvm.dll+0x2438d8]
V  [jvm.dll+0xba6dc]
V  [jvm.dll+0xbac9c]
V  [jvm.dll+0x346972]
V  [jvm.dll+0x194071]
V  [jvm.dll+0x1fd212]
V  [jvm.dll+0x1fc2ed]
V  [jvm.dll+0x17f18c]
V  [jvm.dll+0x20b87c]
V  [jvm.dll+0x20997b]
V  [jvm.dll+0x716359]
V  [jvm.dll+0x70f064]
V  [jvm.dll+0x616f66]
C  [ucrtbase.dll+0x21bb2]
C  [KERNEL32.DLL+0x17034]
C  [ntdll.dll+0x52651]


---------------  P R O C E S S  ---------------

Threads class SMR info:
_java_thread_list=0x000001b30458c770, length=18, elements={
0x000001b357d38800, 0x000001b37d646800, 0x000001b37d650000, 0x000001b37df54800,
0x000001b37df57000, 0x000001b37df59000, 0x000001b37df5a000, 0x000001b37df68000,
0x000001b37df6b800, 0x000001b37e082800, 0x000001b37e1c2000, 0x000001b37f0d4800,
0x000001b37e90a000, 0x000001b302a4b800, 0x000001b3001d4000, 0x000001b30466b800,
0x000001b303a66800, 0x000001b30695e800
}

Java Threads: ( => current thread )
  0x000001b357d38800 JavaThread "main" [_thread_blocked, id=2508, stack(0x0000003340c00000,0x0000003340d00000)]
  0x000001b37d646800 JavaThread "Reference Handler" daemon [_thread_blocked, id=24456, stack(0x0000003341300000,0x0000003341400000)]
  0x000001b37d650000 JavaThread "Finalizer" daemon [_thread_blocked, id=39356, stack(0x0000003341400000,0x0000003341500000)]
  0x000001b37df54800 JavaThread "Signal Dispatcher" daemon [_thread_blocked, id=10692, stack(0x0000003341500000,0x0000003341600000)]
  0x000001b37df57000 JavaThread "Attach Listener" daemon [_thread_blocked, id=20528, stack(0x0000003341600000,0x0000003341700000)]
  0x000001b37df59000 JavaThread "Service Thread" daemon [_thread_blocked, id=43664, stack(0x0000003341700000,0x0000003341800000)]
=>0x000001b37df5a000 JavaThread "C2 CompilerThread0" daemon [_thread_in_native, id=19504, stack(0x0000003341800000,0x0000003341900000)]
  0x000001b37df68000 JavaThread "C1 CompilerThread0" daemon [_thread_blocked, id=41164, stack(0x0000003341900000,0x0000003341a00000)]
  0x000001b37df6b800 JavaThread "Sweeper thread" daemon [_thread_blocked, id=27940, stack(0x0000003341a00000,0x0000003341b00000)]
  0x000001b37e082800 JavaThread "Common-Cleaner" daemon [_thread_blocked, id=42572, stack(0x0000003341c00000,0x0000003341d00000)]
  0x000001b37e1c2000 JavaThread "Thread-0" [_thread_blocked, id=39028, stack(0x0000003341d00000,0x0000003341e00000)]
  0x000001b37f0d4800 JavaThread "restartedMain" [_thread_in_vm, id=48104, stack(0x0000003342300000,0x0000003342400000)]
  0x000001b37e90a000 JavaThread "Catalina-utility-1" [_thread_blocked, id=49060, stack(0x0000003342400000,0x0000003342500000)]
  0x000001b302a4b800 JavaThread "Catalina-utility-2" [_thread_blocked, id=40092, stack(0x0000003342500000,0x0000003342600000)]
  0x000001b3001d4000 JavaThread "container-0" [_thread_blocked, id=47592, stack(0x0000003342900000,0x0000003342a00000)]
  0x000001b30466b800 JavaThread "Timer-0" daemon [_thread_blocked, id=47804, stack(0x0000003342a00000,0x0000003342b00000)]
  0x000001b303a66800 JavaThread "C2 CompilerThread1" daemon [_thread_in_native, id=14360, stack(0x0000003342b00000,0x0000003342c00000)]
  0x000001b30695e800 JavaThread "Live Reload Server" daemon [_thread_in_native, id=20668, stack(0x0000003342d00000,0x0000003342e00000)]

Other Threads:
  0x000001b37d644800 VMThread "VM Thread" [stack: 0x0000003341200000,0x0000003341300000] [id=19080]
  0x000001b37e082000 WatcherThread [stack: 0x0000003341b00000,0x0000003341c00000] [id=45856]
  0x000001b357d4d800 GCTaskThread "GC Thread#0" [stack: 0x0000003340d00000,0x0000003340e00000] [id=48240]
  0x000001b37f223000 GCTaskThread "GC Thread#1" [stack: 0x0000003341e00000,0x0000003341f00000] [id=37792]
  0x000001b37f346000 GCTaskThread "GC Thread#2" [stack: 0x0000003341f00000,0x0000003342000000] [id=22348]
  0x000001b37ec38800 GCTaskThread "GC Thread#3" [stack: 0x0000003342000000,0x0000003342100000] [id=36272]
  0x000001b37f0ad000 GCTaskThread "GC Thread#4" [stack: 0x0000003342100000,0x0000003342200000] [id=41592]
  0x000001b37f3da000 GCTaskThread "GC Thread#5" [stack: 0x0000003342200000,0x0000003342300000] [id=34260]
  0x000001b37f7e7800 GCTaskThread "GC Thread#6" [stack: 0x0000003342600000,0x0000003342700000] [id=48300]
  0x000001b300aab800 GCTaskThread "GC Thread#7" [stack: 0x0000003342700000,0x0000003342800000] [id=45544]
  0x000001b357da9800 ConcurrentGCThread "G1 Main Marker" [stack: 0x0000003340e00000,0x0000003340f00000] [id=3500]
  0x000001b357dac000 ConcurrentGCThread "G1 Conc#0" [stack: 0x0000003340f00000,0x0000003341000000] [id=27564]
  0x000001b37eea6800 ConcurrentGCThread "G1 Conc#1" [stack: 0x0000003342800000,0x0000003342900000] [id=5552]
  0x000001b37d52d800 ConcurrentGCThread "G1 Refine#0" [stack: 0x0000003341000000,0x0000003341100000] [id=15408]
  0x000001b37d52e800 ConcurrentGCThread "G1 Young RemSet Sampling" [stack: 0x0000003341100000,0x0000003341200000] [id=24664]

Threads with active compile tasks:
C2 CompilerThread0  25407 6789 % !   4       org.springframework.beans.factory.support.DefaultListableBeanFactory::doGetBeanNamesForType @ 20 (511 bytes)
C2 CompilerThread1  25408 6756   !   4       java.lang.reflect.Executable::declaredAnnotations (85 bytes)

VM state:not at safepoint (normal execution)

VM Mutex/Monitor currently owned by a thread: None

Heap address: 0x0000000702800000, size: 4056 MB, Compressed Oops mode: Zero based, Oop shift amount: 3
Narrow klass base: 0x0000000800000000, Narrow klass shift: 0
Compressed class space size: 1073741824 Address: 0x0000000800000000

Heap:
 garbage-first heap   total 260096K, used 122049K [0x0000000702800000, 0x0000000800000000)
  region size 1024K, 107 young (109568K), 11 survivors (11264K)
 Metaspace       used 65531K, capacity 67341K, committed 67404K, reserved 1107968K
  class space    used 8260K, capacity 8991K, committed 9036K, reserved 1048576K
Heap Regions: E=young(eden), S=young(survivor), O=old, HS=humongous(starts), HC=humongous(continues), CS=collection set, F=free, A=archive, TAMS=top-at-mark-start (previous, next)
|   0|0x0000000702800000, 0x0000000702900000, 0x0000000702900000|100%|HS|  |TAMS 0x0000000702900000, 0x0000000702800000| Complete 
|   1|0x0000000702900000, 0x0000000702a00000, 0x0000000702a00000|100%| O|  |TAMS 0x0000000702a00000, 0x0000000702900000| Untracked 
|   2|0x0000000702a00000, 0x0000000702b00000, 0x0000000702b00000|100%| O|  |TAMS 0x0000000702b00000, 0x0000000702a00000| Untracked 
|   3|0x0000000702b00000, 0x0000000702c00000, 0x0000000702c00000|100%| O|  |TAMS 0x0000000702c00000, 0x0000000702b00000| Untracked 
|   4|0x0000000702c00000, 0x0000000702d00000, 0x0000000702d00000|100%| O|  |TAMS 0x0000000702d00000, 0x0000000702c00000| Untracked 
|   5|0x0000000702d00000, 0x0000000702e00000, 0x0000000702e00000|100%| O|  |TAMS 0x0000000702e00000, 0x0000000702d00000| Untracked 
|   6|0x0000000702e00000, 0x0000000702f00000, 0x0000000702f00000|100%| O|  |TAMS 0x0000000702f00000, 0x0000000702e00000| Untracked 
|   7|0x0000000702f00000, 0x0000000703000000, 0x0000000703000000|100%| O|  |TAMS 0x0000000703000000, 0x0000000702f00000| Untracked 
|   8|0x0000000703000000, 0x0000000703100000, 0x0000000703100000|100%| O|  |TAMS 0x0000000703100000, 0x0000000703000000| Untracked 
|   9|0x0000000703100000, 0x0000000703200000, 0x0000000703200000|100%| O|  |TAMS 0x0000000703200000, 0x0000000703100000| Untracked 
|  10|0x0000000703200000, 0x0000000703300000, 0x0000000703300000|100%| O|  |TAMS 0x0000000703300000, 0x0000000703200000| Untracked 
|  11|0x0000000703300000, 0x0000000703400000, 0x0000000703400000|100%| O|  |TAMS 0x0000000703400000, 0x0000000703300000| Untracked 
|  12|0x0000000703400000, 0x0000000703500000, 0x0000000703500000|100%| O|  |TAMS 0x0000000703500000, 0x0000000703400000| Untracked 
|  13|0x0000000703500000, 0x0000000703530600, 0x0000000703600000| 18%| O|  |TAMS 0x0000000703530600, 0x0000000703500000| Untracked 
|  14|0x0000000703600000, 0x0000000703600000, 0x0000000703700000|  0%| F|  |TAMS 0x0000000703600000, 0x0000000703600000| Untracked 
|  15|0x0000000703700000, 0x0000000703700000, 0x0000000703800000|  0%| F|  |TAMS 0x0000000703700000, 0x0000000703700000| Untracked 
|  16|0x0000000703800000, 0x0000000703800000, 0x0000000703900000|  0%| F|  |TAMS 0x0000000703800000, 0x0000000703800000| Untracked 
|  17|0x0000000703900000, 0x0000000703900000, 0x0000000703a00000|  0%| F|  |TAMS 0x0000000703900000, 0x0000000703900000| Untracked 
|  18|0x0000000703a00000, 0x0000000703a00000, 0x0000000703b00000|  0%| F|  |TAMS 0x0000000703a00000, 0x0000000703a00000| Untracked 
|  19|0x0000000703b00000, 0x0000000703b00000, 0x0000000703c00000|  0%| F|  |TAMS 0x0000000703b00000, 0x0000000703b00000| Untracked 
|  20|0x0000000703c00000, 0x0000000703c00000, 0x0000000703d00000|  0%| F|  |TAMS 0x0000000703c00000, 0x0000000703c00000| Untracked 
|  21|0x0000000703d00000, 0x0000000703d00000, 0x0000000703e00000|  0%| F|  |TAMS 0x0000000703d00000, 0x0000000703d00000| Untracked 
|  22|0x0000000703e00000, 0x0000000703e00000, 0x0000000703f00000|  0%| F|  |TAMS 0x0000000703e00000, 0x0000000703e00000| Untracked 
|  23|0x0000000703f00000, 0x0000000703f00000, 0x0000000704000000|  0%| F|  |TAMS 0x0000000703f00000, 0x0000000703f00000| Untracked 
|  24|0x0000000704000000, 0x0000000704000000, 0x0000000704100000|  0%| F|  |TAMS 0x0000000704000000, 0x0000000704000000| Untracked 
|  25|0x0000000704100000, 0x0000000704100000, 0x0000000704200000|  0%| F|  |TAMS 0x0000000704100000, 0x0000000704100000| Untracked 
|  26|0x0000000704200000, 0x0000000704200000, 0x0000000704300000|  0%| F|  |TAMS 0x0000000704200000, 0x0000000704200000| Untracked 
|  27|0x0000000704300000, 0x0000000704300000, 0x0000000704400000|  0%| F|  |TAMS 0x0000000704300000, 0x0000000704300000| Untracked 
|  28|0x0000000704400000, 0x0000000704400000, 0x0000000704500000|  0%| F|  |TAMS 0x0000000704400000, 0x0000000704400000| Untracked 
|  29|0x0000000704500000, 0x0000000704500000, 0x0000000704600000|  0%| F|  |TAMS 0x0000000704500000, 0x0000000704500000| Untracked 
|  30|0x0000000704600000, 0x0000000704600000, 0x0000000704700000|  0%| F|  |TAMS 0x0000000704600000, 0x0000000704600000| Untracked 
|  31|0x0000000704700000, 0x0000000704700000, 0x0000000704800000|  0%| F|  |TAMS 0x0000000704700000, 0x0000000704700000| Untracked 
|  32|0x0000000704800000, 0x0000000704800000, 0x0000000704900000|  0%| F|  |TAMS 0x0000000704800000, 0x0000000704800000| Untracked 
|  33|0x0000000704900000, 0x0000000704900000, 0x0000000704a00000|  0%| F|  |TAMS 0x0000000704900000, 0x0000000704900000| Untracked 
|  34|0x0000000704a00000, 0x0000000704a00000, 0x0000000704b00000|  0%| F|  |TAMS 0x0000000704a00000, 0x0000000704a00000| Untracked 
|  35|0x0000000704b00000, 0x0000000704b00000, 0x0000000704c00000|  0%| F|  |TAMS 0x0000000704b00000, 0x0000000704b00000| Untracked 
|  36|0x0000000704c00000, 0x0000000704c00000, 0x0000000704d00000|  0%| F|  |TAMS 0x0000000704c00000, 0x0000000704c00000| Untracked 
|  37|0x0000000704d00000, 0x0000000704d00000, 0x0000000704e00000|  0%| F|  |TAMS 0x0000000704d00000, 0x0000000704d00000| Untracked 
|  38|0x0000000704e00000, 0x0000000704e00000, 0x0000000704f00000|  0%| F|  |TAMS 0x0000000704e00000, 0x0000000704e00000| Untracked 
|  39|0x0000000704f00000, 0x0000000704f00000, 0x0000000705000000|  0%| F|  |TAMS 0x0000000704f00000, 0x0000000704f00000| Untracked 
|  40|0x0000000705000000, 0x0000000705000000, 0x0000000705100000|  0%| F|  |TAMS 0x0000000705000000, 0x0000000705000000| Untracked 
|  41|0x0000000705100000, 0x0000000705100000, 0x0000000705200000|  0%| F|  |TAMS 0x0000000705100000, 0x0000000705100000| Untracked 
|  42|0x0000000705200000, 0x0000000705200000, 0x0000000705300000|  0%| F|  |TAMS 0x0000000705200000, 0x0000000705200000| Untracked 
|  43|0x0000000705300000, 0x0000000705300000, 0x0000000705400000|  0%| F|  |TAMS 0x0000000705300000, 0x0000000705300000| Untracked 
|  44|0x0000000705400000, 0x0000000705400000, 0x0000000705500000|  0%| F|  |TAMS 0x0000000705400000, 0x0000000705400000| Untracked 
|  45|0x0000000705500000, 0x0000000705500000, 0x0000000705600000|  0%| F|  |TAMS 0x0000000705500000, 0x0000000705500000| Untracked 
|  46|0x0000000705600000, 0x0000000705600000, 0x0000000705700000|  0%| F|  |TAMS 0x0000000705600000, 0x0000000705600000| Untracked 
|  47|0x0000000705700000, 0x0000000705700000, 0x0000000705800000|  0%| F|  |TAMS 0x0000000705700000, 0x0000000705700000| Untracked 
|  48|0x0000000705800000, 0x0000000705800000, 0x0000000705900000|  0%| F|  |TAMS 0x0000000705800000, 0x0000000705800000| Untracked 
|  49|0x0000000705900000, 0x0000000705900000, 0x0000000705a00000|  0%| F|  |TAMS 0x0000000705900000, 0x0000000705900000| Untracked 
|  50|0x0000000705a00000, 0x0000000705a00000, 0x0000000705b00000|  0%| F|  |TAMS 0x0000000705a00000, 0x0000000705a00000| Untracked 
|  51|0x0000000705b00000, 0x0000000705b00000, 0x0000000705c00000|  0%| F|  |TAMS 0x0000000705b00000, 0x0000000705b00000| Untracked 
|  52|0x0000000705c00000, 0x0000000705c00000, 0x0000000705d00000|  0%| F|  |TAMS 0x0000000705c00000, 0x0000000705c00000| Untracked 
|  53|0x0000000705d00000, 0x0000000705d00000, 0x0000000705e00000|  0%| F|  |TAMS 0x0000000705d00000, 0x0000000705d00000| Untracked 
|  54|0x0000000705e00000, 0x0000000705e00000, 0x0000000705f00000|  0%| F|  |TAMS 0x0000000705e00000, 0x0000000705e00000| Untracked 
|  55|0x0000000705f00000, 0x0000000705f00000, 0x0000000706000000|  0%| F|  |TAMS 0x0000000705f00000, 0x0000000705f00000| Untracked 
|  56|0x0000000706000000, 0x0000000706000000, 0x0000000706100000|  0%| F|  |TAMS 0x0000000706000000, 0x0000000706000000| Untracked 
|  57|0x0000000706100000, 0x0000000706100000, 0x0000000706200000|  0%| F|  |TAMS 0x0000000706100000, 0x0000000706100000| Untracked 
|  58|0x0000000706200000, 0x0000000706200000, 0x0000000706300000|  0%| F|  |TAMS 0x0000000706200000, 0x0000000706200000| Untracked 
|  59|0x0000000706300000, 0x0000000706300000, 0x0000000706400000|  0%| F|  |TAMS 0x0000000706300000, 0x0000000706300000| Untracked 
|  60|0x0000000706400000, 0x0000000706400000, 0x0000000706500000|  0%| F|  |TAMS 0x0000000706400000, 0x0000000706400000| Untracked 
|  61|0x0000000706500000, 0x0000000706500000, 0x0000000706600000|  0%| F|  |TAMS 0x0000000706500000, 0x0000000706500000| Untracked 
|  62|0x0000000706600000, 0x0000000706600000, 0x0000000706700000|  0%| F|  |TAMS 0x0000000706600000, 0x0000000706600000| Untracked 
|  63|0x0000000706700000, 0x0000000706700000, 0x0000000706800000|  0%| F|  |TAMS 0x0000000706700000, 0x0000000706700000| Untracked 
|  64|0x0000000706800000, 0x0000000706800000, 0x0000000706900000|  0%| F|  |TAMS 0x0000000706800000, 0x0000000706800000| Untracked 
|  65|0x0000000706900000, 0x0000000706900000, 0x0000000706a00000|  0%| F|  |TAMS 0x0000000706900000, 0x0000000706900000| Untracked 
|  66|0x0000000706a00000, 0x0000000706a00000, 0x0000000706b00000|  0%| F|  |TAMS 0x0000000706a00000, 0x0000000706a00000| Untracked 
|  67|0x0000000706b00000, 0x0000000706b00000, 0x0000000706c00000|  0%| F|  |TAMS 0x0000000706b00000, 0x0000000706b00000| Untracked 
|  68|0x0000000706c00000, 0x0000000706c00000, 0x0000000706d00000|  0%| F|  |TAMS 0x0000000706c00000, 0x0000000706c00000| Untracked 
|  69|0x0000000706d00000, 0x0000000706d00000, 0x0000000706e00000|  0%| F|  |TAMS 0x0000000706d00000, 0x0000000706d00000| Untracked 
|  70|0x0000000706e00000, 0x0000000706e00000, 0x0000000706f00000|  0%| F|  |TAMS 0x0000000706e00000, 0x0000000706e00000| Untracked 
|  71|0x0000000706f00000, 0x0000000706f00000, 0x0000000707000000|  0%| F|  |TAMS 0x0000000706f00000, 0x0000000706f00000| Untracked 
|  72|0x0000000707000000, 0x0000000707000000, 0x0000000707100000|  0%| F|  |TAMS 0x0000000707000000, 0x0000000707000000| Untracked 
|  73|0x0000000707100000, 0x0000000707100000, 0x0000000707200000|  0%| F|  |TAMS 0x0000000707100000, 0x0000000707100000| Untracked 
|  74|0x0000000707200000, 0x0000000707200000, 0x0000000707300000|  0%| F|  |TAMS 0x0000000707200000, 0x0000000707200000| Untracked 
|  75|0x0000000707300000, 0x0000000707300000, 0x0000000707400000|  0%| F|  |TAMS 0x0000000707300000, 0x0000000707300000| Untracked 
|  76|0x0000000707400000, 0x0000000707400000, 0x0000000707500000|  0%| F|  |TAMS 0x0000000707400000, 0x0000000707400000| Untracked 
|  77|0x0000000707500000, 0x0000000707500000, 0x0000000707600000|  0%| F|  |TAMS 0x0000000707500000, 0x0000000707500000| Untracked 
|  78|0x0000000707600000, 0x0000000707600000, 0x0000000707700000|  0%| F|  |TAMS 0x0000000707600000, 0x0000000707600000| Untracked 
|  79|0x0000000707700000, 0x0000000707700000, 0x0000000707800000|  0%| F|  |TAMS 0x0000000707700000, 0x0000000707700000| Untracked 
|  80|0x0000000707800000, 0x0000000707800000, 0x0000000707900000|  0%| F|  |TAMS 0x0000000707800000, 0x0000000707800000| Untracked 
|  81|0x0000000707900000, 0x0000000707900000, 0x0000000707a00000|  0%| F|  |TAMS 0x0000000707900000, 0x0000000707900000| Untracked 
|  82|0x0000000707a00000, 0x0000000707a00000, 0x0000000707b00000|  0%| F|  |TAMS 0x0000000707a00000, 0x0000000707a00000| Untracked 
|  83|0x0000000707b00000, 0x0000000707b00000, 0x0000000707c00000|  0%| F|  |TAMS 0x0000000707b00000, 0x0000000707b00000| Untracked 
|  84|0x0000000707c00000, 0x0000000707c00000, 0x0000000707d00000|  0%| F|  |TAMS 0x0000000707c00000, 0x0000000707c00000| Untracked 
|  85|0x0000000707d00000, 0x0000000707d00000, 0x0000000707e00000|  0%| F|  |TAMS 0x0000000707d00000, 0x0000000707d00000| Untracked 
|  86|0x0000000707e00000, 0x0000000707e00000, 0x0000000707f00000|  0%| F|  |TAMS 0x0000000707e00000, 0x0000000707e00000| Untracked 
|  87|0x0000000707f00000, 0x0000000707f00000, 0x0000000708000000|  0%| F|  |TAMS 0x0000000707f00000, 0x0000000707f00000| Untracked 
|  88|0x0000000708000000, 0x0000000708000000, 0x0000000708100000|  0%| F|  |TAMS 0x0000000708000000, 0x0000000708000000| Untracked 
|  89|0x0000000708100000, 0x0000000708100000, 0x0000000708200000|  0%| F|  |TAMS 0x0000000708100000, 0x0000000708100000| Untracked 
|  90|0x0000000708200000, 0x0000000708200000, 0x0000000708300000|  0%| F|  |TAMS 0x0000000708200000, 0x0000000708200000| Untracked 
|  91|0x0000000708300000, 0x0000000708300000, 0x0000000708400000|  0%| F|  |TAMS 0x0000000708300000, 0x0000000708300000| Untracked 
|  92|0x0000000708400000, 0x0000000708400000, 0x0000000708500000|  0%| F|  |TAMS 0x0000000708400000, 0x0000000708400000| Untracked 
|  93|0x0000000708500000, 0x0000000708500000, 0x0000000708600000|  0%| F|  |TAMS 0x0000000708500000, 0x0000000708500000| Untracked 
|  94|0x0000000708600000, 0x0000000708600000, 0x0000000708700000|  0%| F|  |TAMS 0x0000000708600000, 0x0000000708600000| Untracked 
|  95|0x0000000708700000, 0x0000000708700000, 0x0000000708800000|  0%| F|  |TAMS 0x0000000708700000, 0x0000000708700000| Untracked 
|  96|0x0000000708800000, 0x0000000708800000, 0x0000000708900000|  0%| F|  |TAMS 0x0000000708800000, 0x0000000708800000| Untracked 
|  97|0x0000000708900000, 0x0000000708900000, 0x0000000708a00000|  0%| F|  |TAMS 0x0000000708900000, 0x0000000708900000| Untracked 
|  98|0x0000000708a00000, 0x0000000708a00000, 0x0000000708b00000|  0%| F|  |TAMS 0x0000000708a00000, 0x0000000708a00000| Untracked 
|  99|0x0000000708b00000, 0x0000000708b00000, 0x0000000708c00000|  0%| F|  |TAMS 0x0000000708b00000, 0x0000000708b00000| Untracked 
| 100|0x0000000708c00000, 0x0000000708c00000, 0x0000000708d00000|  0%| F|  |TAMS 0x0000000708c00000, 0x0000000708c00000| Untracked 
| 101|0x0000000708d00000, 0x0000000708d00000, 0x0000000708e00000|  0%| F|  |TAMS 0x0000000708d00000, 0x0000000708d00000| Untracked 
| 102|0x0000000708e00000, 0x0000000708e00000, 0x0000000708f00000|  0%| F|  |TAMS 0x0000000708e00000, 0x0000000708e00000| Untracked 
| 103|0x0000000708f00000, 0x0000000708f00000, 0x0000000709000000|  0%| F|  |TAMS 0x0000000708f00000, 0x0000000708f00000| Untracked 
| 104|0x0000000709000000, 0x0000000709000000, 0x0000000709100000|  0%| F|  |TAMS 0x0000000709000000, 0x0000000709000000| Untracked 
| 105|0x0000000709100000, 0x0000000709100000, 0x0000000709200000|  0%| F|  |TAMS 0x0000000709100000, 0x0000000709100000| Untracked 
| 106|0x0000000709200000, 0x0000000709200000, 0x0000000709300000|  0%| F|  |TAMS 0x0000000709200000, 0x0000000709200000| Untracked 
| 107|0x0000000709300000, 0x0000000709300000, 0x0000000709400000|  0%| F|  |TAMS 0x0000000709300000, 0x0000000709300000| Untracked 
| 108|0x0000000709400000, 0x0000000709400000, 0x0000000709500000|  0%| F|  |TAMS 0x0000000709400000, 0x0000000709400000| Untracked 
| 109|0x0000000709500000, 0x0000000709500000, 0x0000000709600000|  0%| F|  |TAMS 0x0000000709500000, 0x0000000709500000| Untracked 
| 110|0x0000000709600000, 0x0000000709600000, 0x0000000709700000|  0%| F|  |TAMS 0x0000000709600000, 0x0000000709600000| Untracked 
| 111|0x0000000709700000, 0x0000000709700000, 0x0000000709800000|  0%| F|  |TAMS 0x0000000709700000, 0x0000000709700000| Untracked 
| 112|0x0000000709800000, 0x0000000709800000, 0x0000000709900000|  0%| F|  |TAMS 0x0000000709800000, 0x0000000709800000| Untracked 
| 113|0x0000000709900000, 0x0000000709900000, 0x0000000709a00000|  0%| F|  |TAMS 0x0000000709900000, 0x0000000709900000| Untracked 
| 114|0x0000000709a00000, 0x0000000709a00000, 0x0000000709b00000|  0%| F|  |TAMS 0x0000000709a00000, 0x0000000709a00000| Untracked 
| 115|0x0000000709b00000, 0x0000000709b00000, 0x0000000709c00000|  0%| F|  |TAMS 0x0000000709b00000, 0x0000000709b00000| Untracked 
| 116|0x0000000709c00000, 0x0000000709c00000, 0x0000000709d00000|  0%| F|  |TAMS 0x0000000709c00000, 0x0000000709c00000| Untracked 
| 117|0x0000000709d00000, 0x0000000709d00000, 0x0000000709e00000|  0%| F|  |TAMS 0x0000000709d00000, 0x0000000709d00000| Untracked 
| 118|0x0000000709e00000, 0x0000000709e00000, 0x0000000709f00000|  0%| F|  |TAMS 0x0000000709e00000, 0x0000000709e00000| Untracked 
| 119|0x0000000709f00000, 0x0000000709f00000, 0x000000070a000000|  0%| F|  |TAMS 0x0000000709f00000, 0x0000000709f00000| Untracked 
| 120|0x000000070a000000, 0x000000070a000000, 0x000000070a100000|  0%| F|  |TAMS 0x000000070a000000, 0x000000070a000000| Untracked 
| 121|0x000000070a100000, 0x000000070a100000, 0x000000070a200000|  0%| F|  |TAMS 0x000000070a100000, 0x000000070a100000| Untracked 
| 122|0x000000070a200000, 0x000000070a200000, 0x000000070a300000|  0%| F|  |TAMS 0x000000070a200000, 0x000000070a200000| Untracked 
| 123|0x000000070a300000, 0x000000070a300000, 0x000000070a400000|  0%| F|  |TAMS 0x000000070a300000, 0x000000070a300000| Untracked 
| 124|0x000000070a400000, 0x000000070a400000, 0x000000070a500000|  0%| F|  |TAMS 0x000000070a400000, 0x000000070a400000| Untracked 
| 125|0x000000070a500000, 0x000000070a500000, 0x000000070a600000|  0%| F|  |TAMS 0x000000070a500000, 0x000000070a500000| Untracked 
| 126|0x000000070a600000, 0x000000070a600000, 0x000000070a700000|  0%| F|  |TAMS 0x000000070a600000, 0x000000070a600000| Untracked 
| 127|0x000000070a700000, 0x000000070a700000, 0x000000070a800000|  0%| F|  |TAMS 0x000000070a700000, 0x000000070a700000| Untracked 
| 128|0x000000070a800000, 0x000000070a800000, 0x000000070a900000|  0%| F|  |TAMS 0x000000070a800000, 0x000000070a800000| Untracked 
| 129|0x000000070a900000, 0x000000070a900000, 0x000000070aa00000|  0%| F|  |TAMS 0x000000070a900000, 0x000000070a900000| Untracked 
| 130|0x000000070aa00000, 0x000000070aa00000, 0x000000070ab00000|  0%| F|  |TAMS 0x000000070aa00000, 0x000000070aa00000| Untracked 
| 131|0x000000070ab00000, 0x000000070ab00000, 0x000000070ac00000|  0%| F|  |TAMS 0x000000070ab00000, 0x000000070ab00000| Untracked 
| 132|0x000000070ac00000, 0x000000070ac00000, 0x000000070ad00000|  0%| F|  |TAMS 0x000000070ac00000, 0x000000070ac00000| Untracked 
| 133|0x000000070ad00000, 0x000000070ad00000, 0x000000070ae00000|  0%| F|  |TAMS 0x000000070ad00000, 0x000000070ad00000| Untracked 
| 134|0x000000070ae00000, 0x000000070ae00000, 0x000000070af00000|  0%| F|  |TAMS 0x000000070ae00000, 0x000000070ae00000| Untracked 
| 135|0x000000070af00000, 0x000000070af00000, 0x000000070b000000|  0%| F|  |TAMS 0x000000070af00000, 0x000000070af00000| Untracked 
| 136|0x000000070b000000, 0x000000070b000000, 0x000000070b100000|  0%| F|  |TAMS 0x000000070b000000, 0x000000070b000000| Untracked 
| 137|0x000000070b100000, 0x000000070b100000, 0x000000070b200000|  0%| F|  |TAMS 0x000000070b100000, 0x000000070b100000| Untracked 
| 138|0x000000070b200000, 0x000000070b200000, 0x000000070b300000|  0%| F|  |TAMS 0x000000070b200000, 0x000000070b200000| Untracked 
| 139|0x000000070b300000, 0x000000070b300000, 0x000000070b400000|  0%| F|  |TAMS 0x000000070b300000, 0x000000070b300000| Untracked 
| 140|0x000000070b400000, 0x000000070b400000, 0x000000070b500000|  0%| F|  |TAMS 0x000000070b400000, 0x000000070b400000| Untracked 
| 141|0x000000070b500000, 0x000000070b500000, 0x000000070b600000|  0%| F|  |TAMS 0x000000070b500000, 0x000000070b500000| Untracked 
| 142|0x000000070b600000, 0x000000070b600000, 0x000000070b700000|  0%| F|  |TAMS 0x000000070b600000, 0x000000070b600000| Untracked 
| 143|0x000000070b700000, 0x000000070b700000, 0x000000070b800000|  0%| F|  |TAMS 0x000000070b700000, 0x000000070b700000| Untracked 
| 144|0x000000070b800000, 0x000000070b800000, 0x000000070b900000|  0%| F|  |TAMS 0x000000070b800000, 0x000000070b800000| Untracked 
| 145|0x000000070b900000, 0x000000070b980800, 0x000000070ba00000| 50%| E|  |TAMS 0x000000070b900000, 0x000000070b900000| Complete 
| 146|0x000000070ba00000, 0x000000070bb00000, 0x000000070bb00000|100%| E|CS|TAMS 0x000000070ba00000, 0x000000070ba00000| Complete 
| 147|0x000000070bb00000, 0x000000070bc00000, 0x000000070bc00000|100%| E|CS|TAMS 0x000000070bb00000, 0x000000070bb00000| Complete 
| 148|0x000000070bc00000, 0x000000070bd00000, 0x000000070bd00000|100%| E|CS|TAMS 0x000000070bc00000, 0x000000070bc00000| Complete 
| 149|0x000000070bd00000, 0x000000070be00000, 0x000000070be00000|100%| E|CS|TAMS 0x000000070bd00000, 0x000000070bd00000| Complete 
| 150|0x000000070be00000, 0x000000070bf00000, 0x000000070bf00000|100%| E|CS|TAMS 0x000000070be00000, 0x000000070be00000| Complete 
| 151|0x000000070bf00000, 0x000000070c000000, 0x000000070c000000|100%| E|CS|TAMS 0x000000070bf00000, 0x000000070bf00000| Complete 
| 152|0x000000070c000000, 0x000000070c100000, 0x000000070c100000|100%| E|CS|TAMS 0x000000070c000000, 0x000000070c000000| Complete 
| 153|0x000000070c100000, 0x000000070c200000, 0x000000070c200000|100%| E|CS|TAMS 0x000000070c100000, 0x000000070c100000| Complete 
| 154|0x000000070c200000, 0x000000070c300000, 0x000000070c300000|100%| E|CS|TAMS 0x000000070c200000, 0x000000070c200000| Complete 
| 155|0x000000070c300000, 0x000000070c400000, 0x000000070c400000|100%| E|CS|TAMS 0x000000070c300000, 0x000000070c300000| Complete 
| 156|0x000000070c400000, 0x000000070c500000, 0x000000070c500000|100%| E|CS|TAMS 0x000000070c400000, 0x000000070c400000| Complete 
| 157|0x000000070c500000, 0x000000070c600000, 0x000000070c600000|100%| E|CS|TAMS 0x000000070c500000, 0x000000070c500000| Complete 
| 158|0x000000070c600000, 0x000000070c700000, 0x000000070c700000|100%| E|CS|TAMS 0x000000070c600000, 0x000000070c600000| Complete 
| 159|0x000000070c700000, 0x000000070c800000, 0x000000070c800000|100%| E|CS|TAMS 0x000000070c700000, 0x000000070c700000| Complete 
| 160|0x000000070c800000, 0x000000070c900000, 0x000000070c900000|100%| E|CS|TAMS 0x000000070c800000, 0x000000070c800000| Complete 
| 161|0x000000070c900000, 0x000000070ca00000, 0x000000070ca00000|100%| E|CS|TAMS 0x000000070c900000, 0x000000070c900000| Complete 
| 162|0x000000070ca00000, 0x000000070cb00000, 0x000000070cb00000|100%| E|CS|TAMS 0x000000070ca00000, 0x000000070ca00000| Complete 
| 163|0x000000070cb00000, 0x000000070cc00000, 0x000000070cc00000|100%| E|CS|TAMS 0x000000070cb00000, 0x000000070cb00000| Complete 
| 164|0x000000070cc00000, 0x000000070cd00000, 0x000000070cd00000|100%| E|CS|TAMS 0x000000070cc00000, 0x000000070cc00000| Complete 
| 165|0x000000070cd00000, 0x000000070ce00000, 0x000000070ce00000|100%| E|CS|TAMS 0x000000070cd00000, 0x000000070cd00000| Complete 
| 166|0x000000070ce00000, 0x000000070cf00000, 0x000000070cf00000|100%| E|CS|TAMS 0x000000070ce00000, 0x000000070ce00000| Complete 
| 167|0x000000070cf00000, 0x000000070d000000, 0x000000070d000000|100%| E|CS|TAMS 0x000000070cf00000, 0x000000070cf00000| Complete 
| 168|0x000000070d000000, 0x000000070d100000, 0x000000070d100000|100%| E|CS|TAMS 0x000000070d000000, 0x000000070d000000| Complete 
| 169|0x000000070d100000, 0x000000070d200000, 0x000000070d200000|100%| E|CS|TAMS 0x000000070d100000, 0x000000070d100000| Complete 
| 170|0x000000070d200000, 0x000000070d300000, 0x000000070d300000|100%| E|CS|TAMS 0x000000070d200000, 0x000000070d200000| Complete 
| 171|0x000000070d300000, 0x000000070d400000, 0x000000070d400000|100%| E|CS|TAMS 0x000000070d300000, 0x000000070d300000| Complete 
| 172|0x000000070d400000, 0x000000070d500000, 0x000000070d500000|100%| E|CS|TAMS 0x000000070d400000, 0x000000070d400000| Complete 
| 173|0x000000070d500000, 0x000000070d600000, 0x000000070d600000|100%| E|CS|TAMS 0x000000070d500000, 0x000000070d500000| Complete 
| 174|0x000000070d600000, 0x000000070d700000, 0x000000070d700000|100%| E|CS|TAMS 0x000000070d600000, 0x000000070d600000| Complete 
| 175|0x000000070d700000, 0x000000070d800000, 0x000000070d800000|100%| E|CS|TAMS 0x000000070d700000, 0x000000070d700000| Complete 
| 176|0x000000070d800000, 0x000000070d900000, 0x000000070d900000|100%| E|CS|TAMS 0x000000070d800000, 0x000000070d800000| Complete 
| 177|0x000000070d900000, 0x000000070da00000, 0x000000070da00000|100%| E|CS|TAMS 0x000000070d900000, 0x000000070d900000| Complete 
| 178|0x000000070da00000, 0x000000070db00000, 0x000000070db00000|100%| E|CS|TAMS 0x000000070da00000, 0x000000070da00000| Complete 
| 179|0x000000070db00000, 0x000000070dc00000, 0x000000070dc00000|100%| E|CS|TAMS 0x000000070db00000, 0x000000070db00000| Complete 
| 180|0x000000070dc00000, 0x000000070dd00000, 0x000000070dd00000|100%| E|CS|TAMS 0x000000070dc00000, 0x000000070dc00000| Complete 
| 181|0x000000070dd00000, 0x000000070de00000, 0x000000070de00000|100%| E|CS|TAMS 0x000000070dd00000, 0x000000070dd00000| Complete 
| 182|0x000000070de00000, 0x000000070df00000, 0x000000070df00000|100%| E|CS|TAMS 0x000000070de00000, 0x000000070de00000| Complete 
| 183|0x000000070df00000, 0x000000070e000000, 0x000000070e000000|100%| E|CS|TAMS 0x000000070df00000, 0x000000070df00000| Complete 
| 184|0x000000070e000000, 0x000000070e100000, 0x000000070e100000|100%| E|CS|TAMS 0x000000070e000000, 0x000000070e000000| Complete 
| 185|0x000000070e100000, 0x000000070e200000, 0x000000070e200000|100%| E|CS|TAMS 0x000000070e100000, 0x000000070e100000| Complete 
| 186|0x000000070e200000, 0x000000070e300000, 0x000000070e300000|100%| E|CS|TAMS 0x000000070e200000, 0x000000070e200000| Complete 
| 187|0x000000070e300000, 0x000000070e400000, 0x000000070e400000|100%| E|CS|TAMS 0x000000070e300000, 0x000000070e300000| Complete 
| 188|0x000000070e400000, 0x000000070e500000, 0x000000070e500000|100%| E|CS|TAMS 0x000000070e400000, 0x000000070e400000| Complete 
| 189|0x000000070e500000, 0x000000070e600000, 0x000000070e600000|100%| E|CS|TAMS 0x000000070e500000, 0x000000070e500000| Complete 
| 190|0x000000070e600000, 0x000000070e700000, 0x000000070e700000|100%| E|CS|TAMS 0x000000070e600000, 0x000000070e600000| Complete 
| 191|0x000000070e700000, 0x000000070e800000, 0x000000070e800000|100%| E|CS|TAMS 0x000000070e700000, 0x000000070e700000| Complete 
| 192|0x000000070e800000, 0x000000070e900000, 0x000000070e900000|100%| E|CS|TAMS 0x000000070e800000, 0x000000070e800000| Complete 
| 193|0x000000070e900000, 0x000000070ea00000, 0x000000070ea00000|100%| E|CS|TAMS 0x000000070e900000, 0x000000070e900000| Complete 
| 194|0x000000070ea00000, 0x000000070eb00000, 0x000000070eb00000|100%| E|CS|TAMS 0x000000070ea00000, 0x000000070ea00000| Complete 
| 195|0x000000070eb00000, 0x000000070ec00000, 0x000000070ec00000|100%| E|CS|TAMS 0x000000070eb00000, 0x000000070eb00000| Complete 
| 196|0x000000070ec00000, 0x000000070ed00000, 0x000000070ed00000|100%| E|CS|TAMS 0x000000070ec00000, 0x000000070ec00000| Complete 
| 197|0x000000070ed00000, 0x000000070ee00000, 0x000000070ee00000|100%| E|CS|TAMS 0x000000070ed00000, 0x000000070ed00000| Complete 
| 198|0x000000070ee00000, 0x000000070ef00000, 0x000000070ef00000|100%| E|CS|TAMS 0x000000070ee00000, 0x000000070ee00000| Complete 
| 199|0x000000070ef00000, 0x000000070f000000, 0x000000070f000000|100%| E|CS|TAMS 0x000000070ef00000, 0x000000070ef00000| Complete 
| 200|0x000000070f000000, 0x000000070f100000, 0x000000070f100000|100%| E|CS|TAMS 0x000000070f000000, 0x000000070f000000| Complete 
| 201|0x000000070f100000, 0x000000070f200000, 0x000000070f200000|100%| E|CS|TAMS 0x000000070f100000, 0x000000070f100000| Complete 
| 202|0x000000070f200000, 0x000000070f300000, 0x000000070f300000|100%| E|CS|TAMS 0x000000070f200000, 0x000000070f200000| Complete 
| 203|0x000000070f300000, 0x000000070f400000, 0x000000070f400000|100%| E|CS|TAMS 0x000000070f300000, 0x000000070f300000| Complete 
| 204|0x000000070f400000, 0x000000070f500000, 0x000000070f500000|100%| E|CS|TAMS 0x000000070f400000, 0x000000070f400000| Complete 
| 205|0x000000070f500000, 0x000000070f600000, 0x000000070f600000|100%| E|CS|TAMS 0x000000070f500000, 0x000000070f500000| Complete 
| 206|0x000000070f600000, 0x000000070f700000, 0x000000070f700000|100%| E|CS|TAMS 0x000000070f600000, 0x000000070f600000| Complete 
| 207|0x000000070f700000, 0x000000070f800000, 0x000000070f800000|100%| E|CS|TAMS 0x000000070f700000, 0x000000070f700000| Complete 
| 208|0x000000070f800000, 0x000000070f900000, 0x000000070f900000|100%| E|CS|TAMS 0x000000070f800000, 0x000000070f800000| Complete 
| 209|0x000000070f900000, 0x000000070fa00000, 0x000000070fa00000|100%| E|CS|TAMS 0x000000070f900000, 0x000000070f900000| Complete 
| 210|0x000000070fa00000, 0x000000070fb00000, 0x000000070fb00000|100%| E|CS|TAMS 0x000000070fa00000, 0x000000070fa00000| Complete 
| 211|0x000000070fb00000, 0x000000070fc00000, 0x000000070fc00000|100%| E|CS|TAMS 0x000000070fb00000, 0x000000070fb00000| Complete 
| 212|0x000000070fc00000, 0x000000070fd00000, 0x000000070fd00000|100%| E|CS|TAMS 0x000000070fc00000, 0x000000070fc00000| Complete 
| 213|0x000000070fd00000, 0x000000070fe00000, 0x000000070fe00000|100%| E|CS|TAMS 0x000000070fd00000, 0x000000070fd00000| Complete 
| 214|0x000000070fe00000, 0x000000070ff00000, 0x000000070ff00000|100%| E|CS|TAMS 0x000000070fe00000, 0x000000070fe00000| Complete 
| 215|0x000000070ff00000, 0x0000000710000000, 0x0000000710000000|100%| E|CS|TAMS 0x000000070ff00000, 0x000000070ff00000| Complete 
| 216|0x0000000710000000, 0x0000000710100000, 0x0000000710100000|100%| E|CS|TAMS 0x0000000710000000, 0x0000000710000000| Complete 
| 217|0x0000000710100000, 0x0000000710200000, 0x0000000710200000|100%| E|CS|TAMS 0x0000000710100000, 0x0000000710100000| Complete 
| 218|0x0000000710200000, 0x0000000710300000, 0x0000000710300000|100%| E|CS|TAMS 0x0000000710200000, 0x0000000710200000| Complete 
| 219|0x0000000710300000, 0x0000000710400000, 0x0000000710400000|100%| E|CS|TAMS 0x0000000710300000, 0x0000000710300000| Complete 
| 220|0x0000000710400000, 0x0000000710500000, 0x0000000710500000|100%| E|CS|TAMS 0x0000000710400000, 0x0000000710400000| Complete 
| 221|0x0000000710500000, 0x0000000710600000, 0x0000000710600000|100%| E|CS|TAMS 0x0000000710500000, 0x0000000710500000| Complete 
| 222|0x0000000710600000, 0x0000000710700000, 0x0000000710700000|100%| E|CS|TAMS 0x0000000710600000, 0x0000000710600000| Complete 
| 223|0x0000000710700000, 0x0000000710800000, 0x0000000710800000|100%| E|CS|TAMS 0x0000000710700000, 0x0000000710700000| Complete 
| 224|0x0000000710800000, 0x0000000710900000, 0x0000000710900000|100%| E|CS|TAMS 0x0000000710800000, 0x0000000710800000| Complete 
| 225|0x0000000710900000, 0x0000000710a00000, 0x0000000710a00000|100%| E|CS|TAMS 0x0000000710900000, 0x0000000710900000| Complete 
| 226|0x0000000710a00000, 0x0000000710b00000, 0x0000000710b00000|100%| E|CS|TAMS 0x0000000710a00000, 0x0000000710a00000| Complete 
| 227|0x0000000710b00000, 0x0000000710c00000, 0x0000000710c00000|100%| E|CS|TAMS 0x0000000710b00000, 0x0000000710b00000| Complete 
| 228|0x0000000710c00000, 0x0000000710d00000, 0x0000000710d00000|100%| E|CS|TAMS 0x0000000710c00000, 0x0000000710c00000| Complete 
| 229|0x0000000710d00000, 0x0000000710e00000, 0x0000000710e00000|100%| E|CS|TAMS 0x0000000710d00000, 0x0000000710d00000| Complete 
| 230|0x0000000710e00000, 0x0000000710f00000, 0x0000000710f00000|100%| E|CS|TAMS 0x0000000710e00000, 0x0000000710e00000| Complete 
| 231|0x0000000710f00000, 0x0000000711000000, 0x0000000711000000|100%| E|CS|TAMS 0x0000000710f00000, 0x0000000710f00000| Complete 
| 232|0x0000000711000000, 0x0000000711100000, 0x0000000711100000|100%| E|CS|TAMS 0x0000000711000000, 0x0000000711000000| Complete 
| 233|0x0000000711100000, 0x0000000711200000, 0x0000000711200000|100%| E|CS|TAMS 0x0000000711100000, 0x0000000711100000| Complete 
| 234|0x0000000711200000, 0x0000000711300000, 0x0000000711300000|100%| E|CS|TAMS 0x0000000711200000, 0x0000000711200000| Complete 
| 235|0x0000000711300000, 0x0000000711400000, 0x0000000711400000|100%| E|CS|TAMS 0x0000000711300000, 0x0000000711300000| Complete 
| 236|0x0000000711400000, 0x0000000711500000, 0x0000000711500000|100%| E|CS|TAMS 0x0000000711400000, 0x0000000711400000| Complete 
| 237|0x0000000711500000, 0x0000000711600000, 0x0000000711600000|100%| E|CS|TAMS 0x0000000711500000, 0x0000000711500000| Complete 
| 238|0x0000000711600000, 0x0000000711700000, 0x0000000711700000|100%| S|CS|TAMS 0x0000000711600000, 0x0000000711600000| Complete 
| 239|0x0000000711700000, 0x0000000711800000, 0x0000000711800000|100%| S|CS|TAMS 0x0000000711700000, 0x0000000711700000| Complete 
| 240|0x0000000711800000, 0x0000000711900000, 0x0000000711900000|100%| S|CS|TAMS 0x0000000711800000, 0x0000000711800000| Complete 
| 241|0x0000000711900000, 0x0000000711a00000, 0x0000000711a00000|100%| S|CS|TAMS 0x0000000711900000, 0x0000000711900000| Complete 
| 242|0x0000000711a00000, 0x0000000711b00000, 0x0000000711b00000|100%| S|CS|TAMS 0x0000000711a00000, 0x0000000711a00000| Complete 
| 243|0x0000000711b00000, 0x0000000711c00000, 0x0000000711c00000|100%| S|CS|TAMS 0x0000000711b00000, 0x0000000711b00000| Complete 
| 244|0x0000000711c00000, 0x0000000711d00000, 0x0000000711d00000|100%| S|CS|TAMS 0x0000000711c00000, 0x0000000711c00000| Complete 
| 245|0x0000000711d00000, 0x0000000711e00000, 0x0000000711e00000|100%| S|CS|TAMS 0x0000000711d00000, 0x0000000711d00000| Complete 
| 246|0x0000000711e00000, 0x0000000711f00000, 0x0000000711f00000|100%| S|CS|TAMS 0x0000000711e00000, 0x0000000711e00000| Complete 
| 247|0x0000000711f00000, 0x0000000712000000, 0x0000000712000000|100%| S|CS|TAMS 0x0000000711f00000, 0x0000000711f00000| Complete 
| 248|0x0000000712000000, 0x0000000712100000, 0x0000000712100000|100%| S|CS|TAMS 0x0000000712000000, 0x0000000712000000| Complete 
| 249|0x0000000712100000, 0x0000000712200000, 0x0000000712200000|100%| E|CS|TAMS 0x0000000712100000, 0x0000000712100000| Complete 
| 250|0x0000000712200000, 0x0000000712300000, 0x0000000712300000|100%| E|CS|TAMS 0x0000000712200000, 0x0000000712200000| Complete 
| 251|0x0000000712300000, 0x0000000712400000, 0x0000000712400000|100%| E|CS|TAMS 0x0000000712300000, 0x0000000712300000| Complete 
| 252|0x0000000712400000, 0x0000000712500000, 0x0000000712500000|100%| E|CS|TAMS 0x0000000712400000, 0x0000000712400000| Complete 
| 253|0x0000000712500000, 0x0000000712600000, 0x0000000712600000|100%| E|CS|TAMS 0x0000000712500000, 0x0000000712500000| Complete 

Card table byte_map: [0x000001b371c20000,0x000001b372410000] _byte_map_base: 0x000001b36e40c000

Marking Bits (Prev, Next): (CMBitMap*) 0x000001b357d98e00, (CMBitMap*) 0x000001b357d98dc8
 Prev Bits: [0x000001b376b60000, 0x000001b37aac0000)
 Next Bits: [0x000001b372c00000, 0x000001b376b60000)

Polling page: 0x000001b357e00000

Metaspace:

Usage:
  Non-class:     57.12 MB capacity,    56.05 MB ( 98%) used,   875.95 KB (  1%) free+waste,   226.13 KB ( <1%) overhead. 
      Class:      8.79 MB capacity,     8.09 MB ( 92%) used,   611.67 KB (  7%) free+waste,   105.44 KB (  1%) overhead. 
       Both:     65.91 MB capacity,    64.14 MB ( 97%) used,     1.45 MB (  2%) free+waste,   331.56 KB ( <1%) overhead. 

Virtual space:
  Non-class space:       58.00 MB reserved,      57.25 MB ( 99%) committed 
      Class space:        1.00 GB reserved,       8.82 MB ( <1%) committed 
             Both:        1.06 GB reserved,      66.07 MB (  6%) committed 

Chunk freelists:
   Non-Class:  256 bytes
       Class:  0 bytes
        Both:  256 bytes

CodeHeap 'non-profiled nmethods': size=120000Kb used=4024Kb max_used=4024Kb free=115975Kb
 bounds [0x000001b3694a0000, 0x000001b369890000, 0x000001b3709d0000]
CodeHeap 'profiled nmethods': size=120000Kb used=14598Kb max_used=14598Kb free=105401Kb
 bounds [0x000001b361f70000, 0x000001b362dc0000, 0x000001b3694a0000]
CodeHeap 'non-nmethods': size=5760Kb used=1189Kb max_used=1248Kb free=4570Kb
 bounds [0x000001b3619d0000, 0x000001b361c40000, 0x000001b361f70000]
 total_blobs=7150 nmethods=6625 adapters=435
 compilation: enabled
              stopped_count=0, restarted_count=0
 full_count=0

Compilation events (10 events):
Event: 24.991 Thread 0x000001b37df68000 6788       2       org.springframework.util.ObjectUtils::nullSafeEquals (55 bytes)
Event: 24.992 Thread 0x000001b37df68000 nmethod 6788 0x000001b362dac010 code [0x000001b362dac1e0, 0x000001b362dac438]
Event: 25.034 Thread 0x000001b37df5a000 nmethod 5811 0x000001b369887b10 code [0x000001b369888100, 0x000001b36988b3f0]
Event: 25.035 Thread 0x000001b37df5a000 6789 % !   4       org.springframework.beans.factory.support.DefaultListableBeanFactory::doGetBeanNamesForType @ 20 (511 bytes)
Event: 25.275 Thread 0x000001b37df68000 6790       2       java.lang.invoke.SimpleMethodHandle::speciesData (4 bytes)
Event: 25.276 Thread 0x000001b37df68000 nmethod 6790 0x000001b362dac590 code [0x000001b362dac720, 0x000001b362dac818]
Event: 25.276 Thread 0x000001b37df68000 6791       2       java.lang.invoke.SimpleMethodHandle::copyWithExtendL (7 bytes)
Event: 25.276 Thread 0x000001b37df68000 nmethod 6791 0x000001b362dac890 code [0x000001b362daca40, 0x000001b362dacc48]
Event: 25.276 Thread 0x000001b37df68000 6792       2       java.lang.invoke.BoundMethodHandle::bindSingle (7 bytes)
Event: 25.276 Thread 0x000001b37df68000 nmethod 6792 0x000001b362dacd90 code [0x000001b362dacf40, 0x000001b362dad128]

GC Heap History (10 events):
Event: 9.415 GC heap before
{Heap before GC invocations=4 (full 0):
 garbage-first heap   total 260096K, used 119153K [0x0000000702800000, 0x0000000800000000)
  region size 1024K, 111 young (113664K), 5 survivors (5120K)
 Metaspace       used 30376K, capacity 31234K, committed 31488K, reserved 1077248K
  class space    used 3456K, capacity 3795K, committed 3840K, reserved 1048576K
}
Event: 9.426 GC heap after
{Heap after GC invocations=5 (full 0):
 garbage-first heap   total 260096K, used 14460K [0x0000000702800000, 0x0000000800000000)
  region size 1024K, 8 young (8192K), 8 survivors (8192K)
 Metaspace       used 30376K, capacity 31234K, committed 31488K, reserved 1077248K
  class space    used 3456K, capacity 3795K, committed 3840K, reserved 1048576K
}
Event: 11.950 GC heap before
{Heap before GC invocations=5 (full 0):
 garbage-first heap   total 260096K, used 61564K [0x0000000702800000, 0x0000000800000000)
  region size 1024K, 55 young (56320K), 8 survivors (8192K)
 Metaspace       used 34745K, capacity 35731K, committed 35840K, reserved 1081344K
  class space    used 4054K, capacity 4426K, committed 4480K, reserved 1048576K
}
Event: 11.964 GC heap after
{Heap after GC invocations=6 (full 0):
 garbage-first heap   total 260096K, used 16311K [0x0000000702800000, 0x0000000800000000)
  region size 1024K, 10 young (10240K), 10 survivors (10240K)
 Metaspace       used 34745K, capacity 35731K, committed 35840K, reserved 1081344K
  class space    used 4054K, capacity 4426K, committed 4480K, reserved 1048576K
}
Event: 15.756 GC heap before
{Heap before GC invocations=7 (full 0):
 garbage-first heap   total 260096K, used 160695K [0x0000000702800000, 0x0000000800000000)
  region size 1024K, 152 young (155648K), 10 survivors (10240K)
 Metaspace       used 41307K, capacity 42567K, committed 42752K, reserved 1087488K
  class space    used 4880K, capacity 5360K, committed 5376K, reserved 1048576K
}
Event: 15.776 GC heap after
{Heap after GC invocations=8 (full 0):
 garbage-first heap   total 260096K, used 19447K [0x0000000702800000, 0x0000000800000000)
  region size 1024K, 13 young (13312K), 13 survivors (13312K)
 Metaspace       used 41307K, capacity 42567K, committed 42752K, reserved 1087488K
  class space    used 4880K, capacity 5360K, committed 5376K, reserved 1048576K
}
Event: 20.249 GC heap before
{Heap before GC invocations=8 (full 0):
 garbage-first heap   total 260096K, used 161783K [0x0000000702800000, 0x0000000800000000)
  region size 1024K, 152 young (155648K), 13 survivors (13312K)
 Metaspace       used 58003K, capacity 59558K, committed 59776K, reserved 1101824K
  class space    used 7317K, capacity 7962K, committed 8064K, reserved 1048576K
}
Event: 20.269 GC heap after
{Heap after GC invocations=9 (full 0):
 garbage-first heap   total 260096K, used 23932K [0x0000000702800000, 0x0000000800000000)
  region size 1024K, 13 young (13312K), 13 survivors (13312K)
 Metaspace       used 58003K, capacity 59558K, committed 59776K, reserved 1101824K
  class space    used 7317K, capacity 7962K, committed 8064K, reserved 1048576K
}
Event: 20.396 GC heap before
{Heap before GC invocations=9 (full 0):
 garbage-first heap   total 260096K, used 28028K [0x0000000702800000, 0x0000000800000000)
  region size 1024K, 18 young (18432K), 13 survivors (13312K)
 Metaspace       used 58524K, capacity 60132K, committed 60160K, reserved 1101824K
  class space    used 7397K, capacity 8046K, committed 8064K, reserved 1048576K
}
Event: 20.414 GC heap after
{Heap after GC invocations=10 (full 0):
 garbage-first heap   total 260096K, used 24769K [0x0000000702800000, 0x0000000800000000)
  region size 1024K, 11 young (11264K), 11 survivors (11264K)
 Metaspace       used 58524K, capacity 60132K, committed 60160K, reserved 1101824K
  class space    used 7397K, capacity 8046K, committed 8064K, reserved 1048576K
}

Deoptimization events (10 events):
Event: 21.550 Thread 0x000001b37f0d4800 Uncommon trap: reason=class_check action=maybe_recompile pc=0x000001b3697de59c method=org.springframework.util.ConcurrentReferenceHashMap$Segment.findInChain(Lorg/springframework/util/ConcurrentReferenceHashMap$Reference;Ljava/lang/Object;I)Lorg/springfra
Event: 21.563 Thread 0x000001b37f0d4800 Uncommon trap: reason=class_check action=maybe_recompile pc=0x000001b3697e1ba4 method=org.springframework.util.ConcurrentReferenceHashMap$Segment.findInChain(Lorg/springframework/util/ConcurrentReferenceHashMap$Reference;Ljava/lang/Object;I)Lorg/springfra
Event: 21.622 Thread 0x000001b37f0d4800 Uncommon trap: reason=unstable_if action=reinterpret pc=0x000001b369628a6c method=sun.reflect.annotation.AnnotationInvocationHandler.invoke(Ljava/lang/Object;Ljava/lang/reflect/Method;[Ljava/lang/Object;)Ljava/lang/Object; @ 15 c2
Event: 21.716 Thread 0x000001b37f0d4800 Uncommon trap: reason=unstable_if action=reinterpret pc=0x000001b3697f78c0 method=org.springframework.core.annotation.AnnotationsScanner.processMethodAnnotations(Ljava/lang/Object;ILjava/lang/reflect/Method;Lorg/springframework/core/annotation/Annotations
Event: 21.920 Thread 0x000001b37f0d4800 Uncommon trap: reason=unstable_if action=reinterpret pc=0x000001b369682b80 method=org.springframework.core.ResolvableType.equals(Ljava/lang/Object;)Z @ 32 c2
Event: 21.956 Thread 0x000001b37f0d4800 Uncommon trap: reason=class_check action=maybe_recompile pc=0x000001b3697e33a4 method=org.springframework.util.ConcurrentReferenceHashMap$Segment.findInChain(Lorg/springframework/util/ConcurrentReferenceHashMap$Reference;Ljava/lang/Object;I)Lorg/springfra
Event: 22.986 Thread 0x000001b37f0d4800 Uncommon trap: reason=unstable_if action=reinterpret pc=0x000001b369641954 method=java.util.IdentityHashMap.nextKeyIndex(II)I @ 4 c2
Event: 23.402 Thread 0x000001b37f0d4800 Uncommon trap: reason=unstable_if action=reinterpret pc=0x000001b369664268 method=org.springframework.util.AntPathMatcher.skipSegment(Ljava/lang/String;ILjava/lang/String;)I @ 60 c2
Event: 24.893 Thread 0x000001b37f0d4800 Uncommon trap: reason=class_check action=maybe_recompile pc=0x000001b36983b00c method=org.springframework.core.annotation.AnnotationUtils.findAnnotation(Ljava/lang/Class;Ljava/lang/Class;)Ljava/lang/annotation/Annotation; @ 95 c2
Event: 24.979 Thread 0x000001b37f0d4800 Uncommon trap: reason=unstable_if action=reinterpret pc=0x000001b3695b5e08 method=org.springframework.util.ObjectUtils.nullSafeEquals(Ljava/lang/Object;Ljava/lang/Object;)Z @ 12 c2

Classes redefined (0 events):
No events

Internal exceptions (10 events):
Event: 23.644 Thread 0x000001b37f0d4800 Exception <a 'java/lang/ClassNotFoundException'{0x000000070d910150}: org/springframework/context/LifecycleCustomizer> (0x000000070d910150) thrown at [./open/src/hotspot/share/classfile/systemDictionary.cpp, line 228]
Event: 23.646 Thread 0x000001b37f0d4800 Exception <a 'java/lang/ClassNotFoundException'{0x000000070d929b40}: org/springframework/context/PhasedCustomizer> (0x000000070d929b40) thrown at [./open/src/hotspot/share/classfile/systemDictionary.cpp, line 228]
Event: 23.968 Thread 0x000001b37f0d4800 Exception <a 'java/lang/IncompatibleClassChangeError'{0x000000070d563500}: Found class java.lang.Object, but interface was expected> (0x000000070d563500) thrown at [./open/src/hotspot/share/interpreter/linkResolver.cpp, line 838]
Event: 24.656 Thread 0x000001b37f0d4800 Exception <a 'java/lang/ClassNotFoundException'{0x000000070c9dd5e8}: java/lang/ObjectCustomizer> (0x000000070c9dd5e8) thrown at [./open/src/hotspot/share/classfile/systemDictionary.cpp, line 228]
Event: 24.665 Thread 0x000001b37f0d4800 Exception <a 'java/lang/ClassNotFoundException'{0x000000070c804668}: org/springframework/security/config/annotation/web/configuration/WebSecurityConfigurationCustomizer> (0x000000070c804668) thrown at [./open/src/hotspot/share/classfile/systemDictionary.c
Event: 24.667 Thread 0x000001b37f0d4800 Exception <a 'java/lang/ClassNotFoundException'{0x000000070c82a5e8}: org/springframework/context/annotation/ImportAwareCustomizer> (0x000000070c82a5e8) thrown at [./open/src/hotspot/share/classfile/systemDictionary.cpp, line 228]
Event: 24.669 Thread 0x000001b37f0d4800 Exception <a 'java/lang/ClassNotFoundException'{0x000000070c843fe8}: org/springframework/beans/factory/AwareCustomizer> (0x000000070c843fe8) thrown at [./open/src/hotspot/share/classfile/systemDictionary.cpp, line 228]
Event: 24.671 Thread 0x000001b37f0d4800 Exception <a 'java/lang/ClassNotFoundException'{0x000000070c85ff00}: org/springframework/beans/factory/BeanClassLoaderAwareCustomizer> (0x000000070c85ff00) thrown at [./open/src/hotspot/share/classfile/systemDictionary.cpp, line 228]
Event: 24.673 Thread 0x000001b37f0d4800 Exception <a 'java/lang/ClassNotFoundException'{0x000000070c879910}: org/springframework/beans/factory/AwareCustomizer> (0x000000070c879910) thrown at [./open/src/hotspot/share/classfile/systemDictionary.cpp, line 228]
Event: 24.979 Thread 0x000001b37f0d4800 Implicit null exception at 0x000001b3695b5d3d to 0x000001b3695b5df6

Events (10 events):
Event: 25.298 loading class org/springframework/security/web/access/intercept/FilterInvocationSecurityMetadataSource
Event: 25.298 loading class org/springframework/security/web/access/intercept/FilterInvocationSecurityMetadataSource done
Event: 25.301 loading class org/springframework/security/config/annotation/web/AbstractRequestMatcherRegistry$RequestMatchers
Event: 25.301 loading class org/springframework/security/config/annotation/web/AbstractRequestMatcherRegistry$RequestMatchers done
Event: 25.302 loading class org/springframework/security/web/util/matcher/AntPathRequestMatcher$SubpathMatcher
Event: 25.302 loading class org/springframework/security/web/util/matcher/AntPathRequestMatcher$SubpathMatcher done
Event: 25.303 loading class org/springframework/security/config/annotation/web/configurers/ExpressionUrlAuthorizationConfigurer$AuthorizedUrl
Event: 25.303 loading class org/springframework/security/config/annotation/web/configurers/ExpressionUrlAuthorizationConfigurer$AuthorizedUrl done
Event: 25.305 loading class org/springframework/security/access/SecurityConfig
Event: 25.305 loading class org/springframework/security/access/SecurityConfig done


Dynamic libraries:
0x00007ff684460000 - 0x00007ff68446f000 	C:\Program Files\Java\jdk-11.0.12\bin\java.exe
0x00007ffa45390000 - 0x00007ffa45585000 	C:\WINDOWS\SYSTEM32\ntdll.dll
0x00007ffa44ec0000 - 0x00007ffa44f7e000 	C:\WINDOWS\System32\KERNEL32.DLL
0x00007ffa42870000 - 0x00007ffa42b38000 	C:\WINDOWS\System32\KERNELBASE.dll
0x00007ffa43010000 - 0x00007ffa43110000 	C:\WINDOWS\System32\ucrtbase.dll
0x00007ffa31d40000 - 0x00007ffa31d55000 	C:\Program Files\Java\jdk-11.0.12\bin\VCRUNTIME140.dll
0x00007ffa31cf0000 - 0x00007ffa31d08000 	C:\Program Files\Java\jdk-11.0.12\bin\jli.dll
0x00007ffa44370000 - 0x00007ffa4441e000 	C:\WINDOWS\System32\ADVAPI32.dll
0x00007ffa446d0000 - 0x00007ffa4476e000 	C:\WINDOWS\System32\msvcrt.dll
0x00007ffa45170000 - 0x00007ffa4520c000 	C:\WINDOWS\System32\sechost.dll
0x00007ffa44fe0000 - 0x00007ffa45105000 	C:\WINDOWS\System32\RPCRT4.dll
0x00007ffa43c00000 - 0x00007ffa43da1000 	C:\WINDOWS\System32\USER32.dll
0x00007ffa42ed0000 - 0x00007ffa42ef2000 	C:\WINDOWS\System32\win32u.dll
0x00007ffa44630000 - 0x00007ffa4465b000 	C:\WINDOWS\System32\GDI32.dll
0x00007ffa42f00000 - 0x00007ffa4300d000 	C:\WINDOWS\System32\gdi32full.dll
0x00007ffa42cf0000 - 0x00007ffa42d8d000 	C:\WINDOWS\System32\msvcp_win.dll
0x00007ffa19710000 - 0x00007ffa199aa000 	C:\WINDOWS\WinSxS\amd64_microsoft.windows.common-controls_6595b64144ccf1df_6.0.19041.1110_none_60b5254171f9507e\COMCTL32.dll
0x00007ffa3a160000 - 0x00007ffa3a16a000 	C:\WINDOWS\SYSTEM32\VERSION.dll
0x00007ffa437b0000 - 0x00007ffa437e0000 	C:\WINDOWS\System32\IMM32.DLL
0x00007ff9f64f0000 - 0x00007ff9f658b000 	C:\Program Files\Java\jdk-11.0.12\bin\msvcp140.dll
0x00007ff9c3490000 - 0x00007ff9c3f8f000 	C:\Program Files\Java\jdk-11.0.12\bin\server\jvm.dll
0x00007ffa43b40000 - 0x00007ffa43b48000 	C:\WINDOWS\System32\PSAPI.DLL
0x00007ffa1b730000 - 0x00007ffa1b757000 	C:\WINDOWS\SYSTEM32\WINMM.dll
0x00007ffa20110000 - 0x00007ffa20119000 	C:\WINDOWS\SYSTEM32\WSOCK32.dll
0x00007ffa44660000 - 0x00007ffa446cb000 	C:\WINDOWS\System32\WS2_32.dll
0x00007ffa410f0000 - 0x00007ffa41102000 	C:\WINDOWS\SYSTEM32\kernel.appcore.dll
0x00007ffa3b1b0000 - 0x00007ffa3b1c0000 	C:\Program Files\Java\jdk-11.0.12\bin\verify.dll
0x00007ffa40510000 - 0x00007ffa406f4000 	C:\WINDOWS\SYSTEM32\DBGHELP.DLL
0x00007ffa32d50000 - 0x00007ffa32d7c000 	C:\WINDOWS\SYSTEM32\dbgcore.DLL
0x00007ffa43110000 - 0x00007ffa43192000 	C:\WINDOWS\System32\bcryptPrimitives.dll
0x00007ffa29790000 - 0x00007ffa297b8000 	C:\Program Files\Java\jdk-11.0.12\bin\java.dll
0x00007ffa289b0000 - 0x00007ffa289ba000 	C:\Program Files\Java\jdk-11.0.12\bin\jimage.dll
0x00007ffa27450000 - 0x00007ffa27466000 	C:\Program Files\Java\jdk-11.0.12\bin\zip.dll
0x00007ffa44770000 - 0x00007ffa44eb4000 	C:\WINDOWS\System32\SHELL32.dll
0x00007ffa40940000 - 0x00007ffa410d5000 	C:\WINDOWS\SYSTEM32\windows.storage.dll
0x00007ffa43450000 - 0x00007ffa437a5000 	C:\WINDOWS\System32\combase.dll
0x00007ffa422c0000 - 0x00007ffa422ee000 	C:\WINDOWS\SYSTEM32\Wldp.dll
0x00007ffa45270000 - 0x00007ffa4531d000 	C:\WINDOWS\System32\SHCORE.dll
0x00007ffa44420000 - 0x00007ffa44475000 	C:\WINDOWS\System32\shlwapi.dll
0x00007ffa427b0000 - 0x00007ffa427cf000 	C:\WINDOWS\SYSTEM32\profapi.dll
0x00007ffa26ce0000 - 0x00007ffa26cf9000 	C:\Program Files\Java\jdk-11.0.12\bin\net.dll
0x00007ffa29e60000 - 0x00007ffa29f6c000 	C:\WINDOWS\SYSTEM32\WINHTTP.dll
0x00007ffa42020000 - 0x00007ffa4208a000 	C:\WINDOWS\system32\mswsock.dll
0x00007ffa26b80000 - 0x00007ffa26b92000 	C:\Program Files\Java\jdk-11.0.12\bin\nio.dll
0x00007ffa289a0000 - 0x00007ffa289a9000 	C:\Program Files\Java\jdk-11.0.12\bin\management.dll
0x00007ffa27440000 - 0x00007ffa2744b000 	C:\Program Files\Java\jdk-11.0.12\bin\management_ext.dll
0x00007ffa132f0000 - 0x00007ffa13307000 	C:\WINDOWS\system32\napinsp.dll
0x00007ffa132d0000 - 0x00007ffa132eb000 	C:\WINDOWS\system32\pnrpnsp.dll
0x00007ffa3d950000 - 0x00007ffa3d965000 	C:\WINDOWS\system32\wshbth.dll
0x00007ffa3aab0000 - 0x00007ffa3aacd000 	C:\WINDOWS\system32\NLAapi.dll
0x00007ffa41cc0000 - 0x00007ffa41cfb000 	C:\WINDOWS\SYSTEM32\IPHLPAPI.DLL
0x00007ffa41d10000 - 0x00007ffa41ddb000 	C:\WINDOWS\SYSTEM32\DNSAPI.dll
0x00007ffa43ee0000 - 0x00007ffa43ee8000 	C:\WINDOWS\System32\NSI.dll
0x00007ffa13280000 - 0x00007ffa13292000 	C:\WINDOWS\System32\winrnr.dll
0x0000000072660000 - 0x0000000072686000 	C:\Program Files\Bonjour\mdnsNSP.dll
0x00007ffa3a570000 - 0x00007ffa3a57a000 	C:\Windows\System32\rasadhlp.dll
0x00007ffa254d0000 - 0x00007ffa2554f000 	C:\WINDOWS\System32\fwpuclnt.dll
0x00007ffa42df0000 - 0x00007ffa42e17000 	C:\WINDOWS\System32\bcrypt.dll
0x00007ffa42210000 - 0x00007ffa42228000 	C:\WINDOWS\SYSTEM32\CRYPTSP.dll
0x00007ffa41930000 - 0x00007ffa41964000 	C:\WINDOWS\system32\rsaenh.dll
0x00007ffa42730000 - 0x00007ffa4275e000 	C:\WINDOWS\SYSTEM32\USERENV.dll
0x00007ffa42230000 - 0x00007ffa4223c000 	C:\WINDOWS\SYSTEM32\CRYPTBASE.dll
0x00007ffa39070000 - 0x00007ffa39087000 	C:\WINDOWS\SYSTEM32\dhcpcsvc6.DLL
0x00007ffa39dd0000 - 0x00007ffa39ded000 	C:\WINDOWS\SYSTEM32\dhcpcsvc.DLL
0x00007ffa10be0000 - 0x00007ffa10c05000 	C:\Program Files\Java\jdk-11.0.12\bin\sunec.dll

dbghelp: loaded successfully - version: 4.0.5 - missing functions: none
symbol engine: initialized successfully - sym options: 0x614 - pdb path: .;C:\Program Files\Java\jdk-11.0.12\bin;C:\WINDOWS\SYSTEM32;C:\WINDOWS\WinSxS\amd64_microsoft.windows.common-controls_6595b64144ccf1df_6.0.19041.1110_none_60b5254171f9507e;C:\Program Files\Java\jdk-11.0.12\bin\server;C:\Program Files\Bonjour

VM Arguments:
jvm_args: -Dfile.encoding=windows-1252 -Duser.country=US -Duser.language=en -Duser.variant 
java_command: com.micropay.webcash.WebcashApiApplication
java_class_path (initial): D:\Paul\SITES\Micropay\#Ivan\webcash-project\webcash-api\build\classes\java\main;D:\Paul\SITES\Micropay\#Ivan\webcash-project\webcash-api\build\resources\main;D:\Paul\SITES\Micropay\#Ivan\webcash-project\webcash-api\libs\gson-2.8.2.jar;D:\Paul\SITES\Micropay\#Ivan\webcash-project\webcash-api\libs\json-20210307.jar;D:\Paul\SITES\Micropay\#Ivan\webcash-project\webcash-api\libs\loglite.jar;D:\Paul\SITES\Micropay\#Ivan\webcash-project\webcash-api\libs\ojdbc6.jar;D:\Paul\SITES\Micropay\#Ivan\webcash-project\webcash-api\libs\postgresql-42.2.12.jar;C:\Users\Gamwanga\.gradle\caches\modules-2\files-2.1\org.springframework.boot\spring-boot-devtools\2.6.2\2f766b028fcb09d6b3fec1f17bcc19b96ff4ebce\spring-boot-devtools-2.6.2.jar;C:\Users\Gamwanga\.gradle\caches\modules-2\files-2.1\org.springframework.boot\spring-boot-starter-data-jdbc\2.6.2\ef4666177b5aa8aa39c8738795aee580cf01646\spring-boot-starter-data-jdbc-2.6.2.jar;C:\Users\Gamwanga\.gradle\caches\modules-2\files-2.1\org.springframework.boot\spring-boot-starter-data-jpa\2.6.2\3eb637ccd03194f1d639b9efed1ff7d73c8592e3\spring-boot-starter-data-jpa-2.6.2.jar;C:\Users\Gamwanga\.gradle\caches\modules-2\files-2.1\org.springframework.boot\spring-boot-starter-jdbc\2.6.2\ff853babf286bf913d73197d0f0b521343d5e8aa\spring-boot-starter-jdbc-2.6.2.jar;C:\Users\Gamwanga\.gradle\caches\modules-2\files-2.1\org.springframework.boot\spring-boot-starter-oauth2-client\2.6.2\6135bd7d77af3dc36b86651eaa84e20ecf03e5b2\spring-boot-starter-oauth2-client-2.6.2.jar;C:\Users\Gamwanga\.gradle\caches\modules-2\files-2.1\org.springframework.boot\spring-boot-starter-security\2.6.2\43ee0478a25124223e4bc0300d94239f96086253\spring-boot-starter-security-2.6.2.jar;C:\Users\Gamwanga\.gradle\caches\modules-2\files-2.1\org.springframework.boot\spring-boot-starter-web-services\2.6.2\1208763f4228a2accf3f02fceb50532825c3c239\spring-boot-starter-web-services-2.6.2.jar;C:\Users\Gamwanga\.gradle\caches\modules-2\files-2.1\org.springframework.boot
Launcher Type: SUN_STANDARD

[Global flags]
     intx CICompilerCount                          = 4                                         {product} {ergonomic}
     uint ConcGCThreads                            = 2                                         {product} {ergonomic}
     uint G1ConcRefinementThreads                  = 8                                         {product} {ergonomic}
   size_t G1HeapRegionSize                         = 1048576                                   {product} {ergonomic}
    uintx GCDrainStackTargetSize                   = 64                                        {product} {ergonomic}
   size_t InitialHeapSize                          = 266338304                                 {product} {ergonomic}
   size_t MarkStackSize                            = 4194304                                   {product} {ergonomic}
   size_t MaxHeapSize                              = 4253024256                                {product} {ergonomic}
   size_t MaxNewSize                               = 2551185408                                {product} {ergonomic}
   size_t MinHeapDeltaBytes                        = 1048576                                   {product} {ergonomic}
    uintx NonNMethodCodeHeapSize                   = 5836300                                {pd product} {ergonomic}
    uintx NonProfiledCodeHeapSize                  = 122910970                              {pd product} {ergonomic}
    uintx ProfiledCodeHeapSize                     = 122910970                              {pd product} {ergonomic}
    uintx ReservedCodeCacheSize                    = 251658240                              {pd product} {ergonomic}
     bool SegmentedCodeCache                       = true                                      {product} {ergonomic}
     bool UseCompressedClassPointers               = true                                 {lp64_product} {ergonomic}
     bool UseCompressedOops                        = true                                 {lp64_product} {ergonomic}
     bool UseG1GC                                  = true                                      {product} {ergonomic}
     bool UseLargePagesIndividualAllocation        = false                                  {pd product} {ergonomic}

Logging:
Log output configuration:
 #0: stdout all=warning uptime,level,tags
 #1: stderr all=off uptime,level,tags

Environment Variables:
JAVA_HOME=C:\Program Files\Java\jdk1.8.0_05
PATH=D:\ftp-downloads\WINDOWS.X64_193000_db_home\bin;C:\Oracle19\client\product\19.0.0\client_1\bin;C:\Program Files\Common Files\Oracle\Java\javapath;C:\Sybase\OCS-12_5\lib3p;C:\Sybase\OCS-12_5\dll;C:\Sybase\OCS-12_5\bin;C:\Sybase\SQLRemote\dll;C:\Sybase\RPL-12_5\bin;C:\Sybase\JS-12_5\bin;C:\Sybase\ASE-12_5\dll;C:\Sybase\ASE-12_5\bin;C:\Users\Gamwanga\AppData\Roaming\npm;C:\Program Files\Microsoft MPI\Bin\;C:\Program Files (x86)\Common Files\Oracle\Java\javapath;C:\Windows\system32;C:\Windows;C:\Windows\System32\Wbem;C:\Windows\System32\WindowsPowerShell\v1.0\;C:\Windows\System32\OpenSSH\;C:\Program Files (x86)\NVIDIA Corporation\PhysX\Common;C:\Program Files\dotnet\;C:\Program Files\Microsoft SQL Server\130\Tools\Binn\;C:\Program Files\Microsoft SQL Server\Client SDK\ODBC\170\Tools\Binn\;C:\Program Files\Microsoft SQL Server\Client SDK\ODBC\130\Tools\Binn\;C:\Program Files (x86)\Microsoft SQL Server\130\Tools\Binn\;C:\Program Files\Microsoft SQL Server\130\DTS\Binn\;C:\Program Files (x86)\Microsoft SQL Server\150\DTS\Binn\;C:\Program Files\Azure Data Studio\bin;C:\Program Files\PuTTY\;C:\Program Files\Git\cmd;C:\Users\Gamwanga\AppData\Local\Microsoft\WindowsApps;C:\Users\Gamwanga\.dotnet\tools;C:\Users\Gamwanga\AppData\Local\Programs\Microsoft VS Code\bin;C:\Program Files\apache-tomcat-6.0.35\lib;C:\Program Files\Microsoft\Web Platform Installer\;D:\flutter-sdk\bin;C:\WINDOWS\system32;C:\WINDOWS;C:\WINDOWS\System32\Wbem;C:\WINDOWS\System32\WindowsPowerShell\v1.0\;C:\WINDOWS\System32\OpenSSH\;C:\Program Files\nodejs\;D:\Paul\SITES\Pride\OrbitR Biometric Package\GriauleDLLs\GriauleFingerPrintDll_64bit;C:\Users\Gamwanga\.windows-build-tools\python27\;C:\Program Files (x86)\Sophos\Sophos SSL VPN Client\bin;C:\Microsoft VS Code\bin;C:\Program Files (x86)\Embarcadero\DBA541;C:\Program Files (x86)\Embarcadero\June2001Shared;C:\Program Files\JetBrains\IntelliJ IDEA Community Edition 2021.2\bin;C:\Program Files\heroku\bin
USERNAME=Gamwanga
OS=Windows_NT
PROCESSOR_IDENTIFIER=Intel64 Family 6 Model 142 Stepping 12, GenuineIntel



---------------  S Y S T E M  ---------------

OS: Windows 10 , 64 bit Build 19041 (10.0.19041.1466)

CPU:total 8 (initial active 8) (4 cores per cpu, 2 threads per core) family 6 model 142 stepping 12 microcode 0xea, cmov, cx8, fxsr, mmx, sse, sse2, sse3, ssse3, sse4.1, sse4.2, popcnt, avx, avx2, aes, clmul, erms, 3dnowpref, lzcnt, ht, tsc, tscinvbit, bmi1, bmi2, adx, fma

Memory: 4k page, system-wide physical 16221M (278M free)
TotalPageFile size 46703M (AvailPageFile size 5M)
current process WorkingSet (physical memory assigned to process): 395M, peak: 396M
current process commit charge ("private bytes"): 512M, peak: 514M

vm_info: Java HotSpot(TM) 64-Bit Server VM (11.0.12+8-LTS-237) for windows-amd64 JRE (11.0.12+8-LTS-237), built on Jun  8 2021 11:25:59 by "mach5one" with MS VC++ 15.9 (VS2017)

END.
