<?xml version="1.0" encoding="UTF-8"?>
<logger class="com.micropay.webcash.utils.LogFile" datetime="Sat Jan 22 13:23:16 EAT 2022">
<event realm="glyde" datetime="Sat Jan 22 13:23:16 EAT 2022">
    <info>CreditApp(id=1, creditType=string, startDate=Sat Jan 22 03:00:00 EAT 2022, endDate=Sat Jan 22 03:00:00 EAT 2022, repayTerm=12, repayPeriod=Month, nextPmtAmt=0, status=Active, custId=1, createdBy=string, createDate=Sat Jan 22 03:00:00 EAT 2022, modifiedBy=GP0001, modifiedDate=Sat Jan 22 03:00:00 EAT 2022, rowVersion=0, applAmt=1000000)</info>
</event>
<event realm="glyde" datetime="Sat Jan 22 13:23:16 EAT 2022">
    <error>
        <class>DataIntegrityViolationException</class>
        <message>[ not-null property references a null or transient value : com.micropay.webcash.entity.LoanAccount.repayInterest; nested exception is org.hibernate.PropertyValueException: not-null property references a null or transient value : com.micropay.webcash.entity.LoanAccount.repayInterest ]</message>
        <stacktrace>
            at org.springframework.orm.jpa.vendor.HibernateJpaDialect.convertHibernateAccessException(HibernateJpaDialect.java:294)
            at org.springframework.orm.jpa.vendor.HibernateJpaDialect.translateExceptionIfPossible(HibernateJpaDialect.java:233)
            at org.springframework.orm.jpa.AbstractEntityManagerFactoryBean.translateExceptionIfPossible(AbstractEntityManagerFactoryBean.java:551)
            at org.springframework.dao.support.ChainedPersistenceExceptionTranslator.translateExceptionIfPossible(ChainedPersistenceExceptionTranslator.java:61)
            at org.springframework.dao.support.DataAccessUtils.translateIfNecessary(DataAccessUtils.java:242)
            at org.springframework.dao.support.PersistenceExceptionTranslationInterceptor.invoke(PersistenceExceptionTranslationInterceptor.java:152)
            at org.springframework.aop.framework.ReflectiveMethodInvocation.proceed(ReflectiveMethodInvocation.java:186)
            at org.springframework.data.jpa.repository.support.CrudMethodMetadataPostProcessor$CrudMethodMetadataPopulatingMethodInterceptor.invoke(CrudMethodMetadataPostProcessor.java:174)
            at org.springframework.aop.framework.ReflectiveMethodInvocation.proceed(ReflectiveMethodInvocation.java:186)
            at org.springframework.aop.interceptor.ExposeInvocationInterceptor.invoke(ExposeInvocationInterceptor.java:97)
            at org.springframework.aop.framework.ReflectiveMethodInvocation.proceed(ReflectiveMethodInvocation.java:186)
            at org.springframework.aop.framework.JdkDynamicAopProxy.invoke(JdkDynamicAopProxy.java:215)
            at com.sun.proxy.$Proxy142.save(Unknown Source)
            at com.micropay.webcash.services.LoanAccountService.save(LoanAccountService.java:31)
            at com.micropay.webcash.services.LoanManagerService.approveLoan(LoanManagerService.java:302)
            at com.micropay.webcash.services.LoanManagerService$$FastClassBySpringCGLIB$$a10dabe4.invoke(<generated>)
            at org.springframework.cglib.proxy.MethodProxy.invoke(MethodProxy.java:218)
            at org.springframework.aop.framework.CglibAopProxy$CglibMethodInvocation.invokeJoinpoint(CglibAopProxy.java:783)
            at org.springframework.aop.framework.ReflectiveMethodInvocation.proceed(ReflectiveMethodInvocation.java:163)
            at org.springframework.aop.framework.CglibAopProxy$CglibMethodInvocation.proceed(CglibAopProxy.java:753)
            at org.springframework.transaction.interceptor.TransactionInterceptor$1.proceedWithInvocation(TransactionInterceptor.java:123)
            at org.springframework.transaction.interceptor.TransactionAspectSupport.invokeWithinTransaction(TransactionAspectSupport.java:388)
            at org.springframework.transaction.interceptor.TransactionInterceptor.invoke(TransactionInterceptor.java:119)
            at org.springframework.aop.framework.ReflectiveMethodInvocation.proceed(ReflectiveMethodInvocation.java:186)
            at org.springframework.aop.framework.CglibAopProxy$CglibMethodInvocation.proceed(CglibAopProxy.java:753)
            at org.springframework.aop.framework.CglibAopProxy$DynamicAdvisedInterceptor.intercept(CglibAopProxy.java:698)
            at com.micropay.webcash.services.LoanManagerService$$EnhancerBySpringCGLIB$$713da530.approveLoan(<generated>)
            at com.micropay.webcash.controller.CreditEndpoint.approveLoan(CreditEndpoint.java:65)
            at java.base/jdk.internal.reflect.NativeMethodAccessorImpl.invoke0(Native Method)
            at java.base/jdk.internal.reflect.NativeMethodAccessorImpl.invoke(NativeMethodAccessorImpl.java:62)
            at java.base/jdk.internal.reflect.DelegatingMethodAccessorImpl.invoke(DelegatingMethodAccessorImpl.java:43)
            at java.base/java.lang.reflect.Method.invoke(Method.java:566)
            at org.springframework.web.method.support.InvocableHandlerMethod.doInvoke(InvocableHandlerMethod.java:205)
            at org.springframework.web.method.support.InvocableHandlerMethod.invokeForRequest(InvocableHandlerMethod.java:150)
            at org.springframework.web.servlet.mvc.method.annotation.ServletInvocableHandlerMethod.invokeAndHandle(ServletInvocableHandlerMethod.java:117)
            at org.springframework.web.servlet.mvc.method.annotation.RequestMappingHandlerAdapter.invokeHandlerMethod(RequestMappingHandlerAdapter.java:895)
            at org.springframework.web.servlet.mvc.method.annotation.RequestMappingHandlerAdapter.handleInternal(RequestMappingHandlerAdapter.java:808)
            at org.springframework.web.servlet.mvc.method.AbstractHandlerMethodAdapter.handle(AbstractHandlerMethodAdapter.java:87)
            at org.springframework.web.servlet.DispatcherServlet.doDispatch(DispatcherServlet.java:1067)
            at org.springframework.web.servlet.DispatcherServlet.doService(DispatcherServlet.java:963)
            at org.springframework.web.servlet.FrameworkServlet.processRequest(FrameworkServlet.java:1006)
            at org.springframework.web.servlet.FrameworkServlet.doPost(FrameworkServlet.java:909)
            at javax.servlet.http.HttpServlet.service(HttpServlet.java:681)
            at org.springframework.web.servlet.FrameworkServlet.service(FrameworkServlet.java:883)
            at javax.servlet.http.HttpServlet.service(HttpServlet.java:764)
            at org.apache.catalina.core.ApplicationFilterChain.internalDoFilter(ApplicationFilterChain.java:227)
            at org.apache.catalina.core.ApplicationFilterChain.doFilter(ApplicationFilterChain.java:162)
            at org.apache.tomcat.websocket.server.WsFilter.doFilter(WsFilter.java:53)
            at org.apache.catalina.core.ApplicationFilterChain.internalDoFilter(ApplicationFilterChain.java:189)
            at org.apache.catalina.core.ApplicationFilterChain.doFilter(ApplicationFilterChain.java:162)
            at org.springframework.web.filter.OncePerRequestFilter.doFilter(OncePerRequestFilter.java:111)
            at org.apache.catalina.core.ApplicationFilterChain.internalDoFilter(ApplicationFilterChain.java:189)
            at org.apache.catalina.core.ApplicationFilterChain.doFilter(ApplicationFilterChain.java:162)
            at com.micropay.webcash.security.JWTTokenFilter.doFilterInternal(JWTTokenFilter.java:39)
            at org.springframework.web.filter.OncePerRequestFilter.doFilter(OncePerRequestFilter.java:117)
            at org.apache.catalina.core.ApplicationFilterChain.internalDoFilter(ApplicationFilterChain.java:189)
            at org.apache.catalina.core.ApplicationFilterChain.doFilter(ApplicationFilterChain.java:162)
            at org.springframework.security.web.FilterChainProxy$VirtualFilterChain.doFilter(FilterChainProxy.java:327)
            at org.springframework.security.web.access.intercept.FilterSecurityInterceptor.invoke(FilterSecurityInterceptor.java:115)
            at org.springframework.security.web.access.intercept.FilterSecurityInterceptor.doFilter(FilterSecurityInterceptor.java:81)
            at org.springframework.security.web.FilterChainProxy$VirtualFilterChain.doFilter(FilterChainProxy.java:336)
            at org.springframework.security.web.access.ExceptionTranslationFilter.doFilter(ExceptionTranslationFilter.java:122)
            at org.springframework.security.web.access.ExceptionTranslationFilter.doFilter(ExceptionTranslationFilter.java:116)
            at org.springframework.security.web.FilterChainProxy$VirtualFilterChain.doFilter(FilterChainProxy.java:336)
            at org.springframework.security.web.session.SessionManagementFilter.doFilter(SessionManagementFilter.java:126)
            at org.springframework.security.web.session.SessionManagementFilter.doFilter(SessionManagementFilter.java:81)
            at org.springframework.security.web.FilterChainProxy$VirtualFilterChain.doFilter(FilterChainProxy.java:336)
            at org.springframework.security.web.authentication.AnonymousAuthenticationFilter.doFilter(AnonymousAuthenticationFilter.java:109)
            at org.springframework.security.web.FilterChainProxy$VirtualFilterChain.doFilter(FilterChainProxy.java:336)
            at org.springframework.security.web.servletapi.SecurityContextHolderAwareRequestFilter.doFilter(SecurityContextHolderAwareRequestFilter.java:149)
            at org.springframework.security.web.FilterChainProxy$VirtualFilterChain.doFilter(FilterChainProxy.java:336)
            at org.springframework.security.web.savedrequest.RequestCacheAwareFilter.doFilter(RequestCacheAwareFilter.java:63)
            at org.springframework.security.web.FilterChainProxy$VirtualFilterChain.doFilter(FilterChainProxy.java:336)
            at com.micropay.webcash.security.JWTTokenFilter.doFilterInternal(JWTTokenFilter.java:39)
            at org.springframework.web.filter.OncePerRequestFilter.doFilter(OncePerRequestFilter.java:117)
            at org.springframework.security.web.FilterChainProxy$VirtualFilterChain.doFilter(FilterChainProxy.java:336)
            at org.springframework.security.web.authentication.logout.LogoutFilter.doFilter(LogoutFilter.java:103)
            at org.springframework.security.web.authentication.logout.LogoutFilter.doFilter(LogoutFilter.java:89)
            at org.springframework.security.web.FilterChainProxy$VirtualFilterChain.doFilter(FilterChainProxy.java:336)
            at org.springframework.web.filter.CorsFilter.doFilterInternal(CorsFilter.java:91)
            at org.springframework.web.filter.OncePerRequestFilter.doFilter(OncePerRequestFilter.java:117)
            at org.springframework.security.web.FilterChainProxy$VirtualFilterChain.doFilter(FilterChainProxy.java:336)
            at org.springframework.security.web.header.HeaderWriterFilter.doHeadersAfter(HeaderWriterFilter.java:90)
            at org.springframework.security.web.header.HeaderWriterFilter.doFilterInternal(HeaderWriterFilter.java:75)
            at org.springframework.web.filter.OncePerRequestFilter.doFilter(OncePerRequestFilter.java:117)
            at org.springframework.security.web.FilterChainProxy$VirtualFilterChain.doFilter(FilterChainProxy.java:336)
            at org.springframework.security.web.context.SecurityContextPersistenceFilter.doFilter(SecurityContextPersistenceFilter.java:110)
            at org.springframework.security.web.context.SecurityContextPersistenceFilter.doFilter(SecurityContextPersistenceFilter.java:80)
            at org.springframework.security.web.FilterChainProxy$VirtualFilterChain.doFilter(FilterChainProxy.java:336)
            at org.springframework.security.web.context.request.async.WebAsyncManagerIntegrationFilter.doFilterInternal(WebAsyncManagerIntegrationFilter.java:55)
            at org.springframework.web.filter.OncePerRequestFilter.doFilter(OncePerRequestFilter.java:117)
            at org.springframework.security.web.FilterChainProxy$VirtualFilterChain.doFilter(FilterChainProxy.java:336)
            at org.springframework.security.web.FilterChainProxy.doFilterInternal(FilterChainProxy.java:211)
            at org.springframework.security.web.FilterChainProxy.doFilter(FilterChainProxy.java:183)
            at org.springframework.web.filter.DelegatingFilterProxy.invokeDelegate(DelegatingFilterProxy.java:354)
            at org.springframework.web.filter.DelegatingFilterProxy.doFilter(DelegatingFilterProxy.java:267)
            at org.apache.catalina.core.ApplicationFilterChain.internalDoFilter(ApplicationFilterChain.java:189)
            at org.apache.catalina.core.ApplicationFilterChain.doFilter(ApplicationFilterChain.java:162)
            at org.springframework.web.filter.CharacterEncodingFilter.doFilterInternal(CharacterEncodingFilter.java:201)
            at org.springframework.web.filter.OncePerRequestFilter.doFilter(OncePerRequestFilter.java:117)
            at org.apache.catalina.core.ApplicationFilterChain.internalDoFilter(ApplicationFilterChain.java:189)
            at org.apache.catalina.core.ApplicationFilterChain.doFilter(ApplicationFilterChain.java:162)
            at org.apache.catalina.core.StandardWrapperValve.invoke(StandardWrapperValve.java:197)
            at org.apache.catalina.core.StandardContextValve.invoke(StandardContextValve.java:97)
            at org.apache.catalina.authenticator.AuthenticatorBase.invoke(AuthenticatorBase.java:540)
            at org.apache.catalina.core.StandardHostValve.invoke(StandardHostValve.java:135)
            at org.apache.catalina.valves.ErrorReportValve.invoke(ErrorReportValve.java:92)
            at org.apache.catalina.core.StandardEngineValve.invoke(StandardEngineValve.java:78)
            at org.apache.catalina.connector.CoyoteAdapter.service(CoyoteAdapter.java:357)
            at org.apache.coyote.http11.Http11Processor.service(Http11Processor.java:382)
            at org.apache.coyote.AbstractProcessorLight.process(AbstractProcessorLight.java:65)
            at org.apache.coyote.AbstractProtocol$ConnectionHandler.process(AbstractProtocol.java:895)
            at org.apache.tomcat.util.net.NioEndpoint$SocketProcessor.doRun(NioEndpoint.java:1732)
            at org.apache.tomcat.util.net.SocketProcessorBase.run(SocketProcessorBase.java:49)
            at org.apache.tomcat.util.threads.ThreadPoolExecutor.runWorker(ThreadPoolExecutor.java:1191)
            at org.apache.tomcat.util.threads.ThreadPoolExecutor$Worker.run(ThreadPoolExecutor.java:659)
            at org.apache.tomcat.util.threads.TaskThread$WrappingRunnable.run(TaskThread.java:61)
            at java.base/java.lang.Thread.run(Thread.java:834)
        </stacktrace>
    </error>
</event>
<event realm="glyde" datetime="Sat Jan 22 13:24:46 EAT 2022">
    <info>CreditApp(id=1, creditType=string, startDate=Sat Jan 22 03:00:00 EAT 2022, endDate=Sat Jan 22 03:00:00 EAT 2022, repayTerm=12, repayPeriod=Month, nextPmtAmt=0, status=Active, custId=1, createdBy=string, createDate=Sat Jan 22 03:00:00 EAT 2022, modifiedBy=GP0001, modifiedDate=Sat Jan 22 03:00:00 EAT 2022, rowVersion=0, applAmt=1000000)</info>
</event>
<event realm="glyde" datetime="Sat Jan 22 13:24:46 EAT 2022">
    <error>
        <class>DataIntegrityViolationException</class>
        <message>[ not-null property references a null or transient value : com.micropay.webcash.entity.LoanAccount.repayPeriod; nested exception is org.hibernate.PropertyValueException: not-null property references a null or transient value : com.micropay.webcash.entity.LoanAccount.repayPeriod ]</message>
        <stacktrace>
            at org.springframework.orm.jpa.vendor.HibernateJpaDialect.convertHibernateAccessException(HibernateJpaDialect.java:294)
            at org.springframework.orm.jpa.vendor.HibernateJpaDialect.translateExceptionIfPossible(HibernateJpaDialect.java:233)
            at org.springframework.orm.jpa.AbstractEntityManagerFactoryBean.translateExceptionIfPossible(AbstractEntityManagerFactoryBean.java:551)
            at org.springframework.dao.support.ChainedPersistenceExceptionTranslator.translateExceptionIfPossible(ChainedPersistenceExceptionTranslator.java:61)
            at org.springframework.dao.support.DataAccessUtils.translateIfNecessary(DataAccessUtils.java:242)
            at org.springframework.dao.support.PersistenceExceptionTranslationInterceptor.invoke(PersistenceExceptionTranslationInterceptor.java:152)
            at org.springframework.aop.framework.ReflectiveMethodInvocation.proceed(ReflectiveMethodInvocation.java:186)
            at org.springframework.data.jpa.repository.support.CrudMethodMetadataPostProcessor$CrudMethodMetadataPopulatingMethodInterceptor.invoke(CrudMethodMetadataPostProcessor.java:174)
            at org.springframework.aop.framework.ReflectiveMethodInvocation.proceed(ReflectiveMethodInvocation.java:186)
            at org.springframework.aop.interceptor.ExposeInvocationInterceptor.invoke(ExposeInvocationInterceptor.java:97)
            at org.springframework.aop.framework.ReflectiveMethodInvocation.proceed(ReflectiveMethodInvocation.java:186)
            at org.springframework.aop.framework.JdkDynamicAopProxy.invoke(JdkDynamicAopProxy.java:215)
            at com.sun.proxy.$Proxy142.save(Unknown Source)
            at com.micropay.webcash.services.LoanAccountService.save(LoanAccountService.java:31)
            at com.micropay.webcash.services.LoanManagerService.approveLoan(LoanManagerService.java:302)
            at com.micropay.webcash.services.LoanManagerService$$FastClassBySpringCGLIB$$a10dabe4.invoke(<generated>)
            at org.springframework.cglib.proxy.MethodProxy.invoke(MethodProxy.java:218)
            at org.springframework.aop.framework.CglibAopProxy$CglibMethodInvocation.invokeJoinpoint(CglibAopProxy.java:783)
            at org.springframework.aop.framework.ReflectiveMethodInvocation.proceed(ReflectiveMethodInvocation.java:163)
            at org.springframework.aop.framework.CglibAopProxy$CglibMethodInvocation.proceed(CglibAopProxy.java:753)
            at org.springframework.transaction.interceptor.TransactionInterceptor$1.proceedWithInvocation(TransactionInterceptor.java:123)
            at org.springframework.transaction.interceptor.TransactionAspectSupport.invokeWithinTransaction(TransactionAspectSupport.java:388)
            at org.springframework.transaction.interceptor.TransactionInterceptor.invoke(TransactionInterceptor.java:119)
            at org.springframework.aop.framework.ReflectiveMethodInvocation.proceed(ReflectiveMethodInvocation.java:186)
            at org.springframework.aop.framework.CglibAopProxy$CglibMethodInvocation.proceed(CglibAopProxy.java:753)
            at org.springframework.aop.framework.CglibAopProxy$DynamicAdvisedInterceptor.intercept(CglibAopProxy.java:698)
            at com.micropay.webcash.services.LoanManagerService$$EnhancerBySpringCGLIB$$d943bee3.approveLoan(<generated>)
            at com.micropay.webcash.controller.CreditEndpoint.approveLoan(CreditEndpoint.java:65)
            at java.base/jdk.internal.reflect.NativeMethodAccessorImpl.invoke0(Native Method)
            at java.base/jdk.internal.reflect.NativeMethodAccessorImpl.invoke(NativeMethodAccessorImpl.java:62)
            at java.base/jdk.internal.reflect.DelegatingMethodAccessorImpl.invoke(DelegatingMethodAccessorImpl.java:43)
            at java.base/java.lang.reflect.Method.invoke(Method.java:566)
            at org.springframework.web.method.support.InvocableHandlerMethod.doInvoke(InvocableHandlerMethod.java:205)
            at org.springframework.web.method.support.InvocableHandlerMethod.invokeForRequest(InvocableHandlerMethod.java:150)
            at org.springframework.web.servlet.mvc.method.annotation.ServletInvocableHandlerMethod.invokeAndHandle(ServletInvocableHandlerMethod.java:117)
            at org.springframework.web.servlet.mvc.method.annotation.RequestMappingHandlerAdapter.invokeHandlerMethod(RequestMappingHandlerAdapter.java:895)
            at org.springframework.web.servlet.mvc.method.annotation.RequestMappingHandlerAdapter.handleInternal(RequestMappingHandlerAdapter.java:808)
            at org.springframework.web.servlet.mvc.method.AbstractHandlerMethodAdapter.handle(AbstractHandlerMethodAdapter.java:87)
            at org.springframework.web.servlet.DispatcherServlet.doDispatch(DispatcherServlet.java:1067)
            at org.springframework.web.servlet.DispatcherServlet.doService(DispatcherServlet.java:963)
            at org.springframework.web.servlet.FrameworkServlet.processRequest(FrameworkServlet.java:1006)
            at org.springframework.web.servlet.FrameworkServlet.doPost(FrameworkServlet.java:909)
            at javax.servlet.http.HttpServlet.service(HttpServlet.java:681)
            at org.springframework.web.servlet.FrameworkServlet.service(FrameworkServlet.java:883)
            at javax.servlet.http.HttpServlet.service(HttpServlet.java:764)
            at org.apache.catalina.core.ApplicationFilterChain.internalDoFilter(ApplicationFilterChain.java:227)
            at org.apache.catalina.core.ApplicationFilterChain.doFilter(ApplicationFilterChain.java:162)
            at org.apache.tomcat.websocket.server.WsFilter.doFilter(WsFilter.java:53)
            at org.apache.catalina.core.ApplicationFilterChain.internalDoFilter(ApplicationFilterChain.java:189)
            at org.apache.catalina.core.ApplicationFilterChain.doFilter(ApplicationFilterChain.java:162)
            at org.springframework.web.filter.OncePerRequestFilter.doFilter(OncePerRequestFilter.java:111)
            at org.apache.catalina.core.ApplicationFilterChain.internalDoFilter(ApplicationFilterChain.java:189)
            at org.apache.catalina.core.ApplicationFilterChain.doFilter(ApplicationFilterChain.java:162)
            at com.micropay.webcash.security.JWTTokenFilter.doFilterInternal(JWTTokenFilter.java:39)
            at org.springframework.web.filter.OncePerRequestFilter.doFilter(OncePerRequestFilter.java:117)
            at org.apache.catalina.core.ApplicationFilterChain.internalDoFilter(ApplicationFilterChain.java:189)
            at org.apache.catalina.core.ApplicationFilterChain.doFilter(ApplicationFilterChain.java:162)
            at org.springframework.security.web.FilterChainProxy$VirtualFilterChain.doFilter(FilterChainProxy.java:327)
            at org.springframework.security.web.access.intercept.FilterSecurityInterceptor.invoke(FilterSecurityInterceptor.java:115)
            at org.springframework.security.web.access.intercept.FilterSecurityInterceptor.doFilter(FilterSecurityInterceptor.java:81)
            at org.springframework.security.web.FilterChainProxy$VirtualFilterChain.doFilter(FilterChainProxy.java:336)
            at org.springframework.security.web.access.ExceptionTranslationFilter.doFilter(ExceptionTranslationFilter.java:122)
            at org.springframework.security.web.access.ExceptionTranslationFilter.doFilter(ExceptionTranslationFilter.java:116)
            at org.springframework.security.web.FilterChainProxy$VirtualFilterChain.doFilter(FilterChainProxy.java:336)
            at org.springframework.security.web.session.SessionManagementFilter.doFilter(SessionManagementFilter.java:126)
            at org.springframework.security.web.session.SessionManagementFilter.doFilter(SessionManagementFilter.java:81)
            at org.springframework.security.web.FilterChainProxy$VirtualFilterChain.doFilter(FilterChainProxy.java:336)
            at org.springframework.security.web.authentication.AnonymousAuthenticationFilter.doFilter(AnonymousAuthenticationFilter.java:109)
            at org.springframework.security.web.FilterChainProxy$VirtualFilterChain.doFilter(FilterChainProxy.java:336)
            at org.springframework.security.web.servletapi.SecurityContextHolderAwareRequestFilter.doFilter(SecurityContextHolderAwareRequestFilter.java:149)
            at org.springframework.security.web.FilterChainProxy$VirtualFilterChain.doFilter(FilterChainProxy.java:336)
            at org.springframework.security.web.savedrequest.RequestCacheAwareFilter.doFilter(RequestCacheAwareFilter.java:63)
            at org.springframework.security.web.FilterChainProxy$VirtualFilterChain.doFilter(FilterChainProxy.java:336)
            at com.micropay.webcash.security.JWTTokenFilter.doFilterInternal(JWTTokenFilter.java:39)
            at org.springframework.web.filter.OncePerRequestFilter.doFilter(OncePerRequestFilter.java:117)
            at org.springframework.security.web.FilterChainProxy$VirtualFilterChain.doFilter(FilterChainProxy.java:336)
            at org.springframework.security.web.authentication.logout.LogoutFilter.doFilter(LogoutFilter.java:103)
            at org.springframework.security.web.authentication.logout.LogoutFilter.doFilter(LogoutFilter.java:89)
            at org.springframework.security.web.FilterChainProxy$VirtualFilterChain.doFilter(FilterChainProxy.java:336)
            at org.springframework.web.filter.CorsFilter.doFilterInternal(CorsFilter.java:91)
            at org.springframework.web.filter.OncePerRequestFilter.doFilter(OncePerRequestFilter.java:117)
            at org.springframework.security.web.FilterChainProxy$VirtualFilterChain.doFilter(FilterChainProxy.java:336)
            at org.springframework.security.web.header.HeaderWriterFilter.doHeadersAfter(HeaderWriterFilter.java:90)
            at org.springframework.security.web.header.HeaderWriterFilter.doFilterInternal(HeaderWriterFilter.java:75)
            at org.springframework.web.filter.OncePerRequestFilter.doFilter(OncePerRequestFilter.java:117)
            at org.springframework.security.web.FilterChainProxy$VirtualFilterChain.doFilter(FilterChainProxy.java:336)
            at org.springframework.security.web.context.SecurityContextPersistenceFilter.doFilter(SecurityContextPersistenceFilter.java:110)
            at org.springframework.security.web.context.SecurityContextPersistenceFilter.doFilter(SecurityContextPersistenceFilter.java:80)
            at org.springframework.security.web.FilterChainProxy$VirtualFilterChain.doFilter(FilterChainProxy.java:336)
            at org.springframework.security.web.context.request.async.WebAsyncManagerIntegrationFilter.doFilterInternal(WebAsyncManagerIntegrationFilter.java:55)
            at org.springframework.web.filter.OncePerRequestFilter.doFilter(OncePerRequestFilter.java:117)
            at org.springframework.security.web.FilterChainProxy$VirtualFilterChain.doFilter(FilterChainProxy.java:336)
            at org.springframework.security.web.FilterChainProxy.doFilterInternal(FilterChainProxy.java:211)
            at org.springframework.security.web.FilterChainProxy.doFilter(FilterChainProxy.java:183)
            at org.springframework.web.filter.DelegatingFilterProxy.invokeDelegate(DelegatingFilterProxy.java:354)
            at org.springframework.web.filter.DelegatingFilterProxy.doFilter(DelegatingFilterProxy.java:267)
            at org.apache.catalina.core.ApplicationFilterChain.internalDoFilter(ApplicationFilterChain.java:189)
            at org.apache.catalina.core.ApplicationFilterChain.doFilter(ApplicationFilterChain.java:162)
            at org.springframework.web.filter.CharacterEncodingFilter.doFilterInternal(CharacterEncodingFilter.java:201)
            at org.springframework.web.filter.OncePerRequestFilter.doFilter(OncePerRequestFilter.java:117)
            at org.apache.catalina.core.ApplicationFilterChain.internalDoFilter(ApplicationFilterChain.java:189)
            at org.apache.catalina.core.ApplicationFilterChain.doFilter(ApplicationFilterChain.java:162)
            at org.apache.catalina.core.StandardWrapperValve.invoke(StandardWrapperValve.java:197)
            at org.apache.catalina.core.StandardContextValve.invoke(StandardContextValve.java:97)
            at org.apache.catalina.authenticator.AuthenticatorBase.invoke(AuthenticatorBase.java:540)
            at org.apache.catalina.core.StandardHostValve.invoke(StandardHostValve.java:135)
            at org.apache.catalina.valves.ErrorReportValve.invoke(ErrorReportValve.java:92)
            at org.apache.catalina.core.StandardEngineValve.invoke(StandardEngineValve.java:78)
            at org.apache.catalina.connector.CoyoteAdapter.service(CoyoteAdapter.java:357)
            at org.apache.coyote.http11.Http11Processor.service(Http11Processor.java:382)
            at org.apache.coyote.AbstractProcessorLight.process(AbstractProcessorLight.java:65)
            at org.apache.coyote.AbstractProtocol$ConnectionHandler.process(AbstractProtocol.java:895)
            at org.apache.tomcat.util.net.NioEndpoint$SocketProcessor.doRun(NioEndpoint.java:1732)
            at org.apache.tomcat.util.net.SocketProcessorBase.run(SocketProcessorBase.java:49)
            at org.apache.tomcat.util.threads.ThreadPoolExecutor.runWorker(ThreadPoolExecutor.java:1191)
            at org.apache.tomcat.util.threads.ThreadPoolExecutor$Worker.run(ThreadPoolExecutor.java:659)
            at org.apache.tomcat.util.threads.TaskThread$WrappingRunnable.run(TaskThread.java:61)
            at java.base/java.lang.Thread.run(Thread.java:834)
        </stacktrace>
    </error>
</event>
<event realm="glyde" datetime="Sat Jan 22 13:26:28 EAT 2022">
    <info>CreditApp(id=1, creditType=string, startDate=Sat Jan 22 03:00:00 EAT 2022, endDate=Sat Jan 22 03:00:00 EAT 2022, repayTerm=12, repayPeriod=Month, nextPmtAmt=0, status=Active, custId=1, createdBy=string, createDate=Sat Jan 22 03:00:00 EAT 2022, modifiedBy=GP0001, modifiedDate=Sat Jan 22 03:00:00 EAT 2022, rowVersion=0, applAmt=1000000)</info>
</event>
<event realm="glyde" datetime="Sat Jan 22 13:26:28 EAT 2022">
    <error>
        <class>DataIntegrityViolationException</class>
        <message>[ not-null property references a null or transient value : com.micropay.webcash.entity.LoanAccount.rowVersion; nested exception is org.hibernate.PropertyValueException: not-null property references a null or transient value : com.micropay.webcash.entity.LoanAccount.rowVersion ]</message>
        <stacktrace>
            at org.springframework.orm.jpa.vendor.HibernateJpaDialect.convertHibernateAccessException(HibernateJpaDialect.java:294)
            at org.springframework.orm.jpa.vendor.HibernateJpaDialect.translateExceptionIfPossible(HibernateJpaDialect.java:233)
            at org.springframework.orm.jpa.AbstractEntityManagerFactoryBean.translateExceptionIfPossible(AbstractEntityManagerFactoryBean.java:551)
            at org.springframework.dao.support.ChainedPersistenceExceptionTranslator.translateExceptionIfPossible(ChainedPersistenceExceptionTranslator.java:61)
            at org.springframework.dao.support.DataAccessUtils.translateIfNecessary(DataAccessUtils.java:242)
            at org.springframework.dao.support.PersistenceExceptionTranslationInterceptor.invoke(PersistenceExceptionTranslationInterceptor.java:152)
            at org.springframework.aop.framework.ReflectiveMethodInvocation.proceed(ReflectiveMethodInvocation.java:186)
            at org.springframework.data.jpa.repository.support.CrudMethodMetadataPostProcessor$CrudMethodMetadataPopulatingMethodInterceptor.invoke(CrudMethodMetadataPostProcessor.java:174)
            at org.springframework.aop.framework.ReflectiveMethodInvocation.proceed(ReflectiveMethodInvocation.java:186)
            at org.springframework.aop.interceptor.ExposeInvocationInterceptor.invoke(ExposeInvocationInterceptor.java:97)
            at org.springframework.aop.framework.ReflectiveMethodInvocation.proceed(ReflectiveMethodInvocation.java:186)
            at org.springframework.aop.framework.JdkDynamicAopProxy.invoke(JdkDynamicAopProxy.java:215)
            at com.sun.proxy.$Proxy142.save(Unknown Source)
            at com.micropay.webcash.services.LoanAccountService.save(LoanAccountService.java:31)
            at com.micropay.webcash.services.LoanManagerService.approveLoan(LoanManagerService.java:304)
            at com.micropay.webcash.services.LoanManagerService$$FastClassBySpringCGLIB$$a10dabe4.invoke(<generated>)
            at org.springframework.cglib.proxy.MethodProxy.invoke(MethodProxy.java:218)
            at org.springframework.aop.framework.CglibAopProxy$CglibMethodInvocation.invokeJoinpoint(CglibAopProxy.java:783)
            at org.springframework.aop.framework.ReflectiveMethodInvocation.proceed(ReflectiveMethodInvocation.java:163)
            at org.springframework.aop.framework.CglibAopProxy$CglibMethodInvocation.proceed(CglibAopProxy.java:753)
            at org.springframework.transaction.interceptor.TransactionInterceptor$1.proceedWithInvocation(TransactionInterceptor.java:123)
            at org.springframework.transaction.interceptor.TransactionAspectSupport.invokeWithinTransaction(TransactionAspectSupport.java:388)
            at org.springframework.transaction.interceptor.TransactionInterceptor.invoke(TransactionInterceptor.java:119)
            at org.springframework.aop.framework.ReflectiveMethodInvocation.proceed(ReflectiveMethodInvocation.java:186)
            at org.springframework.aop.framework.CglibAopProxy$CglibMethodInvocation.proceed(CglibAopProxy.java:753)
            at org.springframework.aop.framework.CglibAopProxy$DynamicAdvisedInterceptor.intercept(CglibAopProxy.java:698)
            at com.micropay.webcash.services.LoanManagerService$$EnhancerBySpringCGLIB$$1a6709c3.approveLoan(<generated>)
            at com.micropay.webcash.controller.CreditEndpoint.approveLoan(CreditEndpoint.java:65)
            at java.base/jdk.internal.reflect.NativeMethodAccessorImpl.invoke0(Native Method)
            at java.base/jdk.internal.reflect.NativeMethodAccessorImpl.invoke(NativeMethodAccessorImpl.java:62)
            at java.base/jdk.internal.reflect.DelegatingMethodAccessorImpl.invoke(DelegatingMethodAccessorImpl.java:43)
            at java.base/java.lang.reflect.Method.invoke(Method.java:566)
            at org.springframework.web.method.support.InvocableHandlerMethod.doInvoke(InvocableHandlerMethod.java:205)
            at org.springframework.web.method.support.InvocableHandlerMethod.invokeForRequest(InvocableHandlerMethod.java:150)
            at org.springframework.web.servlet.mvc.method.annotation.ServletInvocableHandlerMethod.invokeAndHandle(ServletInvocableHandlerMethod.java:117)
            at org.springframework.web.servlet.mvc.method.annotation.RequestMappingHandlerAdapter.invokeHandlerMethod(RequestMappingHandlerAdapter.java:895)
            at org.springframework.web.servlet.mvc.method.annotation.RequestMappingHandlerAdapter.handleInternal(RequestMappingHandlerAdapter.java:808)
            at org.springframework.web.servlet.mvc.method.AbstractHandlerMethodAdapter.handle(AbstractHandlerMethodAdapter.java:87)
            at org.springframework.web.servlet.DispatcherServlet.doDispatch(DispatcherServlet.java:1067)
            at org.springframework.web.servlet.DispatcherServlet.doService(DispatcherServlet.java:963)
            at org.springframework.web.servlet.FrameworkServlet.processRequest(FrameworkServlet.java:1006)
            at org.springframework.web.servlet.FrameworkServlet.doPost(FrameworkServlet.java:909)
            at javax.servlet.http.HttpServlet.service(HttpServlet.java:681)
            at org.springframework.web.servlet.FrameworkServlet.service(FrameworkServlet.java:883)
            at javax.servlet.http.HttpServlet.service(HttpServlet.java:764)
            at org.apache.catalina.core.ApplicationFilterChain.internalDoFilter(ApplicationFilterChain.java:227)
            at org.apache.catalina.core.ApplicationFilterChain.doFilter(ApplicationFilterChain.java:162)
            at org.apache.tomcat.websocket.server.WsFilter.doFilter(WsFilter.java:53)
            at org.apache.catalina.core.ApplicationFilterChain.internalDoFilter(ApplicationFilterChain.java:189)
            at org.apache.catalina.core.ApplicationFilterChain.doFilter(ApplicationFilterChain.java:162)
            at org.springframework.web.filter.OncePerRequestFilter.doFilter(OncePerRequestFilter.java:111)
            at org.apache.catalina.core.ApplicationFilterChain.internalDoFilter(ApplicationFilterChain.java:189)
            at org.apache.catalina.core.ApplicationFilterChain.doFilter(ApplicationFilterChain.java:162)
            at com.micropay.webcash.security.JWTTokenFilter.doFilterInternal(JWTTokenFilter.java:39)
            at org.springframework.web.filter.OncePerRequestFilter.doFilter(OncePerRequestFilter.java:117)
            at org.apache.catalina.core.ApplicationFilterChain.internalDoFilter(ApplicationFilterChain.java:189)
            at org.apache.catalina.core.ApplicationFilterChain.doFilter(ApplicationFilterChain.java:162)
            at org.springframework.security.web.FilterChainProxy$VirtualFilterChain.doFilter(FilterChainProxy.java:327)
            at org.springframework.security.web.access.intercept.FilterSecurityInterceptor.invoke(FilterSecurityInterceptor.java:115)
            at org.springframework.security.web.access.intercept.FilterSecurityInterceptor.doFilter(FilterSecurityInterceptor.java:81)
            at org.springframework.security.web.FilterChainProxy$VirtualFilterChain.doFilter(FilterChainProxy.java:336)
            at org.springframework.security.web.access.ExceptionTranslationFilter.doFilter(ExceptionTranslationFilter.java:122)
            at org.springframework.security.web.access.ExceptionTranslationFilter.doFilter(ExceptionTranslationFilter.java:116)
            at org.springframework.security.web.FilterChainProxy$VirtualFilterChain.doFilter(FilterChainProxy.java:336)
            at org.springframework.security.web.session.SessionManagementFilter.doFilter(SessionManagementFilter.java:126)
            at org.springframework.security.web.session.SessionManagementFilter.doFilter(SessionManagementFilter.java:81)
            at org.springframework.security.web.FilterChainProxy$VirtualFilterChain.doFilter(FilterChainProxy.java:336)
            at org.springframework.security.web.authentication.AnonymousAuthenticationFilter.doFilter(AnonymousAuthenticationFilter.java:109)
            at org.springframework.security.web.FilterChainProxy$VirtualFilterChain.doFilter(FilterChainProxy.java:336)
            at org.springframework.security.web.servletapi.SecurityContextHolderAwareRequestFilter.doFilter(SecurityContextHolderAwareRequestFilter.java:149)
            at org.springframework.security.web.FilterChainProxy$VirtualFilterChain.doFilter(FilterChainProxy.java:336)
            at org.springframework.security.web.savedrequest.RequestCacheAwareFilter.doFilter(RequestCacheAwareFilter.java:63)
            at org.springframework.security.web.FilterChainProxy$VirtualFilterChain.doFilter(FilterChainProxy.java:336)
            at com.micropay.webcash.security.JWTTokenFilter.doFilterInternal(JWTTokenFilter.java:39)
            at org.springframework.web.filter.OncePerRequestFilter.doFilter(OncePerRequestFilter.java:117)
            at org.springframework.security.web.FilterChainProxy$VirtualFilterChain.doFilter(FilterChainProxy.java:336)
            at org.springframework.security.web.authentication.logout.LogoutFilter.doFilter(LogoutFilter.java:103)
            at org.springframework.security.web.authentication.logout.LogoutFilter.doFilter(LogoutFilter.java:89)
            at org.springframework.security.web.FilterChainProxy$VirtualFilterChain.doFilter(FilterChainProxy.java:336)
            at org.springframework.web.filter.CorsFilter.doFilterInternal(CorsFilter.java:91)
            at org.springframework.web.filter.OncePerRequestFilter.doFilter(OncePerRequestFilter.java:117)
            at org.springframework.security.web.FilterChainProxy$VirtualFilterChain.doFilter(FilterChainProxy.java:336)
            at org.springframework.security.web.header.HeaderWriterFilter.doHeadersAfter(HeaderWriterFilter.java:90)
            at org.springframework.security.web.header.HeaderWriterFilter.doFilterInternal(HeaderWriterFilter.java:75)
            at org.springframework.web.filter.OncePerRequestFilter.doFilter(OncePerRequestFilter.java:117)
            at org.springframework.security.web.FilterChainProxy$VirtualFilterChain.doFilter(FilterChainProxy.java:336)
            at org.springframework.security.web.context.SecurityContextPersistenceFilter.doFilter(SecurityContextPersistenceFilter.java:110)
            at org.springframework.security.web.context.SecurityContextPersistenceFilter.doFilter(SecurityContextPersistenceFilter.java:80)
            at org.springframework.security.web.FilterChainProxy$VirtualFilterChain.doFilter(FilterChainProxy.java:336)
            at org.springframework.security.web.context.request.async.WebAsyncManagerIntegrationFilter.doFilterInternal(WebAsyncManagerIntegrationFilter.java:55)
            at org.springframework.web.filter.OncePerRequestFilter.doFilter(OncePerRequestFilter.java:117)
            at org.springframework.security.web.FilterChainProxy$VirtualFilterChain.doFilter(FilterChainProxy.java:336)
            at org.springframework.security.web.FilterChainProxy.doFilterInternal(FilterChainProxy.java:211)
            at org.springframework.security.web.FilterChainProxy.doFilter(FilterChainProxy.java:183)
            at org.springframework.web.filter.DelegatingFilterProxy.invokeDelegate(DelegatingFilterProxy.java:354)
            at org.springframework.web.filter.DelegatingFilterProxy.doFilter(DelegatingFilterProxy.java:267)
            at org.apache.catalina.core.ApplicationFilterChain.internalDoFilter(ApplicationFilterChain.java:189)
            at org.apache.catalina.core.ApplicationFilterChain.doFilter(ApplicationFilterChain.java:162)
            at org.springframework.web.filter.CharacterEncodingFilter.doFilterInternal(CharacterEncodingFilter.java:201)
            at org.springframework.web.filter.OncePerRequestFilter.doFilter(OncePerRequestFilter.java:117)
            at org.apache.catalina.core.ApplicationFilterChain.internalDoFilter(ApplicationFilterChain.java:189)
            at org.apache.catalina.core.ApplicationFilterChain.doFilter(ApplicationFilterChain.java:162)
            at org.apache.catalina.core.StandardWrapperValve.invoke(StandardWrapperValve.java:197)
            at org.apache.catalina.core.StandardContextValve.invoke(StandardContextValve.java:97)
            at org.apache.catalina.authenticator.AuthenticatorBase.invoke(AuthenticatorBase.java:540)
            at org.apache.catalina.core.StandardHostValve.invoke(StandardHostValve.java:135)
            at org.apache.catalina.valves.ErrorReportValve.invoke(ErrorReportValve.java:92)
            at org.apache.catalina.core.StandardEngineValve.invoke(StandardEngineValve.java:78)
            at org.apache.catalina.connector.CoyoteAdapter.service(CoyoteAdapter.java:357)
            at org.apache.coyote.http11.Http11Processor.service(Http11Processor.java:382)
            at org.apache.coyote.AbstractProcessorLight.process(AbstractProcessorLight.java:65)
            at org.apache.coyote.AbstractProtocol$ConnectionHandler.process(AbstractProtocol.java:895)
            at org.apache.tomcat.util.net.NioEndpoint$SocketProcessor.doRun(NioEndpoint.java:1732)
            at org.apache.tomcat.util.net.SocketProcessorBase.run(SocketProcessorBase.java:49)
            at org.apache.tomcat.util.threads.ThreadPoolExecutor.runWorker(ThreadPoolExecutor.java:1191)
            at org.apache.tomcat.util.threads.ThreadPoolExecutor$Worker.run(ThreadPoolExecutor.java:659)
            at org.apache.tomcat.util.threads.TaskThread$WrappingRunnable.run(TaskThread.java:61)
            at java.base/java.lang.Thread.run(Thread.java:834)
        </stacktrace>
    </error>
</event>
<event realm="glyde" datetime="Sat Jan 22 13:27:24 EAT 2022">
    <info>CreditApp(id=1, creditType=string, startDate=Sat Jan 22 03:00:00 EAT 2022, endDate=Sat Jan 22 03:00:00 EAT 2022, repayTerm=12, repayPeriod=Month, nextPmtAmt=0, status=Active, custId=1, createdBy=string, createDate=Sat Jan 22 03:00:00 EAT 2022, modifiedBy=GP0001, modifiedDate=Sat Jan 22 03:00:00 EAT 2022, rowVersion=0, applAmt=1000000)</info>
</event>
<event realm="glyde" datetime="Sat Jan 22 13:34:15 EAT 2022">
    <info>CreditApp(id=1, creditType=string, startDate=Sat Jan 22 03:00:00 EAT 2022, endDate=Sat Jan 22 03:00:00 EAT 2022, repayTerm=12, repayPeriod=Month, nextPmtAmt=0, status=Active, custId=1, createdBy=string, createDate=Sat Jan 22 03:00:00 EAT 2022, modifiedBy=GP0001, modifiedDate=Sat Jan 22 03:00:00 EAT 2022, rowVersion=0, applAmt=1000000)</info>
</event>
<event realm="glyde" datetime="Sat Jan 22 13:38:43 EAT 2022">
    <info>CreditApp(id=2, creditType=string, startDate=Sat Jan 22 03:00:00 EAT 2022, endDate=Sat Jan 22 03:00:00 EAT 2022, repayTerm=12, repayPeriod=Month, nextPmtAmt=0, status=Active, custId=1, createdBy=string, createDate=Sat Jan 22 03:00:00 EAT 2022, modifiedBy=GP0001, modifiedDate=Sat Jan 22 03:00:00 EAT 2022, rowVersion=0, applAmt=1000000)</info>
</event>
<event realm="glyde" datetime="Sat Jan 22 13:40:32 EAT 2022">
    <info>CreditApp(id=2, creditType=string, startDate=Sat Jan 22 03:00:00 EAT 2022, endDate=Sat Jan 22 03:00:00 EAT 2022, repayTerm=12, repayPeriod=Month, nextPmtAmt=0, status=Active, custId=1, createdBy=string, createDate=Sat Jan 22 03:00:00 EAT 2022, modifiedBy=GP0001, modifiedDate=Sat Jan 22 03:00:00 EAT 2022, rowVersion=0, applAmt=1000000)</info>
</event>
<event realm="glyde" datetime="Sat Jan 22 13:42:07 EAT 2022">
    <info>CreditApp(id=3, creditType=string, startDate=Sat Jan 22 03:00:00 EAT 2022, endDate=Sat Jan 22 03:00:00 EAT 2022, repayTerm=12, repayPeriod=Month, nextPmtAmt=0, status=Active, custId=1, createdBy=string, createDate=Sat Jan 22 03:00:00 EAT 2022, modifiedBy=GP0001, modifiedDate=Sat Jan 22 03:00:00 EAT 2022, rowVersion=0, applAmt=1000000)</info>
</event>
<event realm="glyde" datetime="Sat Jan 22 13:43:00 EAT 2022">
    <info>CreditApp(id=4, creditType=string, startDate=Sat Jan 22 03:00:00 EAT 2022, endDate=Sat Jan 22 03:00:00 EAT 2022, repayTerm=12, repayPeriod=Month, nextPmtAmt=0, status=Active, custId=1, createdBy=string, createDate=Sat Jan 22 03:00:00 EAT 2022, modifiedBy=GP0001, modifiedDate=Sat Jan 22 03:00:00 EAT 2022, rowVersion=0, applAmt=1000000)</info>
</event>
<event realm="glyde" datetime="Sat Jan 22 13:44:29 EAT 2022">
    <info>CreditApp(id=5, creditType=string, startDate=Sat Jan 22 03:00:00 EAT 2022, endDate=Sat Jan 22 03:00:00 EAT 2022, repayTerm=12, repayPeriod=Month, nextPmtAmt=0, status=Active, custId=1, createdBy=string, createDate=Sat Jan 22 03:00:00 EAT 2022, modifiedBy=GP0001, modifiedDate=Sat Jan 22 03:00:00 EAT 2022, rowVersion=0, applAmt=1000000)</info>
</event>
<event realm="glyde" datetime="Sat Jan 22 13:50:27 EAT 2022">
    <info>CreditApp(id=5, creditType=string, startDate=Sat Jan 22 03:00:00 EAT 2022, endDate=Sat Jan 22 03:00:00 EAT 2022, repayTerm=12, repayPeriod=Month, nextPmtAmt=0, status=Active, custId=1, createdBy=string, createDate=Sat Jan 22 03:00:00 EAT 2022, modifiedBy=GP0001, modifiedDate=Sat Jan 22 03:00:00 EAT 2022, rowVersion=0, applAmt=1000000)</info>
</event>
<event realm="glyde" datetime="Sat Jan 22 13:58:12 EAT 2022">
    <info>CreditApp(id=5, creditType=string, startDate=Sat Jan 22 03:00:00 EAT 2022, endDate=Sat Jan 22 03:00:00 EAT 2022, repayTerm=12, repayPeriod=Month, nextPmtAmt=0, status=Active, custId=1, createdBy=string, createDate=Sat Jan 22 03:00:00 EAT 2022, modifiedBy=GP0001, modifiedDate=Sat Jan 22 03:00:00 EAT 2022, rowVersion=0, applAmt=1000000)</info>
</event>
<event realm="glyde" datetime="Sat Jan 22 13:58:12 EAT 2022">
    <error>
        <class>DataIntegrityViolationException</class>
        <message>[ could not execute statement; SQL [n/a]; constraint [loan_account_credit_appl_id_idx]; nested exception is org.hibernate.exception.ConstraintViolationException: could not execute statement ]</message>
        <stacktrace>
            at org.springframework.orm.jpa.vendor.HibernateJpaDialect.convertHibernateAccessException(HibernateJpaDialect.java:276)
            at org.springframework.orm.jpa.vendor.HibernateJpaDialect.translateExceptionIfPossible(HibernateJpaDialect.java:233)
            at org.springframework.orm.jpa.AbstractEntityManagerFactoryBean.translateExceptionIfPossible(AbstractEntityManagerFactoryBean.java:551)
            at org.springframework.dao.support.ChainedPersistenceExceptionTranslator.translateExceptionIfPossible(ChainedPersistenceExceptionTranslator.java:61)
            at org.springframework.dao.support.DataAccessUtils.translateIfNecessary(DataAccessUtils.java:242)
            at org.springframework.dao.support.PersistenceExceptionTranslationInterceptor.invoke(PersistenceExceptionTranslationInterceptor.java:152)
            at org.springframework.aop.framework.ReflectiveMethodInvocation.proceed(ReflectiveMethodInvocation.java:186)
            at org.springframework.data.jpa.repository.support.CrudMethodMetadataPostProcessor$CrudMethodMetadataPopulatingMethodInterceptor.invoke(CrudMethodMetadataPostProcessor.java:174)
            at org.springframework.aop.framework.ReflectiveMethodInvocation.proceed(ReflectiveMethodInvocation.java:186)
            at org.springframework.aop.interceptor.ExposeInvocationInterceptor.invoke(ExposeInvocationInterceptor.java:97)
            at org.springframework.aop.framework.ReflectiveMethodInvocation.proceed(ReflectiveMethodInvocation.java:186)
            at org.springframework.aop.framework.JdkDynamicAopProxy.invoke(JdkDynamicAopProxy.java:215)
            at com.sun.proxy.$Proxy142.save(Unknown Source)
            at com.micropay.webcash.services.LoanAccountService.save(LoanAccountService.java:31)
            at com.micropay.webcash.services.LoanManagerService.approveLoan(LoanManagerService.java:308)
            at com.micropay.webcash.services.LoanManagerService$$FastClassBySpringCGLIB$$a10dabe4.invoke(<generated>)
            at org.springframework.cglib.proxy.MethodProxy.invoke(MethodProxy.java:218)
            at org.springframework.aop.framework.CglibAopProxy$CglibMethodInvocation.invokeJoinpoint(CglibAopProxy.java:783)
            at org.springframework.aop.framework.ReflectiveMethodInvocation.proceed(ReflectiveMethodInvocation.java:163)
            at org.springframework.aop.framework.CglibAopProxy$CglibMethodInvocation.proceed(CglibAopProxy.java:753)
            at org.springframework.transaction.interceptor.TransactionInterceptor$1.proceedWithInvocation(TransactionInterceptor.java:123)
            at org.springframework.transaction.interceptor.TransactionAspectSupport.invokeWithinTransaction(TransactionAspectSupport.java:388)
            at org.springframework.transaction.interceptor.TransactionInterceptor.invoke(TransactionInterceptor.java:119)
            at org.springframework.aop.framework.ReflectiveMethodInvocation.proceed(ReflectiveMethodInvocation.java:186)
            at org.springframework.aop.framework.CglibAopProxy$CglibMethodInvocation.proceed(CglibAopProxy.java:753)
            at org.springframework.aop.framework.CglibAopProxy$DynamicAdvisedInterceptor.intercept(CglibAopProxy.java:698)
            at com.micropay.webcash.services.LoanManagerService$$EnhancerBySpringCGLIB$$29f93427.approveLoan(<generated>)
            at com.micropay.webcash.controller.CreditEndpoint.approveLoan(CreditEndpoint.java:65)
            at java.base/jdk.internal.reflect.NativeMethodAccessorImpl.invoke0(Native Method)
            at java.base/jdk.internal.reflect.NativeMethodAccessorImpl.invoke(NativeMethodAccessorImpl.java:62)
            at java.base/jdk.internal.reflect.DelegatingMethodAccessorImpl.invoke(DelegatingMethodAccessorImpl.java:43)
            at java.base/java.lang.reflect.Method.invoke(Method.java:566)
            at org.springframework.web.method.support.InvocableHandlerMethod.doInvoke(InvocableHandlerMethod.java:205)
            at org.springframework.web.method.support.InvocableHandlerMethod.invokeForRequest(InvocableHandlerMethod.java:150)
            at org.springframework.web.servlet.mvc.method.annotation.ServletInvocableHandlerMethod.invokeAndHandle(ServletInvocableHandlerMethod.java:117)
            at org.springframework.web.servlet.mvc.method.annotation.RequestMappingHandlerAdapter.invokeHandlerMethod(RequestMappingHandlerAdapter.java:895)
            at org.springframework.web.servlet.mvc.method.annotation.RequestMappingHandlerAdapter.handleInternal(RequestMappingHandlerAdapter.java:808)
            at org.springframework.web.servlet.mvc.method.AbstractHandlerMethodAdapter.handle(AbstractHandlerMethodAdapter.java:87)
            at org.springframework.web.servlet.DispatcherServlet.doDispatch(DispatcherServlet.java:1067)
            at org.springframework.web.servlet.DispatcherServlet.doService(DispatcherServlet.java:963)
            at org.springframework.web.servlet.FrameworkServlet.processRequest(FrameworkServlet.java:1006)
            at org.springframework.web.servlet.FrameworkServlet.doPost(FrameworkServlet.java:909)
            at javax.servlet.http.HttpServlet.service(HttpServlet.java:681)
            at org.springframework.web.servlet.FrameworkServlet.service(FrameworkServlet.java:883)
            at javax.servlet.http.HttpServlet.service(HttpServlet.java:764)
            at org.apache.catalina.core.ApplicationFilterChain.internalDoFilter(ApplicationFilterChain.java:227)
            at org.apache.catalina.core.ApplicationFilterChain.doFilter(ApplicationFilterChain.java:162)
            at org.apache.tomcat.websocket.server.WsFilter.doFilter(WsFilter.java:53)
            at org.apache.catalina.core.ApplicationFilterChain.internalDoFilter(ApplicationFilterChain.java:189)
            at org.apache.catalina.core.ApplicationFilterChain.doFilter(ApplicationFilterChain.java:162)
            at org.springframework.web.filter.OncePerRequestFilter.doFilter(OncePerRequestFilter.java:111)
            at org.apache.catalina.core.ApplicationFilterChain.internalDoFilter(ApplicationFilterChain.java:189)
            at org.apache.catalina.core.ApplicationFilterChain.doFilter(ApplicationFilterChain.java:162)
            at com.micropay.webcash.security.JWTTokenFilter.doFilterInternal(JWTTokenFilter.java:39)
            at org.springframework.web.filter.OncePerRequestFilter.doFilter(OncePerRequestFilter.java:117)
            at org.apache.catalina.core.ApplicationFilterChain.internalDoFilter(ApplicationFilterChain.java:189)
            at org.apache.catalina.core.ApplicationFilterChain.doFilter(ApplicationFilterChain.java:162)
            at org.springframework.security.web.FilterChainProxy$VirtualFilterChain.doFilter(FilterChainProxy.java:327)
            at org.springframework.security.web.access.intercept.FilterSecurityInterceptor.invoke(FilterSecurityInterceptor.java:115)
            at org.springframework.security.web.access.intercept.FilterSecurityInterceptor.doFilter(FilterSecurityInterceptor.java:81)
            at org.springframework.security.web.FilterChainProxy$VirtualFilterChain.doFilter(FilterChainProxy.java:336)
            at org.springframework.security.web.access.ExceptionTranslationFilter.doFilter(ExceptionTranslationFilter.java:122)
            at org.springframework.security.web.access.ExceptionTranslationFilter.doFilter(ExceptionTranslationFilter.java:116)
            at org.springframework.security.web.FilterChainProxy$VirtualFilterChain.doFilter(FilterChainProxy.java:336)
            at org.springframework.security.web.session.SessionManagementFilter.doFilter(SessionManagementFilter.java:126)
            at org.springframework.security.web.session.SessionManagementFilter.doFilter(SessionManagementFilter.java:81)
            at org.springframework.security.web.FilterChainProxy$VirtualFilterChain.doFilter(FilterChainProxy.java:336)
            at org.springframework.security.web.authentication.AnonymousAuthenticationFilter.doFilter(AnonymousAuthenticationFilter.java:109)
            at org.springframework.security.web.FilterChainProxy$VirtualFilterChain.doFilter(FilterChainProxy.java:336)
            at org.springframework.security.web.servletapi.SecurityContextHolderAwareRequestFilter.doFilter(SecurityContextHolderAwareRequestFilter.java:149)
            at org.springframework.security.web.FilterChainProxy$VirtualFilterChain.doFilter(FilterChainProxy.java:336)
            at org.springframework.security.web.savedrequest.RequestCacheAwareFilter.doFilter(RequestCacheAwareFilter.java:63)
            at org.springframework.security.web.FilterChainProxy$VirtualFilterChain.doFilter(FilterChainProxy.java:336)
            at com.micropay.webcash.security.JWTTokenFilter.doFilterInternal(JWTTokenFilter.java:39)
            at org.springframework.web.filter.OncePerRequestFilter.doFilter(OncePerRequestFilter.java:117)
            at org.springframework.security.web.FilterChainProxy$VirtualFilterChain.doFilter(FilterChainProxy.java:336)
            at org.springframework.security.web.authentication.logout.LogoutFilter.doFilter(LogoutFilter.java:103)
            at org.springframework.security.web.authentication.logout.LogoutFilter.doFilter(LogoutFilter.java:89)
            at org.springframework.security.web.FilterChainProxy$VirtualFilterChain.doFilter(FilterChainProxy.java:336)
            at org.springframework.web.filter.CorsFilter.doFilterInternal(CorsFilter.java:91)
            at org.springframework.web.filter.OncePerRequestFilter.doFilter(OncePerRequestFilter.java:117)
            at org.springframework.security.web.FilterChainProxy$VirtualFilterChain.doFilter(FilterChainProxy.java:336)
            at org.springframework.security.web.header.HeaderWriterFilter.doHeadersAfter(HeaderWriterFilter.java:90)
            at org.springframework.security.web.header.HeaderWriterFilter.doFilterInternal(HeaderWriterFilter.java:75)
            at org.springframework.web.filter.OncePerRequestFilter.doFilter(OncePerRequestFilter.java:117)
            at org.springframework.security.web.FilterChainProxy$VirtualFilterChain.doFilter(FilterChainProxy.java:336)
            at org.springframework.security.web.context.SecurityContextPersistenceFilter.doFilter(SecurityContextPersistenceFilter.java:110)
            at org.springframework.security.web.context.SecurityContextPersistenceFilter.doFilter(SecurityContextPersistenceFilter.java:80)
            at org.springframework.security.web.FilterChainProxy$VirtualFilterChain.doFilter(FilterChainProxy.java:336)
            at org.springframework.security.web.context.request.async.WebAsyncManagerIntegrationFilter.doFilterInternal(WebAsyncManagerIntegrationFilter.java:55)
            at org.springframework.web.filter.OncePerRequestFilter.doFilter(OncePerRequestFilter.java:117)
            at org.springframework.security.web.FilterChainProxy$VirtualFilterChain.doFilter(FilterChainProxy.java:336)
            at org.springframework.security.web.FilterChainProxy.doFilterInternal(FilterChainProxy.java:211)
            at org.springframework.security.web.FilterChainProxy.doFilter(FilterChainProxy.java:183)
            at org.springframework.web.filter.DelegatingFilterProxy.invokeDelegate(DelegatingFilterProxy.java:354)
            at org.springframework.web.filter.DelegatingFilterProxy.doFilter(DelegatingFilterProxy.java:267)
            at org.apache.catalina.core.ApplicationFilterChain.internalDoFilter(ApplicationFilterChain.java:189)
            at org.apache.catalina.core.ApplicationFilterChain.doFilter(ApplicationFilterChain.java:162)
            at org.springframework.web.filter.CharacterEncodingFilter.doFilterInternal(CharacterEncodingFilter.java:201)
            at org.springframework.web.filter.OncePerRequestFilter.doFilter(OncePerRequestFilter.java:117)
            at org.apache.catalina.core.ApplicationFilterChain.internalDoFilter(ApplicationFilterChain.java:189)
            at org.apache.catalina.core.ApplicationFilterChain.doFilter(ApplicationFilterChain.java:162)
            at org.apache.catalina.core.StandardWrapperValve.invoke(StandardWrapperValve.java:197)
            at org.apache.catalina.core.StandardContextValve.invoke(StandardContextValve.java:97)
            at org.apache.catalina.authenticator.AuthenticatorBase.invoke(AuthenticatorBase.java:540)
            at org.apache.catalina.core.StandardHostValve.invoke(StandardHostValve.java:135)
            at org.apache.catalina.valves.ErrorReportValve.invoke(ErrorReportValve.java:92)
            at org.apache.catalina.core.StandardEngineValve.invoke(StandardEngineValve.java:78)
            at org.apache.catalina.connector.CoyoteAdapter.service(CoyoteAdapter.java:357)
            at org.apache.coyote.http11.Http11Processor.service(Http11Processor.java:382)
            at org.apache.coyote.AbstractProcessorLight.process(AbstractProcessorLight.java:65)
            at org.apache.coyote.AbstractProtocol$ConnectionHandler.process(AbstractProtocol.java:895)
            at org.apache.tomcat.util.net.NioEndpoint$SocketProcessor.doRun(NioEndpoint.java:1732)
            at org.apache.tomcat.util.net.SocketProcessorBase.run(SocketProcessorBase.java:49)
            at org.apache.tomcat.util.threads.ThreadPoolExecutor.runWorker(ThreadPoolExecutor.java:1191)
            at org.apache.tomcat.util.threads.ThreadPoolExecutor$Worker.run(ThreadPoolExecutor.java:659)
            at org.apache.tomcat.util.threads.TaskThread$WrappingRunnable.run(TaskThread.java:61)
            at java.base/java.lang.Thread.run(Thread.java:834)
        </stacktrace>
    </error>
</event>
<event realm="glyde" datetime="Sat Jan 22 13:58:21 EAT 2022">
    <info>CreditApp(id=6, creditType=string, startDate=Sat Jan 22 03:00:00 EAT 2022, endDate=Sat Jan 22 03:00:00 EAT 2022, repayTerm=12, repayPeriod=Month, nextPmtAmt=0, status=Active, custId=1, createdBy=string, createDate=Sat Jan 22 03:00:00 EAT 2022, modifiedBy=GP0001, modifiedDate=Sat Jan 22 03:00:00 EAT 2022, rowVersion=0, applAmt=1000000)</info>
</event>
<event realm="glyde" datetime="Sat Jan 22 14:01:16 EAT 2022">
    <info>CreditApp(id=6, creditType=string, startDate=Sat Jan 22 03:00:00 EAT 2022, endDate=Sat Jan 22 03:00:00 EAT 2022, repayTerm=12, repayPeriod=Month, nextPmtAmt=0, status=Active, custId=1, createdBy=string, createDate=Sat Jan 22 03:00:00 EAT 2022, modifiedBy=GP0001, modifiedDate=Sat Jan 22 03:00:00 EAT 2022, rowVersion=0, applAmt=1000000)</info>
</event>
<event realm="glyde" datetime="Sat Jan 22 14:01:16 EAT 2022">
    <error>
        <class>DataIntegrityViolationException</class>
        <message>[ not-null property references a null or transient value : com.micropay.webcash.entity.LoanAccount.endDate; nested exception is org.hibernate.PropertyValueException: not-null property references a null or transient value : com.micropay.webcash.entity.LoanAccount.endDate ]</message>
        <stacktrace>
            at org.springframework.orm.jpa.vendor.HibernateJpaDialect.convertHibernateAccessException(HibernateJpaDialect.java:294)
            at org.springframework.orm.jpa.vendor.HibernateJpaDialect.translateExceptionIfPossible(HibernateJpaDialect.java:233)
            at org.springframework.orm.jpa.JpaTransactionManager.doCommit(JpaTransactionManager.java:566)
            at org.springframework.transaction.support.AbstractPlatformTransactionManager.processCommit(AbstractPlatformTransactionManager.java:743)
            at org.springframework.transaction.support.AbstractPlatformTransactionManager.commit(AbstractPlatformTransactionManager.java:711)
            at org.springframework.transaction.interceptor.TransactionAspectSupport.commitTransactionAfterReturning(TransactionAspectSupport.java:654)
            at org.springframework.transaction.interceptor.TransactionAspectSupport.invokeWithinTransaction(TransactionAspectSupport.java:407)
            at org.springframework.transaction.interceptor.TransactionInterceptor.invoke(TransactionInterceptor.java:119)
            at org.springframework.aop.framework.ReflectiveMethodInvocation.proceed(ReflectiveMethodInvocation.java:186)
            at org.springframework.aop.framework.CglibAopProxy$CglibMethodInvocation.proceed(CglibAopProxy.java:753)
            at org.springframework.aop.framework.CglibAopProxy$DynamicAdvisedInterceptor.intercept(CglibAopProxy.java:698)
            at com.micropay.webcash.services.LoanManagerService$$EnhancerBySpringCGLIB$$3b93b0f2.approveLoan(<generated>)
            at com.micropay.webcash.controller.CreditEndpoint.approveLoan(CreditEndpoint.java:65)
            at java.base/jdk.internal.reflect.NativeMethodAccessorImpl.invoke0(Native Method)
            at java.base/jdk.internal.reflect.NativeMethodAccessorImpl.invoke(NativeMethodAccessorImpl.java:62)
            at java.base/jdk.internal.reflect.DelegatingMethodAccessorImpl.invoke(DelegatingMethodAccessorImpl.java:43)
            at java.base/java.lang.reflect.Method.invoke(Method.java:566)
            at org.springframework.web.method.support.InvocableHandlerMethod.doInvoke(InvocableHandlerMethod.java:205)
            at org.springframework.web.method.support.InvocableHandlerMethod.invokeForRequest(InvocableHandlerMethod.java:150)
            at org.springframework.web.servlet.mvc.method.annotation.ServletInvocableHandlerMethod.invokeAndHandle(ServletInvocableHandlerMethod.java:117)
            at org.springframework.web.servlet.mvc.method.annotation.RequestMappingHandlerAdapter.invokeHandlerMethod(RequestMappingHandlerAdapter.java:895)
            at org.springframework.web.servlet.mvc.method.annotation.RequestMappingHandlerAdapter.handleInternal(RequestMappingHandlerAdapter.java:808)
            at org.springframework.web.servlet.mvc.method.AbstractHandlerMethodAdapter.handle(AbstractHandlerMethodAdapter.java:87)
            at org.springframework.web.servlet.DispatcherServlet.doDispatch(DispatcherServlet.java:1067)
            at org.springframework.web.servlet.DispatcherServlet.doService(DispatcherServlet.java:963)
            at org.springframework.web.servlet.FrameworkServlet.processRequest(FrameworkServlet.java:1006)
            at org.springframework.web.servlet.FrameworkServlet.doPost(FrameworkServlet.java:909)
            at javax.servlet.http.HttpServlet.service(HttpServlet.java:681)
            at org.springframework.web.servlet.FrameworkServlet.service(FrameworkServlet.java:883)
            at javax.servlet.http.HttpServlet.service(HttpServlet.java:764)
            at org.apache.catalina.core.ApplicationFilterChain.internalDoFilter(ApplicationFilterChain.java:227)
            at org.apache.catalina.core.ApplicationFilterChain.doFilter(ApplicationFilterChain.java:162)
            at org.apache.tomcat.websocket.server.WsFilter.doFilter(WsFilter.java:53)
            at org.apache.catalina.core.ApplicationFilterChain.internalDoFilter(ApplicationFilterChain.java:189)
            at org.apache.catalina.core.ApplicationFilterChain.doFilter(ApplicationFilterChain.java:162)
            at org.springframework.web.filter.OncePerRequestFilter.doFilter(OncePerRequestFilter.java:111)
            at org.apache.catalina.core.ApplicationFilterChain.internalDoFilter(ApplicationFilterChain.java:189)
            at org.apache.catalina.core.ApplicationFilterChain.doFilter(ApplicationFilterChain.java:162)
            at com.micropay.webcash.security.JWTTokenFilter.doFilterInternal(JWTTokenFilter.java:39)
            at org.springframework.web.filter.OncePerRequestFilter.doFilter(OncePerRequestFilter.java:117)
            at org.apache.catalina.core.ApplicationFilterChain.internalDoFilter(ApplicationFilterChain.java:189)
            at org.apache.catalina.core.ApplicationFilterChain.doFilter(ApplicationFilterChain.java:162)
            at org.springframework.security.web.FilterChainProxy$VirtualFilterChain.doFilter(FilterChainProxy.java:327)
            at org.springframework.security.web.access.intercept.FilterSecurityInterceptor.invoke(FilterSecurityInterceptor.java:115)
            at org.springframework.security.web.access.intercept.FilterSecurityInterceptor.doFilter(FilterSecurityInterceptor.java:81)
            at org.springframework.security.web.FilterChainProxy$VirtualFilterChain.doFilter(FilterChainProxy.java:336)
            at org.springframework.security.web.access.ExceptionTranslationFilter.doFilter(ExceptionTranslationFilter.java:122)
            at org.springframework.security.web.access.ExceptionTranslationFilter.doFilter(ExceptionTranslationFilter.java:116)
            at org.springframework.security.web.FilterChainProxy$VirtualFilterChain.doFilter(FilterChainProxy.java:336)
            at org.springframework.security.web.session.SessionManagementFilter.doFilter(SessionManagementFilter.java:126)
            at org.springframework.security.web.session.SessionManagementFilter.doFilter(SessionManagementFilter.java:81)
            at org.springframework.security.web.FilterChainProxy$VirtualFilterChain.doFilter(FilterChainProxy.java:336)
            at org.springframework.security.web.authentication.AnonymousAuthenticationFilter.doFilter(AnonymousAuthenticationFilter.java:109)
            at org.springframework.security.web.FilterChainProxy$VirtualFilterChain.doFilter(FilterChainProxy.java:336)
            at org.springframework.security.web.servletapi.SecurityContextHolderAwareRequestFilter.doFilter(SecurityContextHolderAwareRequestFilter.java:149)
            at org.springframework.security.web.FilterChainProxy$VirtualFilterChain.doFilter(FilterChainProxy.java:336)
            at org.springframework.security.web.savedrequest.RequestCacheAwareFilter.doFilter(RequestCacheAwareFilter.java:63)
            at org.springframework.security.web.FilterChainProxy$VirtualFilterChain.doFilter(FilterChainProxy.java:336)
            at com.micropay.webcash.security.JWTTokenFilter.doFilterInternal(JWTTokenFilter.java:39)
            at org.springframework.web.filter.OncePerRequestFilter.doFilter(OncePerRequestFilter.java:117)
            at org.springframework.security.web.FilterChainProxy$VirtualFilterChain.doFilter(FilterChainProxy.java:336)
            at org.springframework.security.web.authentication.logout.LogoutFilter.doFilter(LogoutFilter.java:103)
            at org.springframework.security.web.authentication.logout.LogoutFilter.doFilter(LogoutFilter.java:89)
            at org.springframework.security.web.FilterChainProxy$VirtualFilterChain.doFilter(FilterChainProxy.java:336)
            at org.springframework.web.filter.CorsFilter.doFilterInternal(CorsFilter.java:91)
            at org.springframework.web.filter.OncePerRequestFilter.doFilter(OncePerRequestFilter.java:117)
            at org.springframework.security.web.FilterChainProxy$VirtualFilterChain.doFilter(FilterChainProxy.java:336)
            at org.springframework.security.web.header.HeaderWriterFilter.doHeadersAfter(HeaderWriterFilter.java:90)
            at org.springframework.security.web.header.HeaderWriterFilter.doFilterInternal(HeaderWriterFilter.java:75)
            at org.springframework.web.filter.OncePerRequestFilter.doFilter(OncePerRequestFilter.java:117)
            at org.springframework.security.web.FilterChainProxy$VirtualFilterChain.doFilter(FilterChainProxy.java:336)
            at org.springframework.security.web.context.SecurityContextPersistenceFilter.doFilter(SecurityContextPersistenceFilter.java:110)
            at org.springframework.security.web.context.SecurityContextPersistenceFilter.doFilter(SecurityContextPersistenceFilter.java:80)
            at org.springframework.security.web.FilterChainProxy$VirtualFilterChain.doFilter(FilterChainProxy.java:336)
            at org.springframework.security.web.context.request.async.WebAsyncManagerIntegrationFilter.doFilterInternal(WebAsyncManagerIntegrationFilter.java:55)
            at org.springframework.web.filter.OncePerRequestFilter.doFilter(OncePerRequestFilter.java:117)
            at org.springframework.security.web.FilterChainProxy$VirtualFilterChain.doFilter(FilterChainProxy.java:336)
            at org.springframework.security.web.FilterChainProxy.doFilterInternal(FilterChainProxy.java:211)
            at org.springframework.security.web.FilterChainProxy.doFilter(FilterChainProxy.java:183)
            at org.springframework.web.filter.DelegatingFilterProxy.invokeDelegate(DelegatingFilterProxy.java:354)
            at org.springframework.web.filter.DelegatingFilterProxy.doFilter(DelegatingFilterProxy.java:267)
            at org.apache.catalina.core.ApplicationFilterChain.internalDoFilter(ApplicationFilterChain.java:189)
            at org.apache.catalina.core.ApplicationFilterChain.doFilter(ApplicationFilterChain.java:162)
            at org.springframework.web.filter.CharacterEncodingFilter.doFilterInternal(CharacterEncodingFilter.java:201)
            at org.springframework.web.filter.OncePerRequestFilter.doFilter(OncePerRequestFilter.java:117)
            at org.apache.catalina.core.ApplicationFilterChain.internalDoFilter(ApplicationFilterChain.java:189)
            at org.apache.catalina.core.ApplicationFilterChain.doFilter(ApplicationFilterChain.java:162)
            at org.apache.catalina.core.StandardWrapperValve.invoke(StandardWrapperValve.java:197)
            at org.apache.catalina.core.StandardContextValve.invoke(StandardContextValve.java:97)
            at org.apache.catalina.authenticator.AuthenticatorBase.invoke(AuthenticatorBase.java:540)
            at org.apache.catalina.core.StandardHostValve.invoke(StandardHostValve.java:135)
            at org.apache.catalina.valves.ErrorReportValve.invoke(ErrorReportValve.java:92)
            at org.apache.catalina.core.StandardEngineValve.invoke(StandardEngineValve.java:78)
            at org.apache.catalina.connector.CoyoteAdapter.service(CoyoteAdapter.java:357)
            at org.apache.coyote.http11.Http11Processor.service(Http11Processor.java:382)
            at org.apache.coyote.AbstractProcessorLight.process(AbstractProcessorLight.java:65)
            at org.apache.coyote.AbstractProtocol$ConnectionHandler.process(AbstractProtocol.java:895)
            at org.apache.tomcat.util.net.NioEndpoint$SocketProcessor.doRun(NioEndpoint.java:1732)
            at org.apache.tomcat.util.net.SocketProcessorBase.run(SocketProcessorBase.java:49)
            at org.apache.tomcat.util.threads.ThreadPoolExecutor.runWorker(ThreadPoolExecutor.java:1191)
            at org.apache.tomcat.util.threads.ThreadPoolExecutor$Worker.run(ThreadPoolExecutor.java:659)
            at org.apache.tomcat.util.threads.TaskThread$WrappingRunnable.run(TaskThread.java:61)
            at java.base/java.lang.Thread.run(Thread.java:834)
        </stacktrace>
    </error>
</event>
<event realm="glyde" datetime="Sat Jan 22 14:02:09 EAT 2022">
    <info>CreditApp(id=6, creditType=string, startDate=Sat Jan 22 03:00:00 EAT 2022, endDate=Sat Jan 22 03:00:00 EAT 2022, repayTerm=12, repayPeriod=Month, nextPmtAmt=0, status=Active, custId=1, createdBy=string, createDate=Sat Jan 22 03:00:00 EAT 2022, modifiedBy=GP0001, modifiedDate=Sat Jan 22 03:00:00 EAT 2022, rowVersion=0, applAmt=1000000)</info>
</event>
<event realm="glyde" datetime="Sat Jan 22 14:03:48 EAT 2022">
    <info>CreditApp(id=6, creditType=string, startDate=Sat Jan 22 03:00:00 EAT 2022, endDate=Sat Jan 22 03:00:00 EAT 2022, repayTerm=12, repayPeriod=Month, nextPmtAmt=0, status=Active, custId=1, createdBy=string, createDate=Sat Jan 22 03:00:00 EAT 2022, modifiedBy=GP0001, modifiedDate=Sat Jan 22 03:00:00 EAT 2022, rowVersion=0, applAmt=1000000)</info>
</event>
